[0.536s] Invoking command in '/home/charan-kasturi/turtlesim_project/src/spawner': PYTHONPATH=/home/charan-kasturi/turtlesim_project/build/spawner/prefix_override:/usr/lib/python3/dist-packages/colcon_core/task/python/colcon_distutils_commands:/home/charan-kasturi/turtlesim_project/install/spawner/lib/python3.10/site-packages:${PYTHONPATH} /usr/bin/python3 -W ignore:setup.py install is deprecated -W ignore:easy_install command is deprecated setup.py egg_info --egg-base ../../build/spawner build --build-base /home/charan-kasturi/turtlesim_project/build/spawner/build install --record /home/charan-kasturi/turtlesim_project/build/spawner/install.log --single-version-externally-managed install_data
[0.696s] running egg_info
[0.697s] writing ../../build/spawner/spawner.egg-info/PKG-INFO
[0.697s] writing dependency_links to ../../build/spawner/spawner.egg-info/dependency_links.txt
[0.697s] writing entry points to ../../build/spawner/spawner.egg-info/entry_points.txt
[0.697s] writing requirements to ../../build/spawner/spawner.egg-info/requires.txt
[0.697s] writing top-level names to ../../build/spawner/spawner.egg-info/top_level.txt
[0.698s] reading manifest file '../../build/spawner/spawner.egg-info/SOURCES.txt'
[0.699s] writing manifest file '../../build/spawner/spawner.egg-info/SOURCES.txt'
[0.699s] running build
[0.699s] running build_py
[0.699s] running install
[0.699s] running install_lib
[0.699s] running install_data
[0.699s] running install_egg_info
[0.700s] removing '/home/charan-kasturi/turtlesim_project/install/spawner/lib/python3.10/site-packages/spawner-0.0.0-py3.10.egg-info' (and everything under it)
[0.701s] Copying ../../build/spawner/spawner.egg-info to /home/charan-kasturi/turtlesim_project/install/spawner/lib/python3.10/site-packages/spawner-0.0.0-py3.10.egg-info
[0.701s] running install_scripts
[0.716s] Installing spawn script to /home/charan-kasturi/turtlesim_project/install/spawner/lib/spawner
[0.717s] writing list of installed files to '/home/charan-kasturi/turtlesim_project/build/spawner/install.log'
[0.738s] Invoked command in '/home/charan-kasturi/turtlesim_project/src/spawner' returned '0': PYTHONPATH=/home/charan-kasturi/turtlesim_project/build/spawner/prefix_override:/usr/lib/python3/dist-packages/colcon_core/task/python/colcon_distutils_commands:/home/charan-kasturi/turtlesim_project/install/spawner/lib/python3.10/site-packages:${PYTHONPATH} /usr/bin/python3 -W ignore:setup.py install is deprecated -W ignore:easy_install command is deprecated setup.py egg_info --egg-base ../../build/spawner build --build-base /home/charan-kasturi/turtlesim_project/build/spawner/build install --record /home/charan-kasturi/turtlesim_project/build/spawner/install.log --single-version-externally-managed install_data
