[0.011s] Invoking command in '/home/charan-kasturi/turtlesim_project/build/custom_interfaces': CMAKE_PREFIX_PATH=${CMAKE_PREFIX_PATH}:/home/charan-kasturi/turtlesim_project/install/spawner:/home/charan-kasturi/turtlesim_project/install/controller:/home/charan-kasturi/sub_and_pub/install/subscriber:/home/charan-kasturi/sub_and_pub/install/publisher:/home/charan-kasturi/custom_msg/install/led:/home/charan-kasturi/custom_msg/install/custom:/home/charan-kasturi/custom_msg/install/battery:/home/charan-kasturi/client_and_server/install/server:/home/charan-kasturi/client_and_server/install/client:/home/charan-kasturi/install/subscriber:/home/charan-kasturi/install/server:/home/charan-kasturi/install/py_pkg:/home/charan-kasturi/install/publisher:/home/charan-kasturi/install/client:/home/charan-kasturi/ros2_ws/install/py_pkg:/opt/ros/humble /usr/bin/cmake --build /home/charan-kasturi/turtlesim_project/build/custom_interfaces -- -j20 -l20
[0.028s] -- Found ament_cmake: 1.3.10 (/opt/ros/humble/share/ament_cmake/cmake)
[0.117s] -- Found rosidl_default_generators: 1.2.0 (/opt/ros/humble/share/rosidl_default_generators/cmake)
[0.119s] -- Using all available rosidl_typesupport_c: rosidl_typesupport_fastrtps_c;rosidl_typesupport_introspection_c
[0.121s] -- Found rosidl_adapter: 3.1.5 (/opt/ros/humble/share/rosidl_adapter/cmake)
[0.137s] -- Using all available rosidl_typesupport_cpp: rosidl_typesupport_fastrtps_cpp;rosidl_typesupport_introspection_cpp
[0.369s] -- Found ament_cmake_ros: 0.10.0 (/opt/ros/humble/share/ament_cmake_ros/cmake)
[0.524s] -- Using all available rosidl_typesupport_c: rosidl_typesupport_fastrtps_c;rosidl_typesupport_introspection_c
[0.708s] -- Using all available rosidl_typesupport_cpp: rosidl_typesupport_fastrtps_cpp;rosidl_typesupport_introspection_cpp
[0.724s] -- Found python_cmake_module: 0.10.0 (/opt/ros/humble/share/python_cmake_module/cmake)
[0.739s] -- Using PYTHON_EXECUTABLE: /usr/bin/python3
[0.739s] -- Using PYTHON_INCLUDE_DIRS: /usr/include/python3.10
[0.739s] -- Using PYTHON_LIBRARIES: /usr/lib/x86_64-linux-gnu/libpython3.10.so
[0.749s] -- Configuring done
[0.763s] -- Generating done
[0.769s] -- Build files have been written to: /home/charan-kasturi/turtlesim_project/build/custom_interfaces
[0.788s] [  2%] [34m[1mGenerating C code for ROS interfaces[0m
[0.793s] [  5%] [34m[1mGenerating C++ code for ROS interfaces[0m
[0.801s] [  5%] Built target ament_cmake_python_copy_custom_interfaces
[0.989s] running egg_info
[0.990s] writing custom_interfaces.egg-info/PKG-INFO
[0.990s] writing dependency_links to custom_interfaces.egg-info/dependency_links.txt
[0.990s] writing top-level names to custom_interfaces.egg-info/top_level.txt
[0.992s] reading manifest file 'custom_interfaces.egg-info/SOURCES.txt'
[0.992s] writing manifest file 'custom_interfaces.egg-info/SOURCES.txt'
[1.008s] [35m[1mConsolidate compiler generated dependencies of target custom_interfaces__rosidl_generator_c[0m
[1.015s] [  5%] Built target ament_cmake_python_build_custom_interfaces_egg
[1.019s] [  7%] [32mBuilding C object CMakeFiles/custom_interfaces__rosidl_generator_c.dir/rosidl_generator_c/custom_interfaces/msg/detail/pose_list__functions.c.o[0m
[1.019s] [ 10%] [32mBuilding C object CMakeFiles/custom_interfaces__rosidl_generator_c.dir/rosidl_generator_c/custom_interfaces/msg/detail/new_turtle_pose__functions.c.o[0m
[1.026s] [ 10%] Built target custom_interfaces__cpp
[1.034s] [ 12%] [34m[1mGenerating C++ type support for eProsima Fast-RTPS[0m
[1.035s] [ 15%] [34m[1mGenerating C++ introspection for ROS interfaces[0m
[1.036s] [ 17%] [34m[1mGenerating C++ type support dispatch for ROS interfaces[0m
[1.067s] [ 20%] [32m[1mLinking C shared library libcustom_interfaces__rosidl_generator_c.so[0m
[1.106s] [ 20%] Built target custom_interfaces__rosidl_generator_c
[1.117s] [ 23%] [34m[1mGenerating C introspection for ROS interfaces[0m
[1.117s] [ 25%] [34m[1mGenerating C type support dispatch for ROS interfaces[0m
[1.117s] [ 28%] [34m[1mGenerating C type support for eProsima Fast-RTPS[0m
[1.253s] [35m[1mConsolidate compiler generated dependencies of target custom_interfaces__rosidl_typesupport_cpp[0m
[1.267s] [ 30%] [32mBuilding CXX object CMakeFiles/custom_interfaces__rosidl_typesupport_cpp.dir/rosidl_typesupport_cpp/custom_interfaces/msg/pose_list__type_support.cpp.o[0m
[1.268s] [ 33%] [32mBuilding CXX object CMakeFiles/custom_interfaces__rosidl_typesupport_cpp.dir/rosidl_typesupport_cpp/custom_interfaces/msg/new_turtle_pose__type_support.cpp.o[0m
[1.270s] [35m[1mConsolidate compiler generated dependencies of target custom_interfaces__rosidl_typesupport_introspection_cpp[0m
[1.282s] [ 35%] [32mBuilding CXX object CMakeFiles/custom_interfaces__rosidl_typesupport_introspection_cpp.dir/rosidl_typesupport_introspection_cpp/custom_interfaces/msg/detail/new_turtle_pose__type_support.cpp.o[0m
[1.284s] [35m[1mConsolidate compiler generated dependencies of target custom_interfaces__rosidl_typesupport_fastrtps_cpp[0m
[1.285s] [ 38%] [32mBuilding CXX object CMakeFiles/custom_interfaces__rosidl_typesupport_introspection_cpp.dir/rosidl_typesupport_introspection_cpp/custom_interfaces/msg/detail/pose_list__type_support.cpp.o[0m
[1.295s] [ 41%] [32mBuilding CXX object CMakeFiles/custom_interfaces__rosidl_typesupport_fastrtps_cpp.dir/rosidl_typesupport_fastrtps_cpp/custom_interfaces/msg/detail/dds_fastrtps/pose_list__type_support.cpp.o[0m
[1.298s] [ 43%] [32mBuilding CXX object CMakeFiles/custom_interfaces__rosidl_typesupport_fastrtps_cpp.dir/rosidl_typesupport_fastrtps_cpp/custom_interfaces/msg/detail/dds_fastrtps/new_turtle_pose__type_support.cpp.o[0m
[1.373s] [ 48%] [32mBuilding CXX object CMakeFiles/custom_interfaces__rosidl_typesupport_c.dir/rosidl_typesupport_c/custom_interfaces/msg/new_turtle_pose__type_support.cpp.o[0m
[1.373s] [ 48%] [32mBuilding CXX object CMakeFiles/custom_interfaces__rosidl_typesupport_c.dir/rosidl_typesupport_c/custom_interfaces/msg/pose_list__type_support.cpp.o[0m
[1.387s] [ 51%] [32mBuilding C object CMakeFiles/custom_interfaces__rosidl_typesupport_introspection_c.dir/rosidl_typesupport_introspection_c/custom_interfaces/msg/detail/new_turtle_pose__type_support.c.o[0m
[1.387s] [ 53%] [32mBuilding C object CMakeFiles/custom_interfaces__rosidl_typesupport_introspection_c.dir/rosidl_typesupport_introspection_c/custom_interfaces/msg/detail/pose_list__type_support.c.o[0m
[1.401s] [ 58%] [32mBuilding CXX object CMakeFiles/custom_interfaces__rosidl_typesupport_fastrtps_c.dir/rosidl_typesupport_fastrtps_c/custom_interfaces/msg/detail/pose_list__type_support_c.cpp.o[0m
[1.401s] [ 58%] [32mBuilding CXX object CMakeFiles/custom_interfaces__rosidl_typesupport_fastrtps_c.dir/rosidl_typesupport_fastrtps_c/custom_interfaces/msg/detail/new_turtle_pose__type_support_c.cpp.o[0m
[1.411s] [ 61%] [32m[1mLinking CXX shared library libcustom_interfaces__rosidl_typesupport_c.so[0m
[1.428s] [ 64%] [32m[1mLinking C shared library libcustom_interfaces__rosidl_typesupport_introspection_c.so[0m
[1.454s] [ 64%] Built target custom_interfaces__rosidl_typesupport_c
[1.464s] [ 64%] Built target custom_interfaces__rosidl_typesupport_introspection_c
[1.580s] [ 66%] [32m[1mLinking CXX shared library libcustom_interfaces__rosidl_typesupport_cpp.so[0m
[1.630s] [ 66%] Built target custom_interfaces__rosidl_typesupport_cpp
[1.674s] [ 69%] [32m[1mLinking CXX shared library libcustom_interfaces__rosidl_typesupport_introspection_cpp.so[0m
[1.689s] [ 71%] [32m[1mLinking CXX shared library libcustom_interfaces__rosidl_typesupport_fastrtps_cpp.so[0m
[1.728s] [ 71%] Built target custom_interfaces__rosidl_typesupport_introspection_cpp
[1.736s] [ 71%] Built target custom_interfaces__rosidl_typesupport_fastrtps_cpp
[1.741s] [ 74%] [32m[1mLinking CXX shared library libcustom_interfaces__rosidl_typesupport_fastrtps_c.so[0m
[1.790s] [ 74%] Built target custom_interfaces__rosidl_typesupport_fastrtps_c
[1.807s] [ 74%] Built target custom_interfaces
[1.830s] [ 76%] [34m[1mGenerating Python code for ROS interfaces[0m
[2.098s] [ 76%] Built target custom_interfaces__py
[2.112s] [ 79%] [32mBuilding C object CMakeFiles/custom_interfaces__rosidl_generator_py.dir/rosidl_generator_py/custom_interfaces/msg/_new_turtle_pose_s.c.o[0m
[2.115s] [ 82%] [32mBuilding C object CMakeFiles/custom_interfaces__rosidl_generator_py.dir/rosidl_generator_py/custom_interfaces/msg/_pose_list_s.c.o[0m
[2.187s] [ 84%] [32m[1mLinking C shared library rosidl_generator_py/custom_interfaces/libcustom_interfaces__rosidl_generator_py.so[0m
[2.214s] [ 84%] Built target custom_interfaces__rosidl_generator_py
[2.230s] [ 87%] [32mBuilding C object CMakeFiles/custom_interfaces__rosidl_typesupport_c__pyext.dir/rosidl_generator_py/custom_interfaces/_custom_interfaces_s.ep.rosidl_typesupport_c.c.o[0m
[2.231s] [ 89%] [32mBuilding C object CMakeFiles/custom_interfaces__rosidl_typesupport_introspection_c__pyext.dir/rosidl_generator_py/custom_interfaces/_custom_interfaces_s.ep.rosidl_typesupport_introspection_c.c.o[0m
[2.231s] [ 92%] [32mBuilding C object CMakeFiles/custom_interfaces__rosidl_typesupport_fastrtps_c__pyext.dir/rosidl_generator_py/custom_interfaces/_custom_interfaces_s.ep.rosidl_typesupport_fastrtps_c.c.o[0m
[2.302s] [100%] [32m[1mLinking C shared library rosidl_generator_py/custom_interfaces/custom_interfaces_s__rosidl_typesupport_fastrtps_c.cpython-310-x86_64-linux-gnu.so[0m
[2.303s] [100%] [32m[1mLinking C shared library rosidl_generator_py/custom_interfaces/custom_interfaces_s__rosidl_typesupport_introspection_c.cpython-310-x86_64-linux-gnu.so[0m
[2.303s] [100%] [32m[1mLinking C shared library rosidl_generator_py/custom_interfaces/custom_interfaces_s__rosidl_typesupport_c.cpython-310-x86_64-linux-gnu.so[0m
[2.327s] [100%] Built target custom_interfaces__rosidl_typesupport_c__pyext
[2.329s] [100%] Built target custom_interfaces__rosidl_typesupport_fastrtps_c__pyext
[2.330s] [100%] Built target custom_interfaces__rosidl_typesupport_introspection_c__pyext
[2.338s] Invoked command in '/home/charan-kasturi/turtlesim_project/build/custom_interfaces' returned '0': CMAKE_PREFIX_PATH=${CMAKE_PREFIX_PATH}:/home/charan-kasturi/turtlesim_project/install/spawner:/home/charan-kasturi/turtlesim_project/install/controller:/home/charan-kasturi/sub_and_pub/install/subscriber:/home/charan-kasturi/sub_and_pub/install/publisher:/home/charan-kasturi/custom_msg/install/led:/home/charan-kasturi/custom_msg/install/custom:/home/charan-kasturi/custom_msg/install/battery:/home/charan-kasturi/client_and_server/install/server:/home/charan-kasturi/client_and_server/install/client:/home/charan-kasturi/install/subscriber:/home/charan-kasturi/install/server:/home/charan-kasturi/install/py_pkg:/home/charan-kasturi/install/publisher:/home/charan-kasturi/install/client:/home/charan-kasturi/ros2_ws/install/py_pkg:/opt/ros/humble /usr/bin/cmake --build /home/charan-kasturi/turtlesim_project/build/custom_interfaces -- -j20 -l20
[2.347s] Invoking command in '/home/charan-kasturi/turtlesim_project/build/custom_interfaces': CMAKE_PREFIX_PATH=${CMAKE_PREFIX_PATH}:/home/charan-kasturi/turtlesim_project/install/spawner:/home/charan-kasturi/turtlesim_project/install/controller:/home/charan-kasturi/sub_and_pub/install/subscriber:/home/charan-kasturi/sub_and_pub/install/publisher:/home/charan-kasturi/custom_msg/install/led:/home/charan-kasturi/custom_msg/install/custom:/home/charan-kasturi/custom_msg/install/battery:/home/charan-kasturi/client_and_server/install/server:/home/charan-kasturi/client_and_server/install/client:/home/charan-kasturi/install/subscriber:/home/charan-kasturi/install/server:/home/charan-kasturi/install/py_pkg:/home/charan-kasturi/install/publisher:/home/charan-kasturi/install/client:/home/charan-kasturi/ros2_ws/install/py_pkg:/opt/ros/humble /usr/bin/cmake --install /home/charan-kasturi/turtlesim_project/build/custom_interfaces
[2.351s] -- Install configuration: ""
[2.352s] -- Installing: /home/charan-kasturi/turtlesim_project/install/custom_interfaces/share/ament_index/resource_index/rosidl_interfaces/custom_interfaces
[2.352s] -- Installing: /home/charan-kasturi/turtlesim_project/install/custom_interfaces/include/custom_interfaces/custom_interfaces
[2.352s] -- Installing: /home/charan-kasturi/turtlesim_project/install/custom_interfaces/include/custom_interfaces/custom_interfaces/msg
[2.352s] -- Installing: /home/charan-kasturi/turtlesim_project/install/custom_interfaces/include/custom_interfaces/custom_interfaces/msg/detail
[2.352s] -- Installing: /home/charan-kasturi/turtlesim_project/install/custom_interfaces/include/custom_interfaces/custom_interfaces/msg/detail/new_turtle_pose__struct.h
[2.352s] -- Installing: /home/charan-kasturi/turtlesim_project/install/custom_interfaces/include/custom_interfaces/custom_interfaces/msg/detail/new_turtle_pose__functions.c
[2.352s] -- Installing: /home/charan-kasturi/turtlesim_project/install/custom_interfaces/include/custom_interfaces/custom_interfaces/msg/detail/pose_list__functions.h
[2.352s] -- Installing: /home/charan-kasturi/turtlesim_project/install/custom_interfaces/include/custom_interfaces/custom_interfaces/msg/detail/new_turtle_pose__functions.h
[2.352s] -- Installing: /home/charan-kasturi/turtlesim_project/install/custom_interfaces/include/custom_interfaces/custom_interfaces/msg/detail/new_turtle_pose__type_support.h
[2.352s] -- Installing: /home/charan-kasturi/turtlesim_project/install/custom_interfaces/include/custom_interfaces/custom_interfaces/msg/detail/pose_list__struct.h
[2.352s] -- Installing: /home/charan-kasturi/turtlesim_project/install/custom_interfaces/include/custom_interfaces/custom_interfaces/msg/detail/pose_list__functions.c
[2.352s] -- Installing: /home/charan-kasturi/turtlesim_project/install/custom_interfaces/include/custom_interfaces/custom_interfaces/msg/detail/pose_list__type_support.h
[2.352s] -- Installing: /home/charan-kasturi/turtlesim_project/install/custom_interfaces/include/custom_interfaces/custom_interfaces/msg/rosidl_generator_c__visibility_control.h
[2.352s] -- Installing: /home/charan-kasturi/turtlesim_project/install/custom_interfaces/include/custom_interfaces/custom_interfaces/msg/new_turtle_pose.h
[2.352s] -- Installing: /home/charan-kasturi/turtlesim_project/install/custom_interfaces/include/custom_interfaces/custom_interfaces/msg/pose_list.h
[2.352s] -- Installing: /home/charan-kasturi/turtlesim_project/install/custom_interfaces/share/custom_interfaces/environment/library_path.sh
[2.352s] -- Installing: /home/charan-kasturi/turtlesim_project/install/custom_interfaces/share/custom_interfaces/environment/library_path.dsv
[2.352s] -- Installing: /home/charan-kasturi/turtlesim_project/install/custom_interfaces/lib/libcustom_interfaces__rosidl_generator_c.so
[2.352s] -- Set runtime path of "/home/charan-kasturi/turtlesim_project/install/custom_interfaces/lib/libcustom_interfaces__rosidl_generator_c.so" to ""
[2.352s] -- Up-to-date: /home/charan-kasturi/turtlesim_project/install/custom_interfaces/include/custom_interfaces/custom_interfaces
[2.352s] -- Up-to-date: /home/charan-kasturi/turtlesim_project/install/custom_interfaces/include/custom_interfaces/custom_interfaces/msg
[2.352s] -- Up-to-date: /home/charan-kasturi/turtlesim_project/install/custom_interfaces/include/custom_interfaces/custom_interfaces/msg/detail
[2.352s] -- Installing: /home/charan-kasturi/turtlesim_project/install/custom_interfaces/include/custom_interfaces/custom_interfaces/msg/detail/new_turtle_pose__rosidl_typesupport_fastrtps_c.h
[2.352s] -- Installing: /home/charan-kasturi/turtlesim_project/install/custom_interfaces/include/custom_interfaces/custom_interfaces/msg/detail/pose_list__rosidl_typesupport_fastrtps_c.h
[2.352s] -- Installing: /home/charan-kasturi/turtlesim_project/install/custom_interfaces/include/custom_interfaces/custom_interfaces/msg/rosidl_typesupport_fastrtps_c__visibility_control.h
[2.353s] -- Installing: /home/charan-kasturi/turtlesim_project/install/custom_interfaces/lib/libcustom_interfaces__rosidl_typesupport_fastrtps_c.so
[2.353s] -- Set runtime path of "/home/charan-kasturi/turtlesim_project/install/custom_interfaces/lib/libcustom_interfaces__rosidl_typesupport_fastrtps_c.so" to ""
[2.353s] -- Up-to-date: /home/charan-kasturi/turtlesim_project/install/custom_interfaces/include/custom_interfaces/custom_interfaces
[2.353s] -- Up-to-date: /home/charan-kasturi/turtlesim_project/install/custom_interfaces/include/custom_interfaces/custom_interfaces/msg
[2.353s] -- Up-to-date: /home/charan-kasturi/turtlesim_project/install/custom_interfaces/include/custom_interfaces/custom_interfaces/msg/detail
[2.353s] -- Installing: /home/charan-kasturi/turtlesim_project/install/custom_interfaces/include/custom_interfaces/custom_interfaces/msg/detail/pose_list__rosidl_typesupport_introspection_c.h
[2.353s] -- Installing: /home/charan-kasturi/turtlesim_project/install/custom_interfaces/include/custom_interfaces/custom_interfaces/msg/detail/pose_list__type_support.c
[2.353s] -- Installing: /home/charan-kasturi/turtlesim_project/install/custom_interfaces/include/custom_interfaces/custom_interfaces/msg/detail/new_turtle_pose__type_support.c
[2.353s] -- Installing: /home/charan-kasturi/turtlesim_project/install/custom_interfaces/include/custom_interfaces/custom_interfaces/msg/detail/new_turtle_pose__rosidl_typesupport_introspection_c.h
[2.353s] -- Installing: /home/charan-kasturi/turtlesim_project/install/custom_interfaces/include/custom_interfaces/custom_interfaces/msg/rosidl_typesupport_introspection_c__visibility_control.h
[2.353s] -- Installing: /home/charan-kasturi/turtlesim_project/install/custom_interfaces/lib/libcustom_interfaces__rosidl_typesupport_introspection_c.so
[2.353s] -- Set runtime path of "/home/charan-kasturi/turtlesim_project/install/custom_interfaces/lib/libcustom_interfaces__rosidl_typesupport_introspection_c.so" to ""
[2.353s] -- Installing: /home/charan-kasturi/turtlesim_project/install/custom_interfaces/lib/libcustom_interfaces__rosidl_typesupport_c.so
[2.353s] -- Set runtime path of "/home/charan-kasturi/turtlesim_project/install/custom_interfaces/lib/libcustom_interfaces__rosidl_typesupport_c.so" to ""
[2.353s] -- Up-to-date: /home/charan-kasturi/turtlesim_project/install/custom_interfaces/include/custom_interfaces/custom_interfaces
[2.353s] -- Up-to-date: /home/charan-kasturi/turtlesim_project/install/custom_interfaces/include/custom_interfaces/custom_interfaces/msg
[2.353s] -- Up-to-date: /home/charan-kasturi/turtlesim_project/install/custom_interfaces/include/custom_interfaces/custom_interfaces/msg/detail
[2.353s] -- Installing: /home/charan-kasturi/turtlesim_project/install/custom_interfaces/include/custom_interfaces/custom_interfaces/msg/detail/pose_list__traits.hpp
[2.353s] -- Installing: /home/charan-kasturi/turtlesim_project/install/custom_interfaces/include/custom_interfaces/custom_interfaces/msg/detail/new_turtle_pose__builder.hpp
[2.353s] -- Installing: /home/charan-kasturi/turtlesim_project/install/custom_interfaces/include/custom_interfaces/custom_interfaces/msg/detail/pose_list__builder.hpp
[2.353s] -- Installing: /home/charan-kasturi/turtlesim_project/install/custom_interfaces/include/custom_interfaces/custom_interfaces/msg/detail/pose_list__struct.hpp
[2.354s] -- Installing: /home/charan-kasturi/turtlesim_project/install/custom_interfaces/include/custom_interfaces/custom_interfaces/msg/detail/new_turtle_pose__struct.hpp
[2.354s] -- Installing: /home/charan-kasturi/turtlesim_project/install/custom_interfaces/include/custom_interfaces/custom_interfaces/msg/detail/new_turtle_pose__traits.hpp
[2.354s] -- Installing: /home/charan-kasturi/turtlesim_project/install/custom_interfaces/include/custom_interfaces/custom_interfaces/msg/pose_list.hpp
[2.354s] -- Installing: /home/charan-kasturi/turtlesim_project/install/custom_interfaces/include/custom_interfaces/custom_interfaces/msg/new_turtle_pose.hpp
[2.354s] -- Up-to-date: /home/charan-kasturi/turtlesim_project/install/custom_interfaces/include/custom_interfaces/custom_interfaces
[2.354s] -- Up-to-date: /home/charan-kasturi/turtlesim_project/install/custom_interfaces/include/custom_interfaces/custom_interfaces/msg
[2.354s] -- Up-to-date: /home/charan-kasturi/turtlesim_project/install/custom_interfaces/include/custom_interfaces/custom_interfaces/msg/detail
[2.354s] -- Installing: /home/charan-kasturi/turtlesim_project/install/custom_interfaces/include/custom_interfaces/custom_interfaces/msg/detail/pose_list__rosidl_typesupport_fastrtps_cpp.hpp
[2.354s] -- Installing: /home/charan-kasturi/turtlesim_project/install/custom_interfaces/include/custom_interfaces/custom_interfaces/msg/detail/new_turtle_pose__rosidl_typesupport_fastrtps_cpp.hpp
[2.354s] -- Installing: /home/charan-kasturi/turtlesim_project/install/custom_interfaces/include/custom_interfaces/custom_interfaces/msg/detail/dds_fastrtps
[2.354s] -- Installing: /home/charan-kasturi/turtlesim_project/install/custom_interfaces/include/custom_interfaces/custom_interfaces/msg/rosidl_typesupport_fastrtps_cpp__visibility_control.h
[2.354s] -- Installing: /home/charan-kasturi/turtlesim_project/install/custom_interfaces/lib/libcustom_interfaces__rosidl_typesupport_fastrtps_cpp.so
[2.354s] -- Set runtime path of "/home/charan-kasturi/turtlesim_project/install/custom_interfaces/lib/libcustom_interfaces__rosidl_typesupport_fastrtps_cpp.so" to ""
[2.354s] -- Up-to-date: /home/charan-kasturi/turtlesim_project/install/custom_interfaces/include/custom_interfaces/custom_interfaces
[2.354s] -- Up-to-date: /home/charan-kasturi/turtlesim_project/install/custom_interfaces/include/custom_interfaces/custom_interfaces/msg
[2.354s] -- Up-to-date: /home/charan-kasturi/turtlesim_project/install/custom_interfaces/include/custom_interfaces/custom_interfaces/msg/detail
[2.354s] -- Installing: /home/charan-kasturi/turtlesim_project/install/custom_interfaces/include/custom_interfaces/custom_interfaces/msg/detail/pose_list__rosidl_typesupport_introspection_cpp.hpp
[2.354s] -- Installing: /home/charan-kasturi/turtlesim_project/install/custom_interfaces/include/custom_interfaces/custom_interfaces/msg/detail/new_turtle_pose__type_support.cpp
[2.354s] -- Installing: /home/charan-kasturi/turtlesim_project/install/custom_interfaces/include/custom_interfaces/custom_interfaces/msg/detail/new_turtle_pose__rosidl_typesupport_introspection_cpp.hpp
[2.354s] -- Installing: /home/charan-kasturi/turtlesim_project/install/custom_interfaces/include/custom_interfaces/custom_interfaces/msg/detail/pose_list__type_support.cpp
[2.354s] -- Installing: /home/charan-kasturi/turtlesim_project/install/custom_interfaces/lib/libcustom_interfaces__rosidl_typesupport_introspection_cpp.so
[2.354s] -- Set runtime path of "/home/charan-kasturi/turtlesim_project/install/custom_interfaces/lib/libcustom_interfaces__rosidl_typesupport_introspection_cpp.so" to ""
[2.355s] -- Installing: /home/charan-kasturi/turtlesim_project/install/custom_interfaces/lib/libcustom_interfaces__rosidl_typesupport_cpp.so
[2.355s] -- Set runtime path of "/home/charan-kasturi/turtlesim_project/install/custom_interfaces/lib/libcustom_interfaces__rosidl_typesupport_cpp.so" to ""
[2.355s] -- Installing: /home/charan-kasturi/turtlesim_project/install/custom_interfaces/share/custom_interfaces/environment/pythonpath.sh
[2.355s] -- Installing: /home/charan-kasturi/turtlesim_project/install/custom_interfaces/share/custom_interfaces/environment/pythonpath.dsv
[2.355s] -- Installing: /home/charan-kasturi/turtlesim_project/install/custom_interfaces/local/lib/python3.10/dist-packages/custom_interfaces-0.0.0-py3.10.egg-info
[2.355s] -- Installing: /home/charan-kasturi/turtlesim_project/install/custom_interfaces/local/lib/python3.10/dist-packages/custom_interfaces-0.0.0-py3.10.egg-info/dependency_links.txt
[2.355s] -- Installing: /home/charan-kasturi/turtlesim_project/install/custom_interfaces/local/lib/python3.10/dist-packages/custom_interfaces-0.0.0-py3.10.egg-info/SOURCES.txt
[2.355s] -- Installing: /home/charan-kasturi/turtlesim_project/install/custom_interfaces/local/lib/python3.10/dist-packages/custom_interfaces-0.0.0-py3.10.egg-info/PKG-INFO
[2.355s] -- Installing: /home/charan-kasturi/turtlesim_project/install/custom_interfaces/local/lib/python3.10/dist-packages/custom_interfaces-0.0.0-py3.10.egg-info/top_level.txt
[2.355s] -- Installing: /home/charan-kasturi/turtlesim_project/install/custom_interfaces/local/lib/python3.10/dist-packages/custom_interfaces
[2.355s] -- Installing: /home/charan-kasturi/turtlesim_project/install/custom_interfaces/local/lib/python3.10/dist-packages/custom_interfaces/msg
[2.355s] -- Installing: /home/charan-kasturi/turtlesim_project/install/custom_interfaces/local/lib/python3.10/dist-packages/custom_interfaces/msg/_pose_list_s.c
[2.355s] -- Installing: /home/charan-kasturi/turtlesim_project/install/custom_interfaces/local/lib/python3.10/dist-packages/custom_interfaces/msg/_pose_list.py
[2.355s] -- Installing: /home/charan-kasturi/turtlesim_project/install/custom_interfaces/local/lib/python3.10/dist-packages/custom_interfaces/msg/_new_turtle_pose.py
[2.355s] -- Installing: /home/charan-kasturi/turtlesim_project/install/custom_interfaces/local/lib/python3.10/dist-packages/custom_interfaces/msg/__init__.py
[2.355s] -- Installing: /home/charan-kasturi/turtlesim_project/install/custom_interfaces/local/lib/python3.10/dist-packages/custom_interfaces/msg/_new_turtle_pose_s.c
[2.355s] -- Installing: /home/charan-kasturi/turtlesim_project/install/custom_interfaces/local/lib/python3.10/dist-packages/custom_interfaces/custom_interfaces_s__rosidl_typesupport_introspection_c.cpython-310-x86_64-linux-gnu.so
[2.355s] -- Installing: /home/charan-kasturi/turtlesim_project/install/custom_interfaces/local/lib/python3.10/dist-packages/custom_interfaces/libcustom_interfaces__rosidl_generator_py.so
[2.355s] -- Installing: /home/charan-kasturi/turtlesim_project/install/custom_interfaces/local/lib/python3.10/dist-packages/custom_interfaces/custom_interfaces_s__rosidl_typesupport_fastrtps_c.cpython-310-x86_64-linux-gnu.so
[2.355s] -- Installing: /home/charan-kasturi/turtlesim_project/install/custom_interfaces/local/lib/python3.10/dist-packages/custom_interfaces/__init__.py
[2.356s] -- Installing: /home/charan-kasturi/turtlesim_project/install/custom_interfaces/local/lib/python3.10/dist-packages/custom_interfaces/_custom_interfaces_s.ep.rosidl_typesupport_c.c
[2.356s] -- Installing: /home/charan-kasturi/turtlesim_project/install/custom_interfaces/local/lib/python3.10/dist-packages/custom_interfaces/_custom_interfaces_s.ep.rosidl_typesupport_introspection_c.c
[2.356s] -- Installing: /home/charan-kasturi/turtlesim_project/install/custom_interfaces/local/lib/python3.10/dist-packages/custom_interfaces/_custom_interfaces_s.ep.rosidl_typesupport_fastrtps_c.c
[2.356s] -- Installing: /home/charan-kasturi/turtlesim_project/install/custom_interfaces/local/lib/python3.10/dist-packages/custom_interfaces/custom_interfaces_s__rosidl_typesupport_c.cpython-310-x86_64-linux-gnu.so
[2.381s] Listing '/home/charan-kasturi/turtlesim_project/install/custom_interfaces/local/lib/python3.10/dist-packages/custom_interfaces'...
[2.381s] Compiling '/home/charan-kasturi/turtlesim_project/install/custom_interfaces/local/lib/python3.10/dist-packages/custom_interfaces/__init__.py'...
[2.381s] Listing '/home/charan-kasturi/turtlesim_project/install/custom_interfaces/local/lib/python3.10/dist-packages/custom_interfaces/msg'...
[2.381s] Compiling '/home/charan-kasturi/turtlesim_project/install/custom_interfaces/local/lib/python3.10/dist-packages/custom_interfaces/msg/__init__.py'...
[2.381s] Compiling '/home/charan-kasturi/turtlesim_project/install/custom_interfaces/local/lib/python3.10/dist-packages/custom_interfaces/msg/_new_turtle_pose.py'...
[2.381s] Compiling '/home/charan-kasturi/turtlesim_project/install/custom_interfaces/local/lib/python3.10/dist-packages/custom_interfaces/msg/_pose_list.py'...
[2.383s] -- Installing: /home/charan-kasturi/turtlesim_project/install/custom_interfaces/local/lib/python3.10/dist-packages/custom_interfaces/custom_interfaces_s__rosidl_typesupport_fastrtps_c.cpython-310-x86_64-linux-gnu.so
[2.383s] -- Set runtime path of "/home/charan-kasturi/turtlesim_project/install/custom_interfaces/local/lib/python3.10/dist-packages/custom_interfaces/custom_interfaces_s__rosidl_typesupport_fastrtps_c.cpython-310-x86_64-linux-gnu.so" to ""
[2.384s] -- Installing: /home/charan-kasturi/turtlesim_project/install/custom_interfaces/local/lib/python3.10/dist-packages/custom_interfaces/custom_interfaces_s__rosidl_typesupport_introspection_c.cpython-310-x86_64-linux-gnu.so
[2.384s] -- Set runtime path of "/home/charan-kasturi/turtlesim_project/install/custom_interfaces/local/lib/python3.10/dist-packages/custom_interfaces/custom_interfaces_s__rosidl_typesupport_introspection_c.cpython-310-x86_64-linux-gnu.so" to ""
[2.384s] -- Installing: /home/charan-kasturi/turtlesim_project/install/custom_interfaces/local/lib/python3.10/dist-packages/custom_interfaces/custom_interfaces_s__rosidl_typesupport_c.cpython-310-x86_64-linux-gnu.so
[2.384s] -- Set runtime path of "/home/charan-kasturi/turtlesim_project/install/custom_interfaces/local/lib/python3.10/dist-packages/custom_interfaces/custom_interfaces_s__rosidl_typesupport_c.cpython-310-x86_64-linux-gnu.so" to ""
[2.384s] -- Installing: /home/charan-kasturi/turtlesim_project/install/custom_interfaces/lib/libcustom_interfaces__rosidl_generator_py.so
[2.384s] -- Set runtime path of "/home/charan-kasturi/turtlesim_project/install/custom_interfaces/lib/libcustom_interfaces__rosidl_generator_py.so" to ""
[2.384s] -- Installing: /home/charan-kasturi/turtlesim_project/install/custom_interfaces/share/custom_interfaces/msg/NewTurtlePose.idl
[2.384s] -- Installing: /home/charan-kasturi/turtlesim_project/install/custom_interfaces/share/custom_interfaces/msg/PoseList.idl
[2.384s] -- Installing: /home/charan-kasturi/turtlesim_project/install/custom_interfaces/share/custom_interfaces/msg/NewTurtlePose.msg
[2.384s] -- Installing: /home/charan-kasturi/turtlesim_project/install/custom_interfaces/share/custom_interfaces/msg/PoseList.msg
[2.384s] -- Installing: /home/charan-kasturi/turtlesim_project/install/custom_interfaces/share/ament_index/resource_index/package_run_dependencies/custom_interfaces
[2.385s] -- Installing: /home/charan-kasturi/turtlesim_project/install/custom_interfaces/share/ament_index/resource_index/parent_prefix_path/custom_interfaces
[2.385s] -- Installing: /home/charan-kasturi/turtlesim_project/install/custom_interfaces/share/custom_interfaces/environment/ament_prefix_path.sh
[2.385s] -- Installing: /home/charan-kasturi/turtlesim_project/install/custom_interfaces/share/custom_interfaces/environment/ament_prefix_path.dsv
[2.385s] -- Installing: /home/charan-kasturi/turtlesim_project/install/custom_interfaces/share/custom_interfaces/environment/path.sh
[2.385s] -- Installing: /home/charan-kasturi/turtlesim_project/install/custom_interfaces/share/custom_interfaces/environment/path.dsv
[2.385s] -- Installing: /home/charan-kasturi/turtlesim_project/install/custom_interfaces/share/custom_interfaces/local_setup.bash
[2.385s] -- Installing: /home/charan-kasturi/turtlesim_project/install/custom_interfaces/share/custom_interfaces/local_setup.sh
[2.385s] -- Installing: /home/charan-kasturi/turtlesim_project/install/custom_interfaces/share/custom_interfaces/local_setup.zsh
[2.385s] -- Installing: /home/charan-kasturi/turtlesim_project/install/custom_interfaces/share/custom_interfaces/local_setup.dsv
[2.385s] -- Installing: /home/charan-kasturi/turtlesim_project/install/custom_interfaces/share/custom_interfaces/package.dsv
[2.385s] -- Installing: /home/charan-kasturi/turtlesim_project/install/custom_interfaces/share/ament_index/resource_index/packages/custom_interfaces
[2.386s] -- Installing: /home/charan-kasturi/turtlesim_project/install/custom_interfaces/share/custom_interfaces/cmake/export_custom_interfaces__rosidl_generator_cExport.cmake
[2.386s] -- Installing: /home/charan-kasturi/turtlesim_project/install/custom_interfaces/share/custom_interfaces/cmake/export_custom_interfaces__rosidl_generator_cExport-noconfig.cmake
[2.386s] -- Installing: /home/charan-kasturi/turtlesim_project/install/custom_interfaces/share/custom_interfaces/cmake/export_custom_interfaces__rosidl_typesupport_fastrtps_cExport.cmake
[2.386s] -- Installing: /home/charan-kasturi/turtlesim_project/install/custom_interfaces/share/custom_interfaces/cmake/export_custom_interfaces__rosidl_typesupport_fastrtps_cExport-noconfig.cmake
[2.386s] -- Installing: /home/charan-kasturi/turtlesim_project/install/custom_interfaces/share/custom_interfaces/cmake/custom_interfaces__rosidl_typesupport_introspection_cExport.cmake
[2.386s] -- Installing: /home/charan-kasturi/turtlesim_project/install/custom_interfaces/share/custom_interfaces/cmake/custom_interfaces__rosidl_typesupport_introspection_cExport-noconfig.cmake
[2.386s] -- Installing: /home/charan-kasturi/turtlesim_project/install/custom_interfaces/share/custom_interfaces/cmake/custom_interfaces__rosidl_typesupport_cExport.cmake
[2.386s] -- Installing: /home/charan-kasturi/turtlesim_project/install/custom_interfaces/share/custom_interfaces/cmake/custom_interfaces__rosidl_typesupport_cExport-noconfig.cmake
[2.386s] -- Installing: /home/charan-kasturi/turtlesim_project/install/custom_interfaces/share/custom_interfaces/cmake/export_custom_interfaces__rosidl_generator_cppExport.cmake
[2.386s] -- Installing: /home/charan-kasturi/turtlesim_project/install/custom_interfaces/share/custom_interfaces/cmake/export_custom_interfaces__rosidl_typesupport_fastrtps_cppExport.cmake
[2.386s] -- Installing: /home/charan-kasturi/turtlesim_project/install/custom_interfaces/share/custom_interfaces/cmake/export_custom_interfaces__rosidl_typesupport_fastrtps_cppExport-noconfig.cmake
[2.387s] -- Installing: /home/charan-kasturi/turtlesim_project/install/custom_interfaces/share/custom_interfaces/cmake/custom_interfaces__rosidl_typesupport_introspection_cppExport.cmake
[2.387s] -- Installing: /home/charan-kasturi/turtlesim_project/install/custom_interfaces/share/custom_interfaces/cmake/custom_interfaces__rosidl_typesupport_introspection_cppExport-noconfig.cmake
[2.387s] -- Installing: /home/charan-kasturi/turtlesim_project/install/custom_interfaces/share/custom_interfaces/cmake/custom_interfaces__rosidl_typesupport_cppExport.cmake
[2.387s] -- Installing: /home/charan-kasturi/turtlesim_project/install/custom_interfaces/share/custom_interfaces/cmake/custom_interfaces__rosidl_typesupport_cppExport-noconfig.cmake
[2.387s] -- Installing: /home/charan-kasturi/turtlesim_project/install/custom_interfaces/share/custom_interfaces/cmake/export_custom_interfaces__rosidl_generator_pyExport.cmake
[2.387s] -- Installing: /home/charan-kasturi/turtlesim_project/install/custom_interfaces/share/custom_interfaces/cmake/export_custom_interfaces__rosidl_generator_pyExport-noconfig.cmake
[2.387s] -- Installing: /home/charan-kasturi/turtlesim_project/install/custom_interfaces/share/custom_interfaces/cmake/rosidl_cmake-extras.cmake
[2.387s] -- Installing: /home/charan-kasturi/turtlesim_project/install/custom_interfaces/share/custom_interfaces/cmake/ament_cmake_export_include_directories-extras.cmake
[2.387s] -- Installing: /home/charan-kasturi/turtlesim_project/install/custom_interfaces/share/custom_interfaces/cmake/ament_cmake_export_libraries-extras.cmake
[2.387s] -- Installing: /home/charan-kasturi/turtlesim_project/install/custom_interfaces/share/custom_interfaces/cmake/ament_cmake_export_targets-extras.cmake
[2.387s] -- Installing: /home/charan-kasturi/turtlesim_project/install/custom_interfaces/share/custom_interfaces/cmake/rosidl_cmake_export_typesupport_targets-extras.cmake
[2.387s] -- Installing: /home/charan-kasturi/turtlesim_project/install/custom_interfaces/share/custom_interfaces/cmake/ament_cmake_export_dependencies-extras.cmake
[2.388s] -- Installing: /home/charan-kasturi/turtlesim_project/install/custom_interfaces/share/custom_interfaces/cmake/rosidl_cmake_export_typesupport_libraries-extras.cmake
[2.388s] -- Installing: /home/charan-kasturi/turtlesim_project/install/custom_interfaces/share/custom_interfaces/cmake/custom_interfacesConfig.cmake
[2.388s] -- Installing: /home/charan-kasturi/turtlesim_project/install/custom_interfaces/share/custom_interfaces/cmake/custom_interfacesConfig-version.cmake
[2.388s] -- Installing: /home/charan-kasturi/turtlesim_project/install/custom_interfaces/share/custom_interfaces/package.xml
[2.390s] Invoked command in '/home/charan-kasturi/turtlesim_project/build/custom_interfaces' returned '0': CMAKE_PREFIX_PATH=${CMAKE_PREFIX_PATH}:/home/charan-kasturi/turtlesim_project/install/spawner:/home/charan-kasturi/turtlesim_project/install/controller:/home/charan-kasturi/sub_and_pub/install/subscriber:/home/charan-kasturi/sub_and_pub/install/publisher:/home/charan-kasturi/custom_msg/install/led:/home/charan-kasturi/custom_msg/install/custom:/home/charan-kasturi/custom_msg/install/battery:/home/charan-kasturi/client_and_server/install/server:/home/charan-kasturi/client_and_server/install/client:/home/charan-kasturi/install/subscriber:/home/charan-kasturi/install/server:/home/charan-kasturi/install/py_pkg:/home/charan-kasturi/install/publisher:/home/charan-kasturi/install/client:/home/charan-kasturi/ros2_ws/install/py_pkg:/opt/ros/humble /usr/bin/cmake --install /home/charan-kasturi/turtlesim_project/build/custom_interfaces
