[0.057s] DEBUG:colcon:Command line arguments: ['/usr/bin/colcon', 'build']
[0.057s] DEBUG:colcon:Parsed command line arguments: Namespace(log_base=None, log_level=None, verb_name='build', build_base='build', install_base='install', merge_install=False, symlink_install=False, test_result_base=None, continue_on_error=False, executor='parallel', parallel_workers=20, event_handlers=None, ignore_user_meta=False, metas=['./colcon.meta'], base_paths=['.'], packages_ignore=None, packages_ignore_regex=None, paths=None, packages_up_to=None, packages_up_to_regex=None, packages_above=None, packages_above_and_dependencies=None, packages_above_depth=None, packages_select_by_dep=None, packages_skip_by_dep=None, packages_skip_up_to=None, packages_select_build_failed=False, packages_skip_build_finished=False, packages_select_test_failures=False, packages_skip_test_passed=False, packages_select=None, packages_skip=None, packages_select_regex=None, packages_skip_regex=None, packages_start=None, packages_end=None, allow_overriding=[], cmake_args=None, cmake_target=None, cmake_target_skip_unavailable=False, cmake_clean_cache=False, cmake_clean_first=False, cmake_force_configure=False, ament_cmake_args=None, catkin_cmake_args=None, catkin_skip_building_tests=False, verb_parser=<colcon_defaults.argument_parser.defaults.DefaultArgumentsDecorator object at 0x7fee987257b0>, verb_extension=<colcon_core.verb.build.BuildVerb object at 0x7fee98724e20>, main=<bound method BuildVerb.main of <colcon_core.verb.build.BuildVerb object at 0x7fee98724e20>>)
[0.143s] Level 1:colcon.colcon_core.package_discovery:discover_packages(colcon_meta) check parameters
[0.143s] Level 1:colcon.colcon_core.package_discovery:discover_packages(recursive) check parameters
[0.143s] Level 1:colcon.colcon_core.package_discovery:discover_packages(ignore) check parameters
[0.143s] Level 1:colcon.colcon_core.package_discovery:discover_packages(path) check parameters
[0.143s] Level 1:colcon.colcon_core.package_discovery:discover_packages(colcon_meta) discover
[0.143s] Level 1:colcon.colcon_core.package_discovery:discover_packages(recursive) discover
[0.143s] INFO:colcon.colcon_core.package_discovery:Crawling recursively for packages in '/home/charan-kasturi/turtlesim_project'
[0.143s] Level 1:colcon.colcon_core.package_identification:_identify(.) by extensions ['ignore', 'ignore_ament_install']
[0.143s] Level 1:colcon.colcon_core.package_identification:_identify(.) by extension 'ignore'
[0.143s] Level 1:colcon.colcon_core.package_identification:_identify(.) by extension 'ignore_ament_install'
[0.143s] Level 1:colcon.colcon_core.package_identification:_identify(.) by extensions ['colcon_pkg']
[0.143s] Level 1:colcon.colcon_core.package_identification:_identify(.) by extension 'colcon_pkg'
[0.143s] Level 1:colcon.colcon_core.package_identification:_identify(.) by extensions ['colcon_meta']
[0.143s] Level 1:colcon.colcon_core.package_identification:_identify(.) by extension 'colcon_meta'
[0.143s] Level 1:colcon.colcon_core.package_identification:_identify(.) by extensions ['ros']
[0.143s] Level 1:colcon.colcon_core.package_identification:_identify(.) by extension 'ros'
[0.150s] Level 1:colcon.colcon_core.package_identification:_identify(.) by extensions ['cmake', 'python']
[0.150s] Level 1:colcon.colcon_core.package_identification:_identify(.) by extension 'cmake'
[0.150s] Level 1:colcon.colcon_core.package_identification:_identify(.) by extension 'python'
[0.150s] Level 1:colcon.colcon_core.package_identification:_identify(.) by extensions ['python_setup_py']
[0.150s] Level 1:colcon.colcon_core.package_identification:_identify(.) by extension 'python_setup_py'
[0.151s] Level 1:colcon.colcon_core.package_identification:_identify(build) by extensions ['ignore', 'ignore_ament_install']
[0.151s] Level 1:colcon.colcon_core.package_identification:_identify(build) by extension 'ignore'
[0.151s] Level 1:colcon.colcon_core.package_identification:_identify(build) ignored
[0.151s] Level 1:colcon.colcon_core.package_identification:_identify(install) by extensions ['ignore', 'ignore_ament_install']
[0.151s] Level 1:colcon.colcon_core.package_identification:_identify(install) by extension 'ignore'
[0.151s] Level 1:colcon.colcon_core.package_identification:_identify(install) ignored
[0.151s] Level 1:colcon.colcon_core.package_identification:_identify(log) by extensions ['ignore', 'ignore_ament_install']
[0.151s] Level 1:colcon.colcon_core.package_identification:_identify(log) by extension 'ignore'
[0.151s] Level 1:colcon.colcon_core.package_identification:_identify(log) ignored
[0.151s] Level 1:colcon.colcon_core.package_identification:_identify(src) by extensions ['ignore', 'ignore_ament_install']
[0.151s] Level 1:colcon.colcon_core.package_identification:_identify(src) by extension 'ignore'
[0.151s] Level 1:colcon.colcon_core.package_identification:_identify(src) by extension 'ignore_ament_install'
[0.151s] Level 1:colcon.colcon_core.package_identification:_identify(src) by extensions ['colcon_pkg']
[0.151s] Level 1:colcon.colcon_core.package_identification:_identify(src) by extension 'colcon_pkg'
[0.151s] Level 1:colcon.colcon_core.package_identification:_identify(src) by extensions ['colcon_meta']
[0.151s] Level 1:colcon.colcon_core.package_identification:_identify(src) by extension 'colcon_meta'
[0.151s] Level 1:colcon.colcon_core.package_identification:_identify(src) by extensions ['ros']
[0.151s] Level 1:colcon.colcon_core.package_identification:_identify(src) by extension 'ros'
[0.151s] Level 1:colcon.colcon_core.package_identification:_identify(src) by extensions ['cmake', 'python']
[0.151s] Level 1:colcon.colcon_core.package_identification:_identify(src) by extension 'cmake'
[0.151s] Level 1:colcon.colcon_core.package_identification:_identify(src) by extension 'python'
[0.151s] Level 1:colcon.colcon_core.package_identification:_identify(src) by extensions ['python_setup_py']
[0.151s] Level 1:colcon.colcon_core.package_identification:_identify(src) by extension 'python_setup_py'
[0.151s] Level 1:colcon.colcon_core.package_identification:_identify(src/controller) by extensions ['ignore', 'ignore_ament_install']
[0.151s] Level 1:colcon.colcon_core.package_identification:_identify(src/controller) by extension 'ignore'
[0.151s] Level 1:colcon.colcon_core.package_identification:_identify(src/controller) by extension 'ignore_ament_install'
[0.151s] Level 1:colcon.colcon_core.package_identification:_identify(src/controller) by extensions ['colcon_pkg']
[0.151s] Level 1:colcon.colcon_core.package_identification:_identify(src/controller) by extension 'colcon_pkg'
[0.151s] Level 1:colcon.colcon_core.package_identification:_identify(src/controller) by extensions ['colcon_meta']
[0.151s] Level 1:colcon.colcon_core.package_identification:_identify(src/controller) by extension 'colcon_meta'
[0.151s] Level 1:colcon.colcon_core.package_identification:_identify(src/controller) by extensions ['ros']
[0.151s] Level 1:colcon.colcon_core.package_identification:_identify(src/controller) by extension 'ros'
[0.153s] DEBUG:colcon.colcon_core.package_identification:Package 'src/controller' with type 'ros.ament_python' and name 'controller'
[0.153s] Level 1:colcon.colcon_core.package_identification:_identify(src/spawner) by extensions ['ignore', 'ignore_ament_install']
[0.153s] Level 1:colcon.colcon_core.package_identification:_identify(src/spawner) by extension 'ignore'
[0.153s] Level 1:colcon.colcon_core.package_identification:_identify(src/spawner) by extension 'ignore_ament_install'
[0.153s] Level 1:colcon.colcon_core.package_identification:_identify(src/spawner) by extensions ['colcon_pkg']
[0.153s] Level 1:colcon.colcon_core.package_identification:_identify(src/spawner) by extension 'colcon_pkg'
[0.153s] Level 1:colcon.colcon_core.package_identification:_identify(src/spawner) by extensions ['colcon_meta']
[0.153s] Level 1:colcon.colcon_core.package_identification:_identify(src/spawner) by extension 'colcon_meta'
[0.153s] Level 1:colcon.colcon_core.package_identification:_identify(src/spawner) by extensions ['ros']
[0.153s] Level 1:colcon.colcon_core.package_identification:_identify(src/spawner) by extension 'ros'
[0.154s] DEBUG:colcon.colcon_core.package_identification:Package 'src/spawner' with type 'ros.ament_python' and name 'spawner'
[0.154s] Level 1:colcon.colcon_core.package_discovery:discover_packages(recursive) using defaults
[0.154s] Level 1:colcon.colcon_core.package_discovery:discover_packages(ignore) discover
[0.154s] Level 1:colcon.colcon_core.package_discovery:discover_packages(ignore) using defaults
[0.154s] Level 1:colcon.colcon_core.package_discovery:discover_packages(path) discover
[0.154s] Level 1:colcon.colcon_core.package_discovery:discover_packages(path) using defaults
[0.166s] Level 1:colcon.colcon_core.package_discovery:discover_packages(prefix_path) check parameters
[0.166s] Level 1:colcon.colcon_core.package_discovery:discover_packages(prefix_path) discover
[0.167s] DEBUG:colcon.colcon_installed_package_information.package_discovery:Found 2 installed packages in /home/charan-kasturi/turtlesim_project/install
[0.167s] DEBUG:colcon.colcon_installed_package_information.package_discovery:Found 4 installed packages in /home/charan-kasturi/custom_msg/install
[0.167s] DEBUG:colcon.colcon_installed_package_information.package_discovery:Found 2 installed packages in /home/charan-kasturi/client_and_server/install
[0.168s] DEBUG:colcon.colcon_installed_package_information.package_discovery:Found 5 installed packages in /home/charan-kasturi/install
[0.168s] DEBUG:colcon.colcon_installed_package_information.package_discovery:Found 3 installed packages in /home/charan-kasturi/sub_and_pub/install
[0.168s] DEBUG:colcon.colcon_installed_package_information.package_discovery:Found 1 installed packages in /home/charan-kasturi/ros2_ws/install
[0.169s] DEBUG:colcon.colcon_installed_package_information.package_discovery:Found 270 installed packages in /opt/ros/humble
[0.170s] Level 1:colcon.colcon_core.package_discovery:discover_packages(prefix_path) using defaults
[0.195s] Level 5:colcon.colcon_core.verb:set package 'controller' build argument 'cmake_args' from command line to 'None'
[0.195s] Level 5:colcon.colcon_core.verb:set package 'controller' build argument 'cmake_target' from command line to 'None'
[0.195s] Level 5:colcon.colcon_core.verb:set package 'controller' build argument 'cmake_target_skip_unavailable' from command line to 'False'
[0.195s] Level 5:colcon.colcon_core.verb:set package 'controller' build argument 'cmake_clean_cache' from command line to 'False'
[0.195s] Level 5:colcon.colcon_core.verb:set package 'controller' build argument 'cmake_clean_first' from command line to 'False'
[0.195s] Level 5:colcon.colcon_core.verb:set package 'controller' build argument 'cmake_force_configure' from command line to 'False'
[0.195s] Level 5:colcon.colcon_core.verb:set package 'controller' build argument 'ament_cmake_args' from command line to 'None'
[0.195s] Level 5:colcon.colcon_core.verb:set package 'controller' build argument 'catkin_cmake_args' from command line to 'None'
[0.195s] Level 5:colcon.colcon_core.verb:set package 'controller' build argument 'catkin_skip_building_tests' from command line to 'False'
[0.195s] DEBUG:colcon.colcon_core.verb:Building package 'controller' with the following arguments: {'ament_cmake_args': None, 'build_base': '/home/charan-kasturi/turtlesim_project/build/controller', 'catkin_cmake_args': None, 'catkin_skip_building_tests': False, 'cmake_args': None, 'cmake_clean_cache': False, 'cmake_clean_first': False, 'cmake_force_configure': False, 'cmake_target': None, 'cmake_target_skip_unavailable': False, 'install_base': '/home/charan-kasturi/turtlesim_project/install/controller', 'merge_install': False, 'path': '/home/charan-kasturi/turtlesim_project/src/controller', 'symlink_install': False, 'test_result_base': None}
[0.195s] Level 5:colcon.colcon_core.verb:set package 'spawner' build argument 'cmake_args' from command line to 'None'
[0.195s] Level 5:colcon.colcon_core.verb:set package 'spawner' build argument 'cmake_target' from command line to 'None'
[0.196s] Level 5:colcon.colcon_core.verb:set package 'spawner' build argument 'cmake_target_skip_unavailable' from command line to 'False'
[0.196s] Level 5:colcon.colcon_core.verb:set package 'spawner' build argument 'cmake_clean_cache' from command line to 'False'
[0.196s] Level 5:colcon.colcon_core.verb:set package 'spawner' build argument 'cmake_clean_first' from command line to 'False'
[0.196s] Level 5:colcon.colcon_core.verb:set package 'spawner' build argument 'cmake_force_configure' from command line to 'False'
[0.196s] Level 5:colcon.colcon_core.verb:set package 'spawner' build argument 'ament_cmake_args' from command line to 'None'
[0.196s] Level 5:colcon.colcon_core.verb:set package 'spawner' build argument 'catkin_cmake_args' from command line to 'None'
[0.196s] Level 5:colcon.colcon_core.verb:set package 'spawner' build argument 'catkin_skip_building_tests' from command line to 'False'
[0.196s] DEBUG:colcon.colcon_core.verb:Building package 'spawner' with the following arguments: {'ament_cmake_args': None, 'build_base': '/home/charan-kasturi/turtlesim_project/build/spawner', 'catkin_cmake_args': None, 'catkin_skip_building_tests': False, 'cmake_args': None, 'cmake_clean_cache': False, 'cmake_clean_first': False, 'cmake_force_configure': False, 'cmake_target': None, 'cmake_target_skip_unavailable': False, 'install_base': '/home/charan-kasturi/turtlesim_project/install/spawner', 'merge_install': False, 'path': '/home/charan-kasturi/turtlesim_project/src/spawner', 'symlink_install': False, 'test_result_base': None}
[0.196s] INFO:colcon.colcon_core.executor:Executing jobs using 'parallel' executor
[0.197s] DEBUG:colcon.colcon_parallel_executor.executor.parallel:run_until_complete
[0.197s] INFO:colcon.colcon_ros.task.ament_python.build:Building ROS package in '/home/charan-kasturi/turtlesim_project/src/controller' with build type 'ament_python'
[0.197s] Level 1:colcon.colcon_core.shell:create_environment_hook('controller', 'ament_prefix_path')
[0.198s] INFO:colcon.colcon_core.plugin_system:Skipping extension 'colcon_core.shell.bat': Not used on non-Windows systems
[0.198s] INFO:colcon.colcon_core.shell:Creating environment hook '/home/charan-kasturi/turtlesim_project/install/controller/share/controller/hook/ament_prefix_path.ps1'
[0.198s] INFO:colcon.colcon_core.shell:Creating environment descriptor '/home/charan-kasturi/turtlesim_project/install/controller/share/controller/hook/ament_prefix_path.dsv'
[0.199s] INFO:colcon.colcon_core.shell:Creating environment hook '/home/charan-kasturi/turtlesim_project/install/controller/share/controller/hook/ament_prefix_path.sh'
[0.199s] INFO:colcon.colcon_core.shell:Skip shell extension 'powershell' for command environment: Not usable outside of PowerShell
[0.199s] DEBUG:colcon.colcon_core.shell:Skip shell extension 'dsv' for command environment
[0.202s] INFO:colcon.colcon_ros.task.ament_python.build:Building ROS package in '/home/charan-kasturi/turtlesim_project/src/spawner' with build type 'ament_python'
[0.202s] Level 1:colcon.colcon_core.shell:create_environment_hook('spawner', 'ament_prefix_path')
[0.202s] INFO:colcon.colcon_core.shell:Creating environment hook '/home/charan-kasturi/turtlesim_project/install/spawner/share/spawner/hook/ament_prefix_path.ps1'
[0.202s] INFO:colcon.colcon_core.shell:Creating environment descriptor '/home/charan-kasturi/turtlesim_project/install/spawner/share/spawner/hook/ament_prefix_path.dsv'
[0.202s] INFO:colcon.colcon_core.shell:Creating environment hook '/home/charan-kasturi/turtlesim_project/install/spawner/share/spawner/hook/ament_prefix_path.sh'
[0.203s] INFO:colcon.colcon_core.shell:Skip shell extension 'powershell' for command environment: Not usable outside of PowerShell
[0.203s] DEBUG:colcon.colcon_core.shell:Skip shell extension 'dsv' for command environment
[0.379s] INFO:colcon.colcon_core.task.python.build:Building Python package in '/home/charan-kasturi/turtlesim_project/src/controller'
[0.379s] INFO:colcon.colcon_core.shell:Skip shell extension 'powershell' for command environment: Not usable outside of PowerShell
[0.379s] DEBUG:colcon.colcon_core.shell:Skip shell extension 'dsv' for command environment
[0.532s] INFO:colcon.colcon_core.task.python.build:Building Python package in '/home/charan-kasturi/turtlesim_project/src/spawner'
[0.532s] INFO:colcon.colcon_core.shell:Skip shell extension 'powershell' for command environment: Not usable outside of PowerShell
[0.532s] DEBUG:colcon.colcon_core.shell:Skip shell extension 'dsv' for command environment
[0.732s] DEBUG:colcon.colcon_core.event_handler.log_command:Invoking command in '/home/charan-kasturi/turtlesim_project/src/spawner': PYTHONPATH=/home/charan-kasturi/turtlesim_project/build/spawner/prefix_override:/usr/lib/python3/dist-packages/colcon_core/task/python/colcon_distutils_commands:/home/charan-kasturi/turtlesim_project/install/spawner/lib/python3.10/site-packages:${PYTHONPATH} /usr/bin/python3 -W ignore:setup.py install is deprecated -W ignore:easy_install command is deprecated setup.py egg_info --egg-base ../../build/spawner build --build-base /home/charan-kasturi/turtlesim_project/build/spawner/build install --record /home/charan-kasturi/turtlesim_project/build/spawner/install.log --single-version-externally-managed install_data
[0.733s] DEBUG:colcon.colcon_core.event_handler.log_command:Invoking command in '/home/charan-kasturi/turtlesim_project/src/controller': PYTHONPATH=/home/charan-kasturi/turtlesim_project/build/controller/prefix_override:/usr/lib/python3/dist-packages/colcon_core/task/python/colcon_distutils_commands:/home/charan-kasturi/turtlesim_project/install/controller/lib/python3.10/site-packages:${PYTHONPATH} /usr/bin/python3 -W ignore:setup.py install is deprecated -W ignore:easy_install command is deprecated setup.py egg_info --egg-base ../../build/controller build --build-base /home/charan-kasturi/turtlesim_project/build/controller/build install --record /home/charan-kasturi/turtlesim_project/build/controller/install.log --single-version-externally-managed install_data
[0.918s] DEBUG:colcon.colcon_core.event_handler.log_command:Invoked command in '/home/charan-kasturi/turtlesim_project/src/spawner' returned '0': PYTHONPATH=/home/charan-kasturi/turtlesim_project/build/spawner/prefix_override:/usr/lib/python3/dist-packages/colcon_core/task/python/colcon_distutils_commands:/home/charan-kasturi/turtlesim_project/install/spawner/lib/python3.10/site-packages:${PYTHONPATH} /usr/bin/python3 -W ignore:setup.py install is deprecated -W ignore:easy_install command is deprecated setup.py egg_info --egg-base ../../build/spawner build --build-base /home/charan-kasturi/turtlesim_project/build/spawner/build install --record /home/charan-kasturi/turtlesim_project/build/spawner/install.log --single-version-externally-managed install_data
[0.920s] Level 1:colcon.colcon_core.environment:checking '/home/charan-kasturi/turtlesim_project/install/spawner' for CMake module files
[0.921s] Level 1:colcon.colcon_core.environment:checking '/home/charan-kasturi/turtlesim_project/install/spawner' for CMake config files
[0.921s] Level 1:colcon.colcon_core.environment:checking '/home/charan-kasturi/turtlesim_project/install/spawner/lib'
[0.921s] Level 1:colcon.colcon_core.environment:checking '/home/charan-kasturi/turtlesim_project/install/spawner/bin'
[0.921s] Level 1:colcon.colcon_core.environment:checking '/home/charan-kasturi/turtlesim_project/install/spawner/lib/pkgconfig/spawner.pc'
[0.921s] Level 1:colcon.colcon_core.environment:checking '/home/charan-kasturi/turtlesim_project/install/spawner/lib/python3.10/site-packages'
[0.921s] Level 1:colcon.colcon_core.shell:create_environment_hook('spawner', 'pythonpath')
[0.921s] INFO:colcon.colcon_core.shell:Creating environment hook '/home/charan-kasturi/turtlesim_project/install/spawner/share/spawner/hook/pythonpath.ps1'
[0.922s] INFO:colcon.colcon_core.shell:Creating environment descriptor '/home/charan-kasturi/turtlesim_project/install/spawner/share/spawner/hook/pythonpath.dsv'
[0.922s] INFO:colcon.colcon_core.shell:Creating environment hook '/home/charan-kasturi/turtlesim_project/install/spawner/share/spawner/hook/pythonpath.sh'
[0.922s] Level 1:colcon.colcon_core.environment:checking '/home/charan-kasturi/turtlesim_project/install/spawner/bin'
[0.922s] Level 1:colcon.colcon_core.environment:create_environment_scripts_only(spawner)
[0.922s] INFO:colcon.colcon_core.shell:Creating package script '/home/charan-kasturi/turtlesim_project/install/spawner/share/spawner/package.ps1'
[0.923s] INFO:colcon.colcon_core.shell:Creating package descriptor '/home/charan-kasturi/turtlesim_project/install/spawner/share/spawner/package.dsv'
[0.923s] INFO:colcon.colcon_core.shell:Creating package script '/home/charan-kasturi/turtlesim_project/install/spawner/share/spawner/package.sh'
[0.923s] INFO:colcon.colcon_core.shell:Creating package script '/home/charan-kasturi/turtlesim_project/install/spawner/share/spawner/package.bash'
[0.924s] INFO:colcon.colcon_core.shell:Creating package script '/home/charan-kasturi/turtlesim_project/install/spawner/share/spawner/package.zsh'
[0.924s] Level 1:colcon.colcon_core.environment:create_file_with_runtime_dependencies(/home/charan-kasturi/turtlesim_project/install/spawner/share/colcon-core/packages/spawner)
[0.925s] Level 1:colcon.colcon_core.environment:checking '/home/charan-kasturi/turtlesim_project/install/controller' for CMake module files
[0.925s] Level 1:colcon.colcon_core.environment:checking '/home/charan-kasturi/turtlesim_project/install/controller' for CMake config files
[0.926s] DEBUG:colcon.colcon_core.event_handler.log_command:Invoked command in '/home/charan-kasturi/turtlesim_project/src/controller' returned '0': PYTHONPATH=/home/charan-kasturi/turtlesim_project/build/controller/prefix_override:/usr/lib/python3/dist-packages/colcon_core/task/python/colcon_distutils_commands:/home/charan-kasturi/turtlesim_project/install/controller/lib/python3.10/site-packages:${PYTHONPATH} /usr/bin/python3 -W ignore:setup.py install is deprecated -W ignore:easy_install command is deprecated setup.py egg_info --egg-base ../../build/controller build --build-base /home/charan-kasturi/turtlesim_project/build/controller/build install --record /home/charan-kasturi/turtlesim_project/build/controller/install.log --single-version-externally-managed install_data
[0.926s] Level 1:colcon.colcon_core.environment:checking '/home/charan-kasturi/turtlesim_project/install/controller/lib'
[0.926s] Level 1:colcon.colcon_core.environment:checking '/home/charan-kasturi/turtlesim_project/install/controller/bin'
[0.926s] Level 1:colcon.colcon_core.environment:checking '/home/charan-kasturi/turtlesim_project/install/controller/lib/pkgconfig/controller.pc'
[0.926s] Level 1:colcon.colcon_core.environment:checking '/home/charan-kasturi/turtlesim_project/install/controller/lib/python3.10/site-packages'
[0.926s] Level 1:colcon.colcon_core.shell:create_environment_hook('controller', 'pythonpath')
[0.926s] INFO:colcon.colcon_core.shell:Creating environment hook '/home/charan-kasturi/turtlesim_project/install/controller/share/controller/hook/pythonpath.ps1'
[0.926s] INFO:colcon.colcon_core.shell:Creating environment descriptor '/home/charan-kasturi/turtlesim_project/install/controller/share/controller/hook/pythonpath.dsv'
[0.927s] INFO:colcon.colcon_core.shell:Creating environment hook '/home/charan-kasturi/turtlesim_project/install/controller/share/controller/hook/pythonpath.sh'
[0.927s] Level 1:colcon.colcon_core.environment:checking '/home/charan-kasturi/turtlesim_project/install/controller/bin'
[0.927s] Level 1:colcon.colcon_core.environment:create_environment_scripts_only(controller)
[0.927s] INFO:colcon.colcon_core.shell:Creating package script '/home/charan-kasturi/turtlesim_project/install/controller/share/controller/package.ps1'
[0.927s] INFO:colcon.colcon_core.shell:Creating package descriptor '/home/charan-kasturi/turtlesim_project/install/controller/share/controller/package.dsv'
[0.927s] INFO:colcon.colcon_core.shell:Creating package script '/home/charan-kasturi/turtlesim_project/install/controller/share/controller/package.sh'
[0.928s] INFO:colcon.colcon_core.shell:Creating package script '/home/charan-kasturi/turtlesim_project/install/controller/share/controller/package.bash'
[0.928s] INFO:colcon.colcon_core.shell:Creating package script '/home/charan-kasturi/turtlesim_project/install/controller/share/controller/package.zsh'
[0.928s] Level 1:colcon.colcon_core.environment:create_file_with_runtime_dependencies(/home/charan-kasturi/turtlesim_project/install/controller/share/colcon-core/packages/controller)
[0.928s] DEBUG:colcon.colcon_parallel_executor.executor.parallel:closing loop
[0.928s] DEBUG:colcon.colcon_parallel_executor.executor.parallel:loop closed
[0.928s] DEBUG:colcon.colcon_parallel_executor.executor.parallel:run_until_complete finished with '0'
[0.928s] DEBUG:colcon.colcon_core.event_reactor:joining thread
[0.932s] INFO:colcon.colcon_core.plugin_system:Skipping extension 'colcon_notification.desktop_notification.terminal_notifier': Not used on non-Darwin systems
[0.932s] INFO:colcon.colcon_core.plugin_system:Skipping extension 'colcon_notification.desktop_notification.win32': Not used on non-Windows systems
[0.932s] INFO:colcon.colcon_notification.desktop_notification:Sending desktop notification using 'notify2'
[0.939s] DEBUG:colcon.colcon_core.event_reactor:joined thread
[0.939s] INFO:colcon.colcon_core.shell:Creating prefix script '/home/charan-kasturi/turtlesim_project/install/local_setup.ps1'
[0.939s] INFO:colcon.colcon_core.shell:Creating prefix util module '/home/charan-kasturi/turtlesim_project/install/_local_setup_util_ps1.py'
[0.940s] INFO:colcon.colcon_core.shell:Creating prefix chain script '/home/charan-kasturi/turtlesim_project/install/setup.ps1'
[0.941s] INFO:colcon.colcon_core.shell:Creating prefix script '/home/charan-kasturi/turtlesim_project/install/local_setup.sh'
[0.941s] INFO:colcon.colcon_core.shell:Creating prefix util module '/home/charan-kasturi/turtlesim_project/install/_local_setup_util_sh.py'
[0.941s] INFO:colcon.colcon_core.shell:Creating prefix chain script '/home/charan-kasturi/turtlesim_project/install/setup.sh'
[0.942s] INFO:colcon.colcon_core.shell:Creating prefix script '/home/charan-kasturi/turtlesim_project/install/local_setup.bash'
[0.942s] INFO:colcon.colcon_core.shell:Creating prefix chain script '/home/charan-kasturi/turtlesim_project/install/setup.bash'
[0.943s] INFO:colcon.colcon_core.shell:Creating prefix script '/home/charan-kasturi/turtlesim_project/install/local_setup.zsh'
[0.943s] INFO:colcon.colcon_core.shell:Creating prefix chain script '/home/charan-kasturi/turtlesim_project/install/setup.zsh'
