[0.012s] Invoking command in '/home/charan-kasturi/turtlesim_project/build/custom_interfaces': CMAKE_PREFIX_PATH=${CMAKE_PREFIX_PATH}:/home/charan-kasturi/turtlesim_project/install/spawner:/home/charan-kasturi/turtlesim_project/install/controller:/home/charan-kasturi/sub_and_pub/install/subscriber:/home/charan-kasturi/sub_and_pub/install/publisher:/home/charan-kasturi/custom_msg/install/led:/home/charan-kasturi/custom_msg/install/custom:/home/charan-kasturi/custom_msg/install/battery:/home/charan-kasturi/client_and_server/install/server:/home/charan-kasturi/client_and_server/install/client:/home/charan-kasturi/install/subscriber:/home/charan-kasturi/install/server:/home/charan-kasturi/install/py_pkg:/home/charan-kasturi/install/publisher:/home/charan-kasturi/install/client:/home/charan-kasturi/ros2_ws/install/py_pkg:/opt/ros/humble /usr/bin/cmake --build /home/charan-kasturi/turtlesim_project/build/custom_interfaces -- -j20 -l20
[0.028s] -- Found ament_cmake: 1.3.10 (/opt/ros/humble/share/ament_cmake/cmake)
[0.117s] -- Found rosidl_default_generators: 1.2.0 (/opt/ros/humble/share/rosidl_default_generators/cmake)
[0.119s] -- Using all available rosidl_typesupport_c: rosidl_typesupport_fastrtps_c;rosidl_typesupport_introspection_c
[0.121s] -- Found rosidl_adapter: 3.1.5 (/opt/ros/humble/share/rosidl_adapter/cmake)
[0.137s] -- Using all available rosidl_typesupport_cpp: rosidl_typesupport_fastrtps_cpp;rosidl_typesupport_introspection_cpp
[0.359s] -- Found ament_cmake_ros: 0.10.0 (/opt/ros/humble/share/ament_cmake_ros/cmake)
[0.523s] -- Using all available rosidl_typesupport_c: rosidl_typesupport_fastrtps_c;rosidl_typesupport_introspection_c
[0.703s] -- Using all available rosidl_typesupport_cpp: rosidl_typesupport_fastrtps_cpp;rosidl_typesupport_introspection_cpp
[0.720s] -- Found python_cmake_module: 0.10.0 (/opt/ros/humble/share/python_cmake_module/cmake)
[0.736s] -- Using PYTHON_EXECUTABLE: /usr/bin/python3
[0.736s] -- Using PYTHON_INCLUDE_DIRS: /usr/include/python3.10
[0.736s] -- Using PYTHON_LIBRARIES: /usr/lib/x86_64-linux-gnu/libpython3.10.so
[0.746s] -- Configuring done
[0.762s] -- Generating done
[0.768s] -- Build files have been written to: /home/charan-kasturi/turtlesim_project/build/custom_interfaces
[0.786s] [  2%] [34m[1mGenerating C code for ROS interfaces[0m
[0.795s] [  5%] [34m[1mGenerating C++ code for ROS interfaces[0m
[0.803s] [  5%] Built target ament_cmake_python_copy_custom_interfaces
[0.992s] running egg_info
[0.992s] writing custom_interfaces.egg-info/PKG-INFO
[0.993s] writing dependency_links to custom_interfaces.egg-info/dependency_links.txt
[0.993s] writing top-level names to custom_interfaces.egg-info/top_level.txt
[0.994s] reading manifest file 'custom_interfaces.egg-info/SOURCES.txt'
[0.994s] writing manifest file 'custom_interfaces.egg-info/SOURCES.txt'
[1.004s] [35m[1mConsolidate compiler generated dependencies of target custom_interfaces__rosidl_generator_c[0m
[1.013s] [ 10%] [32mBuilding C object CMakeFiles/custom_interfaces__rosidl_generator_c.dir/rosidl_generator_c/custom_interfaces/msg/detail/pose_list__functions.c.o[0m
[1.013s] [ 10%] [32mBuilding C object CMakeFiles/custom_interfaces__rosidl_generator_c.dir/rosidl_generator_c/custom_interfaces/msg/detail/new_turtle_pose__functions.c.o[0m
[1.015s] [ 10%] Built target ament_cmake_python_build_custom_interfaces_egg
[1.015s] [ 10%] Built target custom_interfaces__cpp
[1.022s] [ 12%] [34m[1mGenerating C++ introspection for ROS interfaces[0m
[1.024s] [ 15%] [34m[1mGenerating C++ type support dispatch for ROS interfaces[0m
[1.024s] [ 17%] [34m[1mGenerating C++ type support for eProsima Fast-RTPS[0m
[1.049s] [ 20%] [32m[1mLinking C shared library libcustom_interfaces__rosidl_generator_c.so[0m
[1.078s] [ 20%] Built target custom_interfaces__rosidl_generator_c
[1.087s] [ 23%] [34m[1mGenerating C introspection for ROS interfaces[0m
[1.087s] [ 25%] [34m[1mGenerating C type support dispatch for ROS interfaces[0m
[1.088s] [ 28%] [34m[1mGenerating C type support for eProsima Fast-RTPS[0m
[1.239s] [35m[1mConsolidate compiler generated dependencies of target custom_interfaces__rosidl_typesupport_cpp[0m
[1.252s] [ 30%] [32mBuilding CXX object CMakeFiles/custom_interfaces__rosidl_typesupport_cpp.dir/rosidl_typesupport_cpp/custom_interfaces/msg/pose_list__type_support.cpp.o[0m
[1.255s] [ 33%] [32mBuilding CXX object CMakeFiles/custom_interfaces__rosidl_typesupport_cpp.dir/rosidl_typesupport_cpp/custom_interfaces/msg/new_turtle_pose__type_support.cpp.o[0m
[1.257s] [35m[1mConsolidate compiler generated dependencies of target custom_interfaces__rosidl_typesupport_introspection_cpp[0m
[1.272s] [ 35%] [32mBuilding CXX object CMakeFiles/custom_interfaces__rosidl_typesupport_introspection_cpp.dir/rosidl_typesupport_introspection_cpp/custom_interfaces/msg/detail/pose_list__type_support.cpp.o[0m
[1.273s] [ 38%] [32mBuilding CXX object CMakeFiles/custom_interfaces__rosidl_typesupport_introspection_cpp.dir/rosidl_typesupport_introspection_cpp/custom_interfaces/msg/detail/new_turtle_pose__type_support.cpp.o[0m
[1.286s] [35m[1mConsolidate compiler generated dependencies of target custom_interfaces__rosidl_typesupport_fastrtps_cpp[0m
[1.302s] [ 43%] [32mBuilding CXX object CMakeFiles/custom_interfaces__rosidl_typesupport_fastrtps_cpp.dir/rosidl_typesupport_fastrtps_cpp/custom_interfaces/msg/detail/dds_fastrtps/pose_list__type_support.cpp.o[0m
[1.302s] [ 43%] [32mBuilding CXX object CMakeFiles/custom_interfaces__rosidl_typesupport_fastrtps_cpp.dir/rosidl_typesupport_fastrtps_cpp/custom_interfaces/msg/detail/dds_fastrtps/new_turtle_pose__type_support.cpp.o[0m
[1.332s] [35m[1mConsolidate compiler generated dependencies of target custom_interfaces__rosidl_typesupport_c[0m
[1.344s] [ 46%] [32mBuilding CXX object CMakeFiles/custom_interfaces__rosidl_typesupport_c.dir/rosidl_typesupport_c/custom_interfaces/msg/pose_list__type_support.cpp.o[0m
[1.345s] [ 48%] [32mBuilding CXX object CMakeFiles/custom_interfaces__rosidl_typesupport_c.dir/rosidl_typesupport_c/custom_interfaces/msg/new_turtle_pose__type_support.cpp.o[0m
[1.350s] [35m[1mConsolidate compiler generated dependencies of target custom_interfaces__rosidl_typesupport_introspection_c[0m
[1.360s] [ 51%] [32mBuilding C object CMakeFiles/custom_interfaces__rosidl_typesupport_introspection_c.dir/rosidl_typesupport_introspection_c/custom_interfaces/msg/detail/pose_list__type_support.c.o[0m
[1.361s] [ 53%] [32mBuilding C object CMakeFiles/custom_interfaces__rosidl_typesupport_introspection_c.dir/rosidl_typesupport_introspection_c/custom_interfaces/msg/detail/new_turtle_pose__type_support.c.o[0m
[1.361s] [35m[1mConsolidate compiler generated dependencies of target custom_interfaces__rosidl_typesupport_fastrtps_c[0m
[1.376s] [ 56%] [32mBuilding CXX object CMakeFiles/custom_interfaces__rosidl_typesupport_fastrtps_c.dir/rosidl_typesupport_fastrtps_c/custom_interfaces/msg/detail/pose_list__type_support_c.cpp.o[0m
[1.377s] [ 58%] [32mBuilding CXX object CMakeFiles/custom_interfaces__rosidl_typesupport_fastrtps_c.dir/rosidl_typesupport_fastrtps_c/custom_interfaces/msg/detail/new_turtle_pose__type_support_c.cpp.o[0m
[1.380s] [ 61%] [32m[1mLinking CXX shared library libcustom_interfaces__rosidl_typesupport_c.so[0m
[1.402s] [ 64%] [32m[1mLinking C shared library libcustom_interfaces__rosidl_typesupport_introspection_c.so[0m
[1.432s] [ 64%] Built target custom_interfaces__rosidl_typesupport_c
[1.442s] [ 64%] Built target custom_interfaces__rosidl_typesupport_introspection_c
[1.609s] [ 66%] [32m[1mLinking CXX shared library libcustom_interfaces__rosidl_typesupport_cpp.so[0m
[1.657s] [ 66%] Built target custom_interfaces__rosidl_typesupport_cpp
[1.663s] [ 69%] [32m[1mLinking CXX shared library libcustom_interfaces__rosidl_typesupport_introspection_cpp.so[0m
[1.675s] [ 71%] [32m[1mLinking CXX shared library libcustom_interfaces__rosidl_typesupport_fastrtps_c.so[0m
[1.678s] [ 74%] [32m[1mLinking CXX shared library libcustom_interfaces__rosidl_typesupport_fastrtps_cpp.so[0m
[1.721s] [ 74%] Built target custom_interfaces__rosidl_typesupport_introspection_cpp
[1.726s] [ 74%] Built target custom_interfaces__rosidl_typesupport_fastrtps_c
[1.731s] [ 74%] Built target custom_interfaces__rosidl_typesupport_fastrtps_cpp
[1.744s] [ 74%] Built target custom_interfaces
[1.756s] [ 76%] [34m[1mGenerating Python code for ROS interfaces[0m
[1.968s] [ 76%] Built target custom_interfaces__py
[1.975s] [35m[1mConsolidate compiler generated dependencies of target custom_interfaces__rosidl_generator_py[0m
[1.983s] [ 79%] [32mBuilding C object CMakeFiles/custom_interfaces__rosidl_generator_py.dir/rosidl_generator_py/custom_interfaces/msg/_pose_list_s.c.o[0m
[1.984s] [ 82%] [32mBuilding C object CMakeFiles/custom_interfaces__rosidl_generator_py.dir/rosidl_generator_py/custom_interfaces/msg/_new_turtle_pose_s.c.o[0m
[2.053s] [ 84%] [32m[1mLinking C shared library rosidl_generator_py/custom_interfaces/libcustom_interfaces__rosidl_generator_py.so[0m
[2.079s] [ 84%] Built target custom_interfaces__rosidl_generator_py
[2.086s] [35m[1mConsolidate compiler generated dependencies of target custom_interfaces__rosidl_typesupport_introspection_c__pyext[0m
[2.086s] [35m[1mConsolidate compiler generated dependencies of target custom_interfaces__rosidl_typesupport_c__pyext[0m
[2.088s] [35m[1mConsolidate compiler generated dependencies of target custom_interfaces__rosidl_typesupport_fastrtps_c__pyext[0m
[2.093s] [ 87%] [32mBuilding C object CMakeFiles/custom_interfaces__rosidl_typesupport_introspection_c__pyext.dir/rosidl_generator_py/custom_interfaces/_custom_interfaces_s.ep.rosidl_typesupport_introspection_c.c.o[0m
[2.095s] [ 89%] [32mBuilding C object CMakeFiles/custom_interfaces__rosidl_typesupport_c__pyext.dir/rosidl_generator_py/custom_interfaces/_custom_interfaces_s.ep.rosidl_typesupport_c.c.o[0m
[2.098s] [ 92%] [32mBuilding C object CMakeFiles/custom_interfaces__rosidl_typesupport_fastrtps_c__pyext.dir/rosidl_generator_py/custom_interfaces/_custom_interfaces_s.ep.rosidl_typesupport_fastrtps_c.c.o[0m
[2.161s] [ 94%] [32m[1mLinking C shared library rosidl_generator_py/custom_interfaces/custom_interfaces_s__rosidl_typesupport_introspection_c.cpython-310-x86_64-linux-gnu.so[0m
[2.164s] [ 97%] [32m[1mLinking C shared library rosidl_generator_py/custom_interfaces/custom_interfaces_s__rosidl_typesupport_c.cpython-310-x86_64-linux-gnu.so[0m
[2.167s] [100%] [32m[1mLinking C shared library rosidl_generator_py/custom_interfaces/custom_interfaces_s__rosidl_typesupport_fastrtps_c.cpython-310-x86_64-linux-gnu.so[0m
[2.186s] [100%] Built target custom_interfaces__rosidl_typesupport_c__pyext
[2.188s] [100%] Built target custom_interfaces__rosidl_typesupport_introspection_c__pyext
[2.189s] [100%] Built target custom_interfaces__rosidl_typesupport_fastrtps_c__pyext
[2.198s] Invoked command in '/home/charan-kasturi/turtlesim_project/build/custom_interfaces' returned '0': CMAKE_PREFIX_PATH=${CMAKE_PREFIX_PATH}:/home/charan-kasturi/turtlesim_project/install/spawner:/home/charan-kasturi/turtlesim_project/install/controller:/home/charan-kasturi/sub_and_pub/install/subscriber:/home/charan-kasturi/sub_and_pub/install/publisher:/home/charan-kasturi/custom_msg/install/led:/home/charan-kasturi/custom_msg/install/custom:/home/charan-kasturi/custom_msg/install/battery:/home/charan-kasturi/client_and_server/install/server:/home/charan-kasturi/client_and_server/install/client:/home/charan-kasturi/install/subscriber:/home/charan-kasturi/install/server:/home/charan-kasturi/install/py_pkg:/home/charan-kasturi/install/publisher:/home/charan-kasturi/install/client:/home/charan-kasturi/ros2_ws/install/py_pkg:/opt/ros/humble /usr/bin/cmake --build /home/charan-kasturi/turtlesim_project/build/custom_interfaces -- -j20 -l20
[2.204s] Invoking command in '/home/charan-kasturi/turtlesim_project/build/custom_interfaces': CMAKE_PREFIX_PATH=${CMAKE_PREFIX_PATH}:/home/charan-kasturi/turtlesim_project/install/spawner:/home/charan-kasturi/turtlesim_project/install/controller:/home/charan-kasturi/sub_and_pub/install/subscriber:/home/charan-kasturi/sub_and_pub/install/publisher:/home/charan-kasturi/custom_msg/install/led:/home/charan-kasturi/custom_msg/install/custom:/home/charan-kasturi/custom_msg/install/battery:/home/charan-kasturi/client_and_server/install/server:/home/charan-kasturi/client_and_server/install/client:/home/charan-kasturi/install/subscriber:/home/charan-kasturi/install/server:/home/charan-kasturi/install/py_pkg:/home/charan-kasturi/install/publisher:/home/charan-kasturi/install/client:/home/charan-kasturi/ros2_ws/install/py_pkg:/opt/ros/humble /usr/bin/cmake --install /home/charan-kasturi/turtlesim_project/build/custom_interfaces
[2.209s] -- Install configuration: ""
[2.209s] -- Up-to-date: /home/charan-kasturi/turtlesim_project/install/custom_interfaces/share/ament_index/resource_index/rosidl_interfaces/custom_interfaces
[2.209s] -- Up-to-date: /home/charan-kasturi/turtlesim_project/install/custom_interfaces/include/custom_interfaces/custom_interfaces
[2.209s] -- Up-to-date: /home/charan-kasturi/turtlesim_project/install/custom_interfaces/include/custom_interfaces/custom_interfaces/msg
[2.209s] -- Up-to-date: /home/charan-kasturi/turtlesim_project/install/custom_interfaces/include/custom_interfaces/custom_interfaces/msg/detail
[2.209s] -- Installing: /home/charan-kasturi/turtlesim_project/install/custom_interfaces/include/custom_interfaces/custom_interfaces/msg/detail/new_turtle_pose__struct.h
[2.209s] -- Installing: /home/charan-kasturi/turtlesim_project/install/custom_interfaces/include/custom_interfaces/custom_interfaces/msg/detail/new_turtle_pose__functions.c
[2.209s] -- Installing: /home/charan-kasturi/turtlesim_project/install/custom_interfaces/include/custom_interfaces/custom_interfaces/msg/detail/pose_list__functions.h
[2.209s] -- Installing: /home/charan-kasturi/turtlesim_project/install/custom_interfaces/include/custom_interfaces/custom_interfaces/msg/detail/new_turtle_pose__functions.h
[2.209s] -- Installing: /home/charan-kasturi/turtlesim_project/install/custom_interfaces/include/custom_interfaces/custom_interfaces/msg/detail/new_turtle_pose__type_support.h
[2.209s] -- Installing: /home/charan-kasturi/turtlesim_project/install/custom_interfaces/include/custom_interfaces/custom_interfaces/msg/detail/pose_list__struct.h
[2.209s] -- Installing: /home/charan-kasturi/turtlesim_project/install/custom_interfaces/include/custom_interfaces/custom_interfaces/msg/detail/pose_list__functions.c
[2.209s] -- Installing: /home/charan-kasturi/turtlesim_project/install/custom_interfaces/include/custom_interfaces/custom_interfaces/msg/detail/pose_list__type_support.h
[2.209s] -- Up-to-date: /home/charan-kasturi/turtlesim_project/install/custom_interfaces/include/custom_interfaces/custom_interfaces/msg/rosidl_generator_c__visibility_control.h
[2.209s] -- Installing: /home/charan-kasturi/turtlesim_project/install/custom_interfaces/include/custom_interfaces/custom_interfaces/msg/new_turtle_pose.h
[2.209s] -- Installing: /home/charan-kasturi/turtlesim_project/install/custom_interfaces/include/custom_interfaces/custom_interfaces/msg/pose_list.h
[2.209s] -- Up-to-date: /home/charan-kasturi/turtlesim_project/install/custom_interfaces/share/custom_interfaces/environment/library_path.sh
[2.209s] -- Installing: /home/charan-kasturi/turtlesim_project/install/custom_interfaces/share/custom_interfaces/environment/library_path.dsv
[2.209s] -- Installing: /home/charan-kasturi/turtlesim_project/install/custom_interfaces/lib/libcustom_interfaces__rosidl_generator_c.so
[2.209s] -- Set runtime path of "/home/charan-kasturi/turtlesim_project/install/custom_interfaces/lib/libcustom_interfaces__rosidl_generator_c.so" to ""
[2.209s] -- Up-to-date: /home/charan-kasturi/turtlesim_project/install/custom_interfaces/include/custom_interfaces/custom_interfaces
[2.210s] -- Up-to-date: /home/charan-kasturi/turtlesim_project/install/custom_interfaces/include/custom_interfaces/custom_interfaces/msg
[2.210s] -- Up-to-date: /home/charan-kasturi/turtlesim_project/install/custom_interfaces/include/custom_interfaces/custom_interfaces/msg/detail
[2.210s] -- Installing: /home/charan-kasturi/turtlesim_project/install/custom_interfaces/include/custom_interfaces/custom_interfaces/msg/detail/new_turtle_pose__rosidl_typesupport_fastrtps_c.h
[2.210s] -- Installing: /home/charan-kasturi/turtlesim_project/install/custom_interfaces/include/custom_interfaces/custom_interfaces/msg/detail/pose_list__rosidl_typesupport_fastrtps_c.h
[2.210s] -- Up-to-date: /home/charan-kasturi/turtlesim_project/install/custom_interfaces/include/custom_interfaces/custom_interfaces/msg/rosidl_typesupport_fastrtps_c__visibility_control.h
[2.210s] -- Installing: /home/charan-kasturi/turtlesim_project/install/custom_interfaces/lib/libcustom_interfaces__rosidl_typesupport_fastrtps_c.so
[2.210s] -- Set runtime path of "/home/charan-kasturi/turtlesim_project/install/custom_interfaces/lib/libcustom_interfaces__rosidl_typesupport_fastrtps_c.so" to ""
[2.210s] -- Up-to-date: /home/charan-kasturi/turtlesim_project/install/custom_interfaces/include/custom_interfaces/custom_interfaces
[2.210s] -- Up-to-date: /home/charan-kasturi/turtlesim_project/install/custom_interfaces/include/custom_interfaces/custom_interfaces/msg
[2.210s] -- Up-to-date: /home/charan-kasturi/turtlesim_project/install/custom_interfaces/include/custom_interfaces/custom_interfaces/msg/detail
[2.210s] -- Installing: /home/charan-kasturi/turtlesim_project/install/custom_interfaces/include/custom_interfaces/custom_interfaces/msg/detail/pose_list__rosidl_typesupport_introspection_c.h
[2.210s] -- Installing: /home/charan-kasturi/turtlesim_project/install/custom_interfaces/include/custom_interfaces/custom_interfaces/msg/detail/pose_list__type_support.c
[2.210s] -- Installing: /home/charan-kasturi/turtlesim_project/install/custom_interfaces/include/custom_interfaces/custom_interfaces/msg/detail/new_turtle_pose__type_support.c
[2.210s] -- Installing: /home/charan-kasturi/turtlesim_project/install/custom_interfaces/include/custom_interfaces/custom_interfaces/msg/detail/new_turtle_pose__rosidl_typesupport_introspection_c.h
[2.210s] -- Up-to-date: /home/charan-kasturi/turtlesim_project/install/custom_interfaces/include/custom_interfaces/custom_interfaces/msg/rosidl_typesupport_introspection_c__visibility_control.h
[2.210s] -- Installing: /home/charan-kasturi/turtlesim_project/install/custom_interfaces/lib/libcustom_interfaces__rosidl_typesupport_introspection_c.so
[2.210s] -- Set runtime path of "/home/charan-kasturi/turtlesim_project/install/custom_interfaces/lib/libcustom_interfaces__rosidl_typesupport_introspection_c.so" to ""
[2.210s] -- Installing: /home/charan-kasturi/turtlesim_project/install/custom_interfaces/lib/libcustom_interfaces__rosidl_typesupport_c.so
[2.210s] -- Set runtime path of "/home/charan-kasturi/turtlesim_project/install/custom_interfaces/lib/libcustom_interfaces__rosidl_typesupport_c.so" to ""
[2.210s] -- Up-to-date: /home/charan-kasturi/turtlesim_project/install/custom_interfaces/include/custom_interfaces/custom_interfaces
[2.211s] -- Up-to-date: /home/charan-kasturi/turtlesim_project/install/custom_interfaces/include/custom_interfaces/custom_interfaces/msg
[2.211s] -- Up-to-date: /home/charan-kasturi/turtlesim_project/install/custom_interfaces/include/custom_interfaces/custom_interfaces/msg/detail
[2.211s] -- Installing: /home/charan-kasturi/turtlesim_project/install/custom_interfaces/include/custom_interfaces/custom_interfaces/msg/detail/pose_list__traits.hpp
[2.211s] -- Installing: /home/charan-kasturi/turtlesim_project/install/custom_interfaces/include/custom_interfaces/custom_interfaces/msg/detail/new_turtle_pose__builder.hpp
[2.211s] -- Installing: /home/charan-kasturi/turtlesim_project/install/custom_interfaces/include/custom_interfaces/custom_interfaces/msg/detail/pose_list__builder.hpp
[2.211s] -- Installing: /home/charan-kasturi/turtlesim_project/install/custom_interfaces/include/custom_interfaces/custom_interfaces/msg/detail/pose_list__struct.hpp
[2.211s] -- Installing: /home/charan-kasturi/turtlesim_project/install/custom_interfaces/include/custom_interfaces/custom_interfaces/msg/detail/new_turtle_pose__struct.hpp
[2.211s] -- Installing: /home/charan-kasturi/turtlesim_project/install/custom_interfaces/include/custom_interfaces/custom_interfaces/msg/detail/new_turtle_pose__traits.hpp
[2.211s] -- Installing: /home/charan-kasturi/turtlesim_project/install/custom_interfaces/include/custom_interfaces/custom_interfaces/msg/pose_list.hpp
[2.211s] -- Installing: /home/charan-kasturi/turtlesim_project/install/custom_interfaces/include/custom_interfaces/custom_interfaces/msg/new_turtle_pose.hpp
[2.211s] -- Up-to-date: /home/charan-kasturi/turtlesim_project/install/custom_interfaces/include/custom_interfaces/custom_interfaces
[2.211s] -- Up-to-date: /home/charan-kasturi/turtlesim_project/install/custom_interfaces/include/custom_interfaces/custom_interfaces/msg
[2.211s] -- Up-to-date: /home/charan-kasturi/turtlesim_project/install/custom_interfaces/include/custom_interfaces/custom_interfaces/msg/detail
[2.211s] -- Installing: /home/charan-kasturi/turtlesim_project/install/custom_interfaces/include/custom_interfaces/custom_interfaces/msg/detail/pose_list__rosidl_typesupport_fastrtps_cpp.hpp
[2.211s] -- Installing: /home/charan-kasturi/turtlesim_project/install/custom_interfaces/include/custom_interfaces/custom_interfaces/msg/detail/new_turtle_pose__rosidl_typesupport_fastrtps_cpp.hpp
[2.211s] -- Up-to-date: /home/charan-kasturi/turtlesim_project/install/custom_interfaces/include/custom_interfaces/custom_interfaces/msg/detail/dds_fastrtps
[2.211s] -- Up-to-date: /home/charan-kasturi/turtlesim_project/install/custom_interfaces/include/custom_interfaces/custom_interfaces/msg/rosidl_typesupport_fastrtps_cpp__visibility_control.h
[2.211s] -- Installing: /home/charan-kasturi/turtlesim_project/install/custom_interfaces/lib/libcustom_interfaces__rosidl_typesupport_fastrtps_cpp.so
[2.211s] -- Set runtime path of "/home/charan-kasturi/turtlesim_project/install/custom_interfaces/lib/libcustom_interfaces__rosidl_typesupport_fastrtps_cpp.so" to ""
[2.211s] -- Up-to-date: /home/charan-kasturi/turtlesim_project/install/custom_interfaces/include/custom_interfaces/custom_interfaces
[2.211s] -- Up-to-date: /home/charan-kasturi/turtlesim_project/install/custom_interfaces/include/custom_interfaces/custom_interfaces/msg
[2.211s] -- Up-to-date: /home/charan-kasturi/turtlesim_project/install/custom_interfaces/include/custom_interfaces/custom_interfaces/msg/detail
[2.211s] -- Installing: /home/charan-kasturi/turtlesim_project/install/custom_interfaces/include/custom_interfaces/custom_interfaces/msg/detail/pose_list__rosidl_typesupport_introspection_cpp.hpp
[2.211s] -- Installing: /home/charan-kasturi/turtlesim_project/install/custom_interfaces/include/custom_interfaces/custom_interfaces/msg/detail/new_turtle_pose__type_support.cpp
[2.211s] -- Installing: /home/charan-kasturi/turtlesim_project/install/custom_interfaces/include/custom_interfaces/custom_interfaces/msg/detail/new_turtle_pose__rosidl_typesupport_introspection_cpp.hpp
[2.211s] -- Installing: /home/charan-kasturi/turtlesim_project/install/custom_interfaces/include/custom_interfaces/custom_interfaces/msg/detail/pose_list__type_support.cpp
[2.211s] -- Installing: /home/charan-kasturi/turtlesim_project/install/custom_interfaces/lib/libcustom_interfaces__rosidl_typesupport_introspection_cpp.so
[2.212s] -- Set runtime path of "/home/charan-kasturi/turtlesim_project/install/custom_interfaces/lib/libcustom_interfaces__rosidl_typesupport_introspection_cpp.so" to ""
[2.212s] -- Installing: /home/charan-kasturi/turtlesim_project/install/custom_interfaces/lib/libcustom_interfaces__rosidl_typesupport_cpp.so
[2.212s] -- Set runtime path of "/home/charan-kasturi/turtlesim_project/install/custom_interfaces/lib/libcustom_interfaces__rosidl_typesupport_cpp.so" to ""
[2.212s] -- Up-to-date: /home/charan-kasturi/turtlesim_project/install/custom_interfaces/share/custom_interfaces/environment/pythonpath.sh
[2.212s] -- Installing: /home/charan-kasturi/turtlesim_project/install/custom_interfaces/share/custom_interfaces/environment/pythonpath.dsv
[2.212s] -- Up-to-date: /home/charan-kasturi/turtlesim_project/install/custom_interfaces/local/lib/python3.10/dist-packages/custom_interfaces-0.0.0-py3.10.egg-info
[2.212s] -- Installing: /home/charan-kasturi/turtlesim_project/install/custom_interfaces/local/lib/python3.10/dist-packages/custom_interfaces-0.0.0-py3.10.egg-info/dependency_links.txt
[2.212s] -- Installing: /home/charan-kasturi/turtlesim_project/install/custom_interfaces/local/lib/python3.10/dist-packages/custom_interfaces-0.0.0-py3.10.egg-info/SOURCES.txt
[2.212s] -- Installing: /home/charan-kasturi/turtlesim_project/install/custom_interfaces/local/lib/python3.10/dist-packages/custom_interfaces-0.0.0-py3.10.egg-info/PKG-INFO
[2.212s] -- Installing: /home/charan-kasturi/turtlesim_project/install/custom_interfaces/local/lib/python3.10/dist-packages/custom_interfaces-0.0.0-py3.10.egg-info/top_level.txt
[2.212s] -- Up-to-date: /home/charan-kasturi/turtlesim_project/install/custom_interfaces/local/lib/python3.10/dist-packages/custom_interfaces
[2.212s] -- Up-to-date: /home/charan-kasturi/turtlesim_project/install/custom_interfaces/local/lib/python3.10/dist-packages/custom_interfaces/msg
[2.212s] -- Installing: /home/charan-kasturi/turtlesim_project/install/custom_interfaces/local/lib/python3.10/dist-packages/custom_interfaces/msg/_pose_list_s.c
[2.212s] -- Installing: /home/charan-kasturi/turtlesim_project/install/custom_interfaces/local/lib/python3.10/dist-packages/custom_interfaces/msg/_pose_list.py
[2.212s] -- Installing: /home/charan-kasturi/turtlesim_project/install/custom_interfaces/local/lib/python3.10/dist-packages/custom_interfaces/msg/_new_turtle_pose.py
[2.212s] -- Installing: /home/charan-kasturi/turtlesim_project/install/custom_interfaces/local/lib/python3.10/dist-packages/custom_interfaces/msg/__init__.py
[2.212s] -- Installing: /home/charan-kasturi/turtlesim_project/install/custom_interfaces/local/lib/python3.10/dist-packages/custom_interfaces/msg/_new_turtle_pose_s.c
[2.212s] -- Installing: /home/charan-kasturi/turtlesim_project/install/custom_interfaces/local/lib/python3.10/dist-packages/custom_interfaces/custom_interfaces_s__rosidl_typesupport_introspection_c.cpython-310-x86_64-linux-gnu.so
[2.212s] -- Installing: /home/charan-kasturi/turtlesim_project/install/custom_interfaces/local/lib/python3.10/dist-packages/custom_interfaces/libcustom_interfaces__rosidl_generator_py.so
[2.212s] -- Installing: /home/charan-kasturi/turtlesim_project/install/custom_interfaces/local/lib/python3.10/dist-packages/custom_interfaces/custom_interfaces_s__rosidl_typesupport_fastrtps_c.cpython-310-x86_64-linux-gnu.so
[2.212s] -- Installing: /home/charan-kasturi/turtlesim_project/install/custom_interfaces/local/lib/python3.10/dist-packages/custom_interfaces/__init__.py
[2.212s] -- Installing: /home/charan-kasturi/turtlesim_project/install/custom_interfaces/local/lib/python3.10/dist-packages/custom_interfaces/_custom_interfaces_s.ep.rosidl_typesupport_c.c
[2.213s] -- Installing: /home/charan-kasturi/turtlesim_project/install/custom_interfaces/local/lib/python3.10/dist-packages/custom_interfaces/_custom_interfaces_s.ep.rosidl_typesupport_introspection_c.c
[2.213s] -- Installing: /home/charan-kasturi/turtlesim_project/install/custom_interfaces/local/lib/python3.10/dist-packages/custom_interfaces/_custom_interfaces_s.ep.rosidl_typesupport_fastrtps_c.c
[2.213s] -- Installing: /home/charan-kasturi/turtlesim_project/install/custom_interfaces/local/lib/python3.10/dist-packages/custom_interfaces/custom_interfaces_s__rosidl_typesupport_c.cpython-310-x86_64-linux-gnu.so
[2.239s] Listing '/home/charan-kasturi/turtlesim_project/install/custom_interfaces/local/lib/python3.10/dist-packages/custom_interfaces'...
[2.239s] Compiling '/home/charan-kasturi/turtlesim_project/install/custom_interfaces/local/lib/python3.10/dist-packages/custom_interfaces/__init__.py'...
[2.239s] Listing '/home/charan-kasturi/turtlesim_project/install/custom_interfaces/local/lib/python3.10/dist-packages/custom_interfaces/msg'...
[2.239s] Compiling '/home/charan-kasturi/turtlesim_project/install/custom_interfaces/local/lib/python3.10/dist-packages/custom_interfaces/msg/__init__.py'...
[2.239s] Compiling '/home/charan-kasturi/turtlesim_project/install/custom_interfaces/local/lib/python3.10/dist-packages/custom_interfaces/msg/_new_turtle_pose.py'...
[2.239s] Compiling '/home/charan-kasturi/turtlesim_project/install/custom_interfaces/local/lib/python3.10/dist-packages/custom_interfaces/msg/_pose_list.py'...
[2.243s] -- Installing: /home/charan-kasturi/turtlesim_project/install/custom_interfaces/local/lib/python3.10/dist-packages/custom_interfaces/custom_interfaces_s__rosidl_typesupport_fastrtps_c.cpython-310-x86_64-linux-gnu.so
[2.243s] -- Set runtime path of "/home/charan-kasturi/turtlesim_project/install/custom_interfaces/local/lib/python3.10/dist-packages/custom_interfaces/custom_interfaces_s__rosidl_typesupport_fastrtps_c.cpython-310-x86_64-linux-gnu.so" to ""
[2.243s] -- Installing: /home/charan-kasturi/turtlesim_project/install/custom_interfaces/local/lib/python3.10/dist-packages/custom_interfaces/custom_interfaces_s__rosidl_typesupport_introspection_c.cpython-310-x86_64-linux-gnu.so
[2.243s] -- Set runtime path of "/home/charan-kasturi/turtlesim_project/install/custom_interfaces/local/lib/python3.10/dist-packages/custom_interfaces/custom_interfaces_s__rosidl_typesupport_introspection_c.cpython-310-x86_64-linux-gnu.so" to ""
[2.243s] -- Installing: /home/charan-kasturi/turtlesim_project/install/custom_interfaces/local/lib/python3.10/dist-packages/custom_interfaces/custom_interfaces_s__rosidl_typesupport_c.cpython-310-x86_64-linux-gnu.so
[2.243s] -- Set runtime path of "/home/charan-kasturi/turtlesim_project/install/custom_interfaces/local/lib/python3.10/dist-packages/custom_interfaces/custom_interfaces_s__rosidl_typesupport_c.cpython-310-x86_64-linux-gnu.so" to ""
[2.243s] -- Installing: /home/charan-kasturi/turtlesim_project/install/custom_interfaces/lib/libcustom_interfaces__rosidl_generator_py.so
[2.243s] -- Set runtime path of "/home/charan-kasturi/turtlesim_project/install/custom_interfaces/lib/libcustom_interfaces__rosidl_generator_py.so" to ""
[2.244s] -- Installing: /home/charan-kasturi/turtlesim_project/install/custom_interfaces/share/custom_interfaces/msg/NewTurtlePose.idl
[2.244s] -- Up-to-date: /home/charan-kasturi/turtlesim_project/install/custom_interfaces/share/custom_interfaces/msg/PoseList.idl
[2.244s] -- Installing: /home/charan-kasturi/turtlesim_project/install/custom_interfaces/share/custom_interfaces/msg/NewTurtlePose.msg
[2.244s] -- Up-to-date: /home/charan-kasturi/turtlesim_project/install/custom_interfaces/share/custom_interfaces/msg/PoseList.msg
[2.244s] -- Up-to-date: /home/charan-kasturi/turtlesim_project/install/custom_interfaces/share/ament_index/resource_index/package_run_dependencies/custom_interfaces
[2.244s] -- Up-to-date: /home/charan-kasturi/turtlesim_project/install/custom_interfaces/share/ament_index/resource_index/parent_prefix_path/custom_interfaces
[2.244s] -- Up-to-date: /home/charan-kasturi/turtlesim_project/install/custom_interfaces/share/custom_interfaces/environment/ament_prefix_path.sh
[2.244s] -- Installing: /home/charan-kasturi/turtlesim_project/install/custom_interfaces/share/custom_interfaces/environment/ament_prefix_path.dsv
[2.244s] -- Up-to-date: /home/charan-kasturi/turtlesim_project/install/custom_interfaces/share/custom_interfaces/environment/path.sh
[2.244s] -- Installing: /home/charan-kasturi/turtlesim_project/install/custom_interfaces/share/custom_interfaces/environment/path.dsv
[2.244s] -- Up-to-date: /home/charan-kasturi/turtlesim_project/install/custom_interfaces/share/custom_interfaces/local_setup.bash
[2.244s] -- Up-to-date: /home/charan-kasturi/turtlesim_project/install/custom_interfaces/share/custom_interfaces/local_setup.sh
[2.244s] -- Up-to-date: /home/charan-kasturi/turtlesim_project/install/custom_interfaces/share/custom_interfaces/local_setup.zsh
[2.244s] -- Installing: /home/charan-kasturi/turtlesim_project/install/custom_interfaces/share/custom_interfaces/local_setup.dsv
[2.244s] -- Installing: /home/charan-kasturi/turtlesim_project/install/custom_interfaces/share/custom_interfaces/package.dsv
[2.244s] -- Up-to-date: /home/charan-kasturi/turtlesim_project/install/custom_interfaces/share/ament_index/resource_index/packages/custom_interfaces
[2.244s] -- Up-to-date: /home/charan-kasturi/turtlesim_project/install/custom_interfaces/share/custom_interfaces/cmake/export_custom_interfaces__rosidl_generator_cExport.cmake
[2.244s] -- Up-to-date: /home/charan-kasturi/turtlesim_project/install/custom_interfaces/share/custom_interfaces/cmake/export_custom_interfaces__rosidl_generator_cExport-noconfig.cmake
[2.244s] -- Up-to-date: /home/charan-kasturi/turtlesim_project/install/custom_interfaces/share/custom_interfaces/cmake/export_custom_interfaces__rosidl_typesupport_fastrtps_cExport.cmake
[2.244s] -- Up-to-date: /home/charan-kasturi/turtlesim_project/install/custom_interfaces/share/custom_interfaces/cmake/export_custom_interfaces__rosidl_typesupport_fastrtps_cExport-noconfig.cmake
[2.245s] -- Up-to-date: /home/charan-kasturi/turtlesim_project/install/custom_interfaces/share/custom_interfaces/cmake/custom_interfaces__rosidl_typesupport_introspection_cExport.cmake
[2.245s] -- Up-to-date: /home/charan-kasturi/turtlesim_project/install/custom_interfaces/share/custom_interfaces/cmake/custom_interfaces__rosidl_typesupport_introspection_cExport-noconfig.cmake
[2.245s] -- Up-to-date: /home/charan-kasturi/turtlesim_project/install/custom_interfaces/share/custom_interfaces/cmake/custom_interfaces__rosidl_typesupport_cExport.cmake
[2.245s] -- Up-to-date: /home/charan-kasturi/turtlesim_project/install/custom_interfaces/share/custom_interfaces/cmake/custom_interfaces__rosidl_typesupport_cExport-noconfig.cmake
[2.245s] -- Up-to-date: /home/charan-kasturi/turtlesim_project/install/custom_interfaces/share/custom_interfaces/cmake/export_custom_interfaces__rosidl_generator_cppExport.cmake
[2.245s] -- Up-to-date: /home/charan-kasturi/turtlesim_project/install/custom_interfaces/share/custom_interfaces/cmake/export_custom_interfaces__rosidl_typesupport_fastrtps_cppExport.cmake
[2.245s] -- Up-to-date: /home/charan-kasturi/turtlesim_project/install/custom_interfaces/share/custom_interfaces/cmake/export_custom_interfaces__rosidl_typesupport_fastrtps_cppExport-noconfig.cmake
[2.245s] -- Up-to-date: /home/charan-kasturi/turtlesim_project/install/custom_interfaces/share/custom_interfaces/cmake/custom_interfaces__rosidl_typesupport_introspection_cppExport.cmake
[2.245s] -- Up-to-date: /home/charan-kasturi/turtlesim_project/install/custom_interfaces/share/custom_interfaces/cmake/custom_interfaces__rosidl_typesupport_introspection_cppExport-noconfig.cmake
[2.245s] -- Up-to-date: /home/charan-kasturi/turtlesim_project/install/custom_interfaces/share/custom_interfaces/cmake/custom_interfaces__rosidl_typesupport_cppExport.cmake
[2.245s] -- Up-to-date: /home/charan-kasturi/turtlesim_project/install/custom_interfaces/share/custom_interfaces/cmake/custom_interfaces__rosidl_typesupport_cppExport-noconfig.cmake
[2.245s] -- Up-to-date: /home/charan-kasturi/turtlesim_project/install/custom_interfaces/share/custom_interfaces/cmake/export_custom_interfaces__rosidl_generator_pyExport.cmake
[2.245s] -- Up-to-date: /home/charan-kasturi/turtlesim_project/install/custom_interfaces/share/custom_interfaces/cmake/export_custom_interfaces__rosidl_generator_pyExport-noconfig.cmake
[2.245s] -- Up-to-date: /home/charan-kasturi/turtlesim_project/install/custom_interfaces/share/custom_interfaces/cmake/rosidl_cmake-extras.cmake
[2.245s] -- Up-to-date: /home/charan-kasturi/turtlesim_project/install/custom_interfaces/share/custom_interfaces/cmake/ament_cmake_export_include_directories-extras.cmake
[2.245s] -- Up-to-date: /home/charan-kasturi/turtlesim_project/install/custom_interfaces/share/custom_interfaces/cmake/ament_cmake_export_libraries-extras.cmake
[2.245s] -- Up-to-date: /home/charan-kasturi/turtlesim_project/install/custom_interfaces/share/custom_interfaces/cmake/ament_cmake_export_targets-extras.cmake
[2.245s] -- Up-to-date: /home/charan-kasturi/turtlesim_project/install/custom_interfaces/share/custom_interfaces/cmake/rosidl_cmake_export_typesupport_targets-extras.cmake
[2.245s] -- Up-to-date: /home/charan-kasturi/turtlesim_project/install/custom_interfaces/share/custom_interfaces/cmake/ament_cmake_export_dependencies-extras.cmake
[2.245s] -- Up-to-date: /home/charan-kasturi/turtlesim_project/install/custom_interfaces/share/custom_interfaces/cmake/rosidl_cmake_export_typesupport_libraries-extras.cmake
[2.245s] -- Up-to-date: /home/charan-kasturi/turtlesim_project/install/custom_interfaces/share/custom_interfaces/cmake/custom_interfacesConfig.cmake
[2.245s] -- Up-to-date: /home/charan-kasturi/turtlesim_project/install/custom_interfaces/share/custom_interfaces/cmake/custom_interfacesConfig-version.cmake
[2.245s] -- Up-to-date: /home/charan-kasturi/turtlesim_project/install/custom_interfaces/share/custom_interfaces/package.xml
[2.246s] Invoked command in '/home/charan-kasturi/turtlesim_project/build/custom_interfaces' returned '0': CMAKE_PREFIX_PATH=${CMAKE_PREFIX_PATH}:/home/charan-kasturi/turtlesim_project/install/spawner:/home/charan-kasturi/turtlesim_project/install/controller:/home/charan-kasturi/sub_and_pub/install/subscriber:/home/charan-kasturi/sub_and_pub/install/publisher:/home/charan-kasturi/custom_msg/install/led:/home/charan-kasturi/custom_msg/install/custom:/home/charan-kasturi/custom_msg/install/battery:/home/charan-kasturi/client_and_server/install/server:/home/charan-kasturi/client_and_server/install/client:/home/charan-kasturi/install/subscriber:/home/charan-kasturi/install/server:/home/charan-kasturi/install/py_pkg:/home/charan-kasturi/install/publisher:/home/charan-kasturi/install/client:/home/charan-kasturi/ros2_ws/install/py_pkg:/opt/ros/humble /usr/bin/cmake --install /home/charan-kasturi/turtlesim_project/build/custom_interfaces
