[0.566s] Invoking command in '/home/charan-kasturi/turtlesim_project/src/controller': PYTHONPATH=/home/charan-kasturi/turtlesim_project/build/controller/prefix_override:/usr/lib/python3/dist-packages/colcon_core/task/python/colcon_distutils_commands:/home/charan-kasturi/turtlesim_project/install/controller/lib/python3.10/site-packages:${PYTHONPATH} /usr/bin/python3 -W ignore:setup.py install is deprecated -W ignore:easy_install command is deprecated setup.py egg_info --egg-base ../../build/controller build --build-base /home/charan-kasturi/turtlesim_project/build/controller/build install --record /home/charan-kasturi/turtlesim_project/build/controller/install.log --single-version-externally-managed install_data
[0.727s] running egg_info
[0.728s] writing ../../build/controller/controller.egg-info/PKG-INFO
[0.728s] writing dependency_links to ../../build/controller/controller.egg-info/dependency_links.txt
[0.728s] writing entry points to ../../build/controller/controller.egg-info/entry_points.txt
[0.729s] writing requirements to ../../build/controller/controller.egg-info/requires.txt
[0.729s] writing top-level names to ../../build/controller/controller.egg-info/top_level.txt
[0.730s] reading manifest file '../../build/controller/controller.egg-info/SOURCES.txt'
[0.730s] writing manifest file '../../build/controller/controller.egg-info/SOURCES.txt'
[0.730s] running build
[0.730s] running build_py
[0.731s] copying controller/turtle_controller.py -> /home/charan-kasturi/turtlesim_project/build/controller/build/lib/controller
[0.731s] running install
[0.731s] running install_lib
[0.731s] copying /home/charan-kasturi/turtlesim_project/build/controller/build/lib/controller/turtle_controller.py -> /home/charan-kasturi/turtlesim_project/install/controller/lib/python3.10/site-packages/controller
[0.732s] byte-compiling /home/charan-kasturi/turtlesim_project/install/controller/lib/python3.10/site-packages/controller/turtle_controller.py to turtle_controller.cpython-310.pyc
[0.732s] running install_data
[0.733s] running install_egg_info
[0.734s] removing '/home/charan-kasturi/turtlesim_project/install/controller/lib/python3.10/site-packages/controller-0.0.0-py3.10.egg-info' (and everything under it)
[0.734s] Copying ../../build/controller/controller.egg-info to /home/charan-kasturi/turtlesim_project/install/controller/lib/python3.10/site-packages/controller-0.0.0-py3.10.egg-info
[0.735s] running install_scripts
[0.754s] Installing control script to /home/charan-kasturi/turtlesim_project/install/controller/lib/controller
[0.754s] writing list of installed files to '/home/charan-kasturi/turtlesim_project/build/controller/install.log'
[0.774s] Invoked command in '/home/charan-kasturi/turtlesim_project/src/controller' returned '0': PYTHONPATH=/home/charan-kasturi/turtlesim_project/build/controller/prefix_override:/usr/lib/python3/dist-packages/colcon_core/task/python/colcon_distutils_commands:/home/charan-kasturi/turtlesim_project/install/controller/lib/python3.10/site-packages:${PYTHONPATH} /usr/bin/python3 -W ignore:setup.py install is deprecated -W ignore:easy_install command is deprecated setup.py egg_info --egg-base ../../build/controller build --build-base /home/charan-kasturi/turtlesim_project/build/controller/build install --record /home/charan-kasturi/turtlesim_project/build/controller/install.log --single-version-externally-managed install_data
