[0.008s] Invoking command in '/home/charan-kasturi/turtlesim_project/build/custom_interfaces': CMAKE_PREFIX_PATH=${CMAKE_PREFIX_PATH}:/home/charan-kasturi/turtlesim_project/install/spawner:/home/charan-kasturi/turtlesim_project/install/controller:/home/charan-kasturi/sub_and_pub/install/subscriber:/home/charan-kasturi/sub_and_pub/install/publisher:/home/charan-kasturi/custom_msg/install/led:/home/charan-kasturi/custom_msg/install/custom:/home/charan-kasturi/custom_msg/install/battery:/home/charan-kasturi/client_and_server/install/server:/home/charan-kasturi/client_and_server/install/client:/home/charan-kasturi/install/subscriber:/home/charan-kasturi/install/server:/home/charan-kasturi/install/py_pkg:/home/charan-kasturi/install/publisher:/home/charan-kasturi/install/client:/home/charan-kasturi/ros2_ws/install/py_pkg:/opt/ros/humble /usr/bin/cmake --build /home/charan-kasturi/turtlesim_project/build/custom_interfaces -- -j20 -l20
[0.025s] -- Found ament_cmake: 1.3.10 (/opt/ros/humble/share/ament_cmake/cmake)
[0.105s] -- Found rosidl_default_generators: 1.2.0 (/opt/ros/humble/share/rosidl_default_generators/cmake)
[0.107s] -- Using all available rosidl_typesupport_c: rosidl_typesupport_fastrtps_c;rosidl_typesupport_introspection_c
[0.108s] -- Found rosidl_adapter: 3.1.5 (/opt/ros/humble/share/rosidl_adapter/cmake)
[0.126s] -- Using all available rosidl_typesupport_cpp: rosidl_typesupport_fastrtps_cpp;rosidl_typesupport_introspection_cpp
[0.307s] -- Found ament_cmake_ros: 0.10.0 (/opt/ros/humble/share/ament_cmake_ros/cmake)
[0.431s] -- Using all available rosidl_typesupport_c: rosidl_typesupport_fastrtps_c;rosidl_typesupport_introspection_c
[0.589s] -- Using all available rosidl_typesupport_cpp: rosidl_typesupport_fastrtps_cpp;rosidl_typesupport_introspection_cpp
[0.604s] -- Found python_cmake_module: 0.10.0 (/opt/ros/humble/share/python_cmake_module/cmake)
[0.623s] -- Using PYTHON_EXECUTABLE: /usr/bin/python3
[0.623s] -- Using PYTHON_INCLUDE_DIRS: /usr/include/python3.10
[0.623s] -- Using PYTHON_LIBRARIES: /usr/lib/x86_64-linux-gnu/libpython3.10.so
[0.633s] -- Configuring done
[0.645s] -- Generating done
[0.650s] -- Build files have been written to: /home/charan-kasturi/turtlesim_project/build/custom_interfaces
[0.667s] [35m[1mConsolidate compiler generated dependencies of target custom_interfaces__rosidl_generator_c[0m
[0.674s] [  2%] Built target custom_interfaces__cpp
[0.676s] [ 12%] Built target custom_interfaces__rosidl_generator_c
[0.679s] [ 12%] Built target ament_cmake_python_copy_custom_interfaces
[0.680s] [35m[1mConsolidate compiler generated dependencies of target custom_interfaces__rosidl_typesupport_cpp[0m
[0.682s] [35m[1mConsolidate compiler generated dependencies of target custom_interfaces__rosidl_typesupport_c[0m
[0.682s] [35m[1mConsolidate compiler generated dependencies of target custom_interfaces__rosidl_typesupport_introspection_c[0m
[0.683s] [35m[1mConsolidate compiler generated dependencies of target custom_interfaces__rosidl_typesupport_fastrtps_cpp[0m
[0.683s] [35m[1mConsolidate compiler generated dependencies of target custom_interfaces__rosidl_typesupport_introspection_cpp[0m
[0.684s] [35m[1mConsolidate compiler generated dependencies of target custom_interfaces__rosidl_typesupport_fastrtps_c[0m
[0.687s] [ 23%] Built target custom_interfaces__rosidl_typesupport_cpp
[0.689s] [ 33%] Built target custom_interfaces__rosidl_typesupport_c
[0.689s] [ 43%] Built target custom_interfaces__rosidl_typesupport_introspection_c
[0.693s] [ 53%] Built target custom_interfaces__rosidl_typesupport_fastrtps_cpp
[0.693s] [ 64%] Built target custom_interfaces__rosidl_typesupport_introspection_cpp
[0.693s] [ 74%] Built target custom_interfaces__rosidl_typesupport_fastrtps_c
[0.708s] [ 74%] Built target custom_interfaces
[0.725s] [ 76%] Built target custom_interfaces__py
[0.732s] [35m[1mConsolidate compiler generated dependencies of target custom_interfaces__rosidl_generator_py[0m
[0.740s] [ 84%] Built target custom_interfaces__rosidl_generator_py
[0.749s] [35m[1mConsolidate compiler generated dependencies of target custom_interfaces__rosidl_typesupport_c__pyext[0m
[0.749s] [35m[1mConsolidate compiler generated dependencies of target custom_interfaces__rosidl_typesupport_fastrtps_c__pyext[0m
[0.750s] [35m[1mConsolidate compiler generated dependencies of target custom_interfaces__rosidl_typesupport_introspection_c__pyext[0m
[0.758s] [ 89%] Built target custom_interfaces__rosidl_typesupport_fastrtps_c__pyext
[0.759s] [ 94%] Built target custom_interfaces__rosidl_typesupport_c__pyext
[0.759s] [100%] Built target custom_interfaces__rosidl_typesupport_introspection_c__pyext
[0.817s] running egg_info
[0.817s] writing custom_interfaces.egg-info/PKG-INFO
[0.817s] writing dependency_links to custom_interfaces.egg-info/dependency_links.txt
[0.817s] writing top-level names to custom_interfaces.egg-info/top_level.txt
[0.819s] reading manifest file 'custom_interfaces.egg-info/SOURCES.txt'
[0.819s] writing manifest file 'custom_interfaces.egg-info/SOURCES.txt'
[0.834s] [100%] Built target ament_cmake_python_build_custom_interfaces_egg
[0.844s] Invoked command in '/home/charan-kasturi/turtlesim_project/build/custom_interfaces' returned '0': CMAKE_PREFIX_PATH=${CMAKE_PREFIX_PATH}:/home/charan-kasturi/turtlesim_project/install/spawner:/home/charan-kasturi/turtlesim_project/install/controller:/home/charan-kasturi/sub_and_pub/install/subscriber:/home/charan-kasturi/sub_and_pub/install/publisher:/home/charan-kasturi/custom_msg/install/led:/home/charan-kasturi/custom_msg/install/custom:/home/charan-kasturi/custom_msg/install/battery:/home/charan-kasturi/client_and_server/install/server:/home/charan-kasturi/client_and_server/install/client:/home/charan-kasturi/install/subscriber:/home/charan-kasturi/install/server:/home/charan-kasturi/install/py_pkg:/home/charan-kasturi/install/publisher:/home/charan-kasturi/install/client:/home/charan-kasturi/ros2_ws/install/py_pkg:/opt/ros/humble /usr/bin/cmake --build /home/charan-kasturi/turtlesim_project/build/custom_interfaces -- -j20 -l20
[0.850s] Invoking command in '/home/charan-kasturi/turtlesim_project/build/custom_interfaces': CMAKE_PREFIX_PATH=${CMAKE_PREFIX_PATH}:/home/charan-kasturi/turtlesim_project/install/spawner:/home/charan-kasturi/turtlesim_project/install/controller:/home/charan-kasturi/sub_and_pub/install/subscriber:/home/charan-kasturi/sub_and_pub/install/publisher:/home/charan-kasturi/custom_msg/install/led:/home/charan-kasturi/custom_msg/install/custom:/home/charan-kasturi/custom_msg/install/battery:/home/charan-kasturi/client_and_server/install/server:/home/charan-kasturi/client_and_server/install/client:/home/charan-kasturi/install/subscriber:/home/charan-kasturi/install/server:/home/charan-kasturi/install/py_pkg:/home/charan-kasturi/install/publisher:/home/charan-kasturi/install/client:/home/charan-kasturi/ros2_ws/install/py_pkg:/opt/ros/humble /usr/bin/cmake --install /home/charan-kasturi/turtlesim_project/build/custom_interfaces
[0.854s] -- Install configuration: ""
[0.854s] -- Up-to-date: /home/charan-kasturi/turtlesim_project/install/custom_interfaces/share/ament_index/resource_index/rosidl_interfaces/custom_interfaces
[0.854s] -- Up-to-date: /home/charan-kasturi/turtlesim_project/install/custom_interfaces/include/custom_interfaces/custom_interfaces
[0.854s] -- Up-to-date: /home/charan-kasturi/turtlesim_project/install/custom_interfaces/include/custom_interfaces/custom_interfaces/msg
[0.854s] -- Up-to-date: /home/charan-kasturi/turtlesim_project/install/custom_interfaces/include/custom_interfaces/custom_interfaces/msg/detail
[0.854s] -- Up-to-date: /home/charan-kasturi/turtlesim_project/install/custom_interfaces/include/custom_interfaces/custom_interfaces/msg/detail/new_turtle_pose__struct.h
[0.854s] -- Up-to-date: /home/charan-kasturi/turtlesim_project/install/custom_interfaces/include/custom_interfaces/custom_interfaces/msg/detail/new_turtle_pose__functions.c
[0.854s] -- Up-to-date: /home/charan-kasturi/turtlesim_project/install/custom_interfaces/include/custom_interfaces/custom_interfaces/msg/detail/pose_list__functions.h
[0.854s] -- Up-to-date: /home/charan-kasturi/turtlesim_project/install/custom_interfaces/include/custom_interfaces/custom_interfaces/msg/detail/new_turtle_pose__functions.h
[0.855s] -- Up-to-date: /home/charan-kasturi/turtlesim_project/install/custom_interfaces/include/custom_interfaces/custom_interfaces/msg/detail/new_turtle_pose__type_support.h
[0.855s] -- Up-to-date: /home/charan-kasturi/turtlesim_project/install/custom_interfaces/include/custom_interfaces/custom_interfaces/msg/detail/pose_list__struct.h
[0.855s] -- Up-to-date: /home/charan-kasturi/turtlesim_project/install/custom_interfaces/include/custom_interfaces/custom_interfaces/msg/detail/pose_list__functions.c
[0.855s] -- Up-to-date: /home/charan-kasturi/turtlesim_project/install/custom_interfaces/include/custom_interfaces/custom_interfaces/msg/detail/pose_list__type_support.h
[0.855s] -- Up-to-date: /home/charan-kasturi/turtlesim_project/install/custom_interfaces/include/custom_interfaces/custom_interfaces/msg/rosidl_generator_c__visibility_control.h
[0.855s] -- Up-to-date: /home/charan-kasturi/turtlesim_project/install/custom_interfaces/include/custom_interfaces/custom_interfaces/msg/new_turtle_pose.h
[0.855s] -- Up-to-date: /home/charan-kasturi/turtlesim_project/install/custom_interfaces/include/custom_interfaces/custom_interfaces/msg/pose_list.h
[0.855s] -- Up-to-date: /home/charan-kasturi/turtlesim_project/install/custom_interfaces/share/custom_interfaces/environment/library_path.sh
[0.855s] -- Installing: /home/charan-kasturi/turtlesim_project/install/custom_interfaces/share/custom_interfaces/environment/library_path.dsv
[0.855s] -- Up-to-date: /home/charan-kasturi/turtlesim_project/install/custom_interfaces/lib/libcustom_interfaces__rosidl_generator_c.so
[0.855s] -- Up-to-date: /home/charan-kasturi/turtlesim_project/install/custom_interfaces/include/custom_interfaces/custom_interfaces
[0.855s] -- Up-to-date: /home/charan-kasturi/turtlesim_project/install/custom_interfaces/include/custom_interfaces/custom_interfaces/msg
[0.855s] -- Up-to-date: /home/charan-kasturi/turtlesim_project/install/custom_interfaces/include/custom_interfaces/custom_interfaces/msg/detail
[0.855s] -- Up-to-date: /home/charan-kasturi/turtlesim_project/install/custom_interfaces/include/custom_interfaces/custom_interfaces/msg/detail/new_turtle_pose__rosidl_typesupport_fastrtps_c.h
[0.855s] -- Up-to-date: /home/charan-kasturi/turtlesim_project/install/custom_interfaces/include/custom_interfaces/custom_interfaces/msg/detail/pose_list__rosidl_typesupport_fastrtps_c.h
[0.855s] -- Up-to-date: /home/charan-kasturi/turtlesim_project/install/custom_interfaces/include/custom_interfaces/custom_interfaces/msg/rosidl_typesupport_fastrtps_c__visibility_control.h
[0.855s] -- Up-to-date: /home/charan-kasturi/turtlesim_project/install/custom_interfaces/lib/libcustom_interfaces__rosidl_typesupport_fastrtps_c.so
[0.855s] -- Up-to-date: /home/charan-kasturi/turtlesim_project/install/custom_interfaces/include/custom_interfaces/custom_interfaces
[0.855s] -- Up-to-date: /home/charan-kasturi/turtlesim_project/install/custom_interfaces/include/custom_interfaces/custom_interfaces/msg
[0.855s] -- Up-to-date: /home/charan-kasturi/turtlesim_project/install/custom_interfaces/include/custom_interfaces/custom_interfaces/msg/detail
[0.855s] -- Up-to-date: /home/charan-kasturi/turtlesim_project/install/custom_interfaces/include/custom_interfaces/custom_interfaces/msg/detail/pose_list__rosidl_typesupport_introspection_c.h
[0.855s] -- Up-to-date: /home/charan-kasturi/turtlesim_project/install/custom_interfaces/include/custom_interfaces/custom_interfaces/msg/detail/pose_list__type_support.c
[0.855s] -- Up-to-date: /home/charan-kasturi/turtlesim_project/install/custom_interfaces/include/custom_interfaces/custom_interfaces/msg/detail/new_turtle_pose__type_support.c
[0.855s] -- Up-to-date: /home/charan-kasturi/turtlesim_project/install/custom_interfaces/include/custom_interfaces/custom_interfaces/msg/detail/new_turtle_pose__rosidl_typesupport_introspection_c.h
[0.855s] -- Up-to-date: /home/charan-kasturi/turtlesim_project/install/custom_interfaces/include/custom_interfaces/custom_interfaces/msg/rosidl_typesupport_introspection_c__visibility_control.h
[0.855s] -- Up-to-date: /home/charan-kasturi/turtlesim_project/install/custom_interfaces/lib/libcustom_interfaces__rosidl_typesupport_introspection_c.so
[0.855s] -- Up-to-date: /home/charan-kasturi/turtlesim_project/install/custom_interfaces/lib/libcustom_interfaces__rosidl_typesupport_c.so
[0.855s] -- Up-to-date: /home/charan-kasturi/turtlesim_project/install/custom_interfaces/include/custom_interfaces/custom_interfaces
[0.855s] -- Up-to-date: /home/charan-kasturi/turtlesim_project/install/custom_interfaces/include/custom_interfaces/custom_interfaces/msg
[0.856s] -- Up-to-date: /home/charan-kasturi/turtlesim_project/install/custom_interfaces/include/custom_interfaces/custom_interfaces/msg/detail
[0.856s] -- Up-to-date: /home/charan-kasturi/turtlesim_project/install/custom_interfaces/include/custom_interfaces/custom_interfaces/msg/detail/pose_list__traits.hpp
[0.856s] -- Up-to-date: /home/charan-kasturi/turtlesim_project/install/custom_interfaces/include/custom_interfaces/custom_interfaces/msg/detail/new_turtle_pose__builder.hpp
[0.856s] -- Up-to-date: /home/charan-kasturi/turtlesim_project/install/custom_interfaces/include/custom_interfaces/custom_interfaces/msg/detail/pose_list__builder.hpp
[0.856s] -- Up-to-date: /home/charan-kasturi/turtlesim_project/install/custom_interfaces/include/custom_interfaces/custom_interfaces/msg/detail/pose_list__struct.hpp
[0.856s] -- Up-to-date: /home/charan-kasturi/turtlesim_project/install/custom_interfaces/include/custom_interfaces/custom_interfaces/msg/detail/new_turtle_pose__struct.hpp
[0.856s] -- Up-to-date: /home/charan-kasturi/turtlesim_project/install/custom_interfaces/include/custom_interfaces/custom_interfaces/msg/detail/new_turtle_pose__traits.hpp
[0.856s] -- Up-to-date: /home/charan-kasturi/turtlesim_project/install/custom_interfaces/include/custom_interfaces/custom_interfaces/msg/pose_list.hpp
[0.856s] -- Up-to-date: /home/charan-kasturi/turtlesim_project/install/custom_interfaces/include/custom_interfaces/custom_interfaces/msg/new_turtle_pose.hpp
[0.856s] -- Up-to-date: /home/charan-kasturi/turtlesim_project/install/custom_interfaces/include/custom_interfaces/custom_interfaces
[0.856s] -- Up-to-date: /home/charan-kasturi/turtlesim_project/install/custom_interfaces/include/custom_interfaces/custom_interfaces/msg
[0.856s] -- Up-to-date: /home/charan-kasturi/turtlesim_project/install/custom_interfaces/include/custom_interfaces/custom_interfaces/msg/detail
[0.856s] -- Up-to-date: /home/charan-kasturi/turtlesim_project/install/custom_interfaces/include/custom_interfaces/custom_interfaces/msg/detail/pose_list__rosidl_typesupport_fastrtps_cpp.hpp
[0.856s] -- Up-to-date: /home/charan-kasturi/turtlesim_project/install/custom_interfaces/include/custom_interfaces/custom_interfaces/msg/detail/new_turtle_pose__rosidl_typesupport_fastrtps_cpp.hpp
[0.856s] -- Up-to-date: /home/charan-kasturi/turtlesim_project/install/custom_interfaces/include/custom_interfaces/custom_interfaces/msg/detail/dds_fastrtps
[0.856s] -- Up-to-date: /home/charan-kasturi/turtlesim_project/install/custom_interfaces/include/custom_interfaces/custom_interfaces/msg/rosidl_typesupport_fastrtps_cpp__visibility_control.h
[0.856s] -- Up-to-date: /home/charan-kasturi/turtlesim_project/install/custom_interfaces/lib/libcustom_interfaces__rosidl_typesupport_fastrtps_cpp.so
[0.856s] -- Up-to-date: /home/charan-kasturi/turtlesim_project/install/custom_interfaces/include/custom_interfaces/custom_interfaces
[0.856s] -- Up-to-date: /home/charan-kasturi/turtlesim_project/install/custom_interfaces/include/custom_interfaces/custom_interfaces/msg
[0.856s] -- Up-to-date: /home/charan-kasturi/turtlesim_project/install/custom_interfaces/include/custom_interfaces/custom_interfaces/msg/detail
[0.856s] -- Up-to-date: /home/charan-kasturi/turtlesim_project/install/custom_interfaces/include/custom_interfaces/custom_interfaces/msg/detail/pose_list__rosidl_typesupport_introspection_cpp.hpp
[0.856s] -- Up-to-date: /home/charan-kasturi/turtlesim_project/install/custom_interfaces/include/custom_interfaces/custom_interfaces/msg/detail/new_turtle_pose__type_support.cpp
[0.856s] -- Up-to-date: /home/charan-kasturi/turtlesim_project/install/custom_interfaces/include/custom_interfaces/custom_interfaces/msg/detail/new_turtle_pose__rosidl_typesupport_introspection_cpp.hpp
[0.856s] -- Up-to-date: /home/charan-kasturi/turtlesim_project/install/custom_interfaces/include/custom_interfaces/custom_interfaces/msg/detail/pose_list__type_support.cpp
[0.856s] -- Up-to-date: /home/charan-kasturi/turtlesim_project/install/custom_interfaces/lib/libcustom_interfaces__rosidl_typesupport_introspection_cpp.so
[0.856s] -- Up-to-date: /home/charan-kasturi/turtlesim_project/install/custom_interfaces/lib/libcustom_interfaces__rosidl_typesupport_cpp.so
[0.856s] -- Up-to-date: /home/charan-kasturi/turtlesim_project/install/custom_interfaces/share/custom_interfaces/environment/pythonpath.sh
[0.856s] -- Installing: /home/charan-kasturi/turtlesim_project/install/custom_interfaces/share/custom_interfaces/environment/pythonpath.dsv
[0.856s] -- Up-to-date: /home/charan-kasturi/turtlesim_project/install/custom_interfaces/local/lib/python3.10/dist-packages/custom_interfaces-0.0.0-py3.10.egg-info
[0.856s] -- Installing: /home/charan-kasturi/turtlesim_project/install/custom_interfaces/local/lib/python3.10/dist-packages/custom_interfaces-0.0.0-py3.10.egg-info/dependency_links.txt
[0.856s] -- Installing: /home/charan-kasturi/turtlesim_project/install/custom_interfaces/local/lib/python3.10/dist-packages/custom_interfaces-0.0.0-py3.10.egg-info/SOURCES.txt
[0.856s] -- Installing: /home/charan-kasturi/turtlesim_project/install/custom_interfaces/local/lib/python3.10/dist-packages/custom_interfaces-0.0.0-py3.10.egg-info/PKG-INFO
[0.856s] -- Installing: /home/charan-kasturi/turtlesim_project/install/custom_interfaces/local/lib/python3.10/dist-packages/custom_interfaces-0.0.0-py3.10.egg-info/top_level.txt
[0.856s] -- Up-to-date: /home/charan-kasturi/turtlesim_project/install/custom_interfaces/local/lib/python3.10/dist-packages/custom_interfaces
[0.856s] -- Up-to-date: /home/charan-kasturi/turtlesim_project/install/custom_interfaces/local/lib/python3.10/dist-packages/custom_interfaces/msg
[0.856s] -- Up-to-date: /home/charan-kasturi/turtlesim_project/install/custom_interfaces/local/lib/python3.10/dist-packages/custom_interfaces/msg/_pose_list_s.c
[0.856s] -- Up-to-date: /home/charan-kasturi/turtlesim_project/install/custom_interfaces/local/lib/python3.10/dist-packages/custom_interfaces/msg/_pose_list.py
[0.856s] -- Up-to-date: /home/charan-kasturi/turtlesim_project/install/custom_interfaces/local/lib/python3.10/dist-packages/custom_interfaces/msg/_new_turtle_pose.py
[0.856s] -- Up-to-date: /home/charan-kasturi/turtlesim_project/install/custom_interfaces/local/lib/python3.10/dist-packages/custom_interfaces/msg/__init__.py
[0.856s] -- Up-to-date: /home/charan-kasturi/turtlesim_project/install/custom_interfaces/local/lib/python3.10/dist-packages/custom_interfaces/msg/_new_turtle_pose_s.c
[0.856s] -- Up-to-date: /home/charan-kasturi/turtlesim_project/install/custom_interfaces/local/lib/python3.10/dist-packages/custom_interfaces/custom_interfaces_s__rosidl_typesupport_introspection_c.cpython-310-x86_64-linux-gnu.so
[0.856s] -- Up-to-date: /home/charan-kasturi/turtlesim_project/install/custom_interfaces/local/lib/python3.10/dist-packages/custom_interfaces/libcustom_interfaces__rosidl_generator_py.so
[0.856s] -- Up-to-date: /home/charan-kasturi/turtlesim_project/install/custom_interfaces/local/lib/python3.10/dist-packages/custom_interfaces/custom_interfaces_s__rosidl_typesupport_fastrtps_c.cpython-310-x86_64-linux-gnu.so
[0.856s] -- Installing: /home/charan-kasturi/turtlesim_project/install/custom_interfaces/local/lib/python3.10/dist-packages/custom_interfaces/__init__.py
[0.856s] -- Up-to-date: /home/charan-kasturi/turtlesim_project/install/custom_interfaces/local/lib/python3.10/dist-packages/custom_interfaces/_custom_interfaces_s.ep.rosidl_typesupport_c.c
[0.857s] -- Up-to-date: /home/charan-kasturi/turtlesim_project/install/custom_interfaces/local/lib/python3.10/dist-packages/custom_interfaces/_custom_interfaces_s.ep.rosidl_typesupport_introspection_c.c
[0.857s] -- Up-to-date: /home/charan-kasturi/turtlesim_project/install/custom_interfaces/local/lib/python3.10/dist-packages/custom_interfaces/_custom_interfaces_s.ep.rosidl_typesupport_fastrtps_c.c
[0.857s] -- Up-to-date: /home/charan-kasturi/turtlesim_project/install/custom_interfaces/local/lib/python3.10/dist-packages/custom_interfaces/custom_interfaces_s__rosidl_typesupport_c.cpython-310-x86_64-linux-gnu.so
[0.878s] Listing '/home/charan-kasturi/turtlesim_project/install/custom_interfaces/local/lib/python3.10/dist-packages/custom_interfaces'...
[0.878s] Compiling '/home/charan-kasturi/turtlesim_project/install/custom_interfaces/local/lib/python3.10/dist-packages/custom_interfaces/__init__.py'...
[0.878s] Listing '/home/charan-kasturi/turtlesim_project/install/custom_interfaces/local/lib/python3.10/dist-packages/custom_interfaces/msg'...
[0.880s] -- Up-to-date: /home/charan-kasturi/turtlesim_project/install/custom_interfaces/local/lib/python3.10/dist-packages/custom_interfaces/custom_interfaces_s__rosidl_typesupport_fastrtps_c.cpython-310-x86_64-linux-gnu.so
[0.880s] -- Up-to-date: /home/charan-kasturi/turtlesim_project/install/custom_interfaces/local/lib/python3.10/dist-packages/custom_interfaces/custom_interfaces_s__rosidl_typesupport_introspection_c.cpython-310-x86_64-linux-gnu.so
[0.880s] -- Up-to-date: /home/charan-kasturi/turtlesim_project/install/custom_interfaces/local/lib/python3.10/dist-packages/custom_interfaces/custom_interfaces_s__rosidl_typesupport_c.cpython-310-x86_64-linux-gnu.so
[0.881s] -- Up-to-date: /home/charan-kasturi/turtlesim_project/install/custom_interfaces/lib/libcustom_interfaces__rosidl_generator_py.so
[0.881s] -- Up-to-date: /home/charan-kasturi/turtlesim_project/install/custom_interfaces/share/custom_interfaces/msg/NewTurtlePose.idl
[0.881s] -- Up-to-date: /home/charan-kasturi/turtlesim_project/install/custom_interfaces/share/custom_interfaces/msg/PoseList.idl
[0.881s] -- Installing: /home/charan-kasturi/turtlesim_project/install/custom_interfaces/share/custom_interfaces/msg/NewTurtlePose.msg
[0.881s] -- Up-to-date: /home/charan-kasturi/turtlesim_project/install/custom_interfaces/share/custom_interfaces/msg/PoseList.msg
[0.881s] -- Up-to-date: /home/charan-kasturi/turtlesim_project/install/custom_interfaces/share/ament_index/resource_index/package_run_dependencies/custom_interfaces
[0.881s] -- Installing: /home/charan-kasturi/turtlesim_project/install/custom_interfaces/share/ament_index/resource_index/parent_prefix_path/custom_interfaces
[0.881s] -- Up-to-date: /home/charan-kasturi/turtlesim_project/install/custom_interfaces/share/custom_interfaces/environment/ament_prefix_path.sh
[0.881s] -- Installing: /home/charan-kasturi/turtlesim_project/install/custom_interfaces/share/custom_interfaces/environment/ament_prefix_path.dsv
[0.881s] -- Up-to-date: /home/charan-kasturi/turtlesim_project/install/custom_interfaces/share/custom_interfaces/environment/path.sh
[0.881s] -- Installing: /home/charan-kasturi/turtlesim_project/install/custom_interfaces/share/custom_interfaces/environment/path.dsv
[0.881s] -- Up-to-date: /home/charan-kasturi/turtlesim_project/install/custom_interfaces/share/custom_interfaces/local_setup.bash
[0.881s] -- Up-to-date: /home/charan-kasturi/turtlesim_project/install/custom_interfaces/share/custom_interfaces/local_setup.sh
[0.881s] -- Up-to-date: /home/charan-kasturi/turtlesim_project/install/custom_interfaces/share/custom_interfaces/local_setup.zsh
[0.881s] -- Installing: /home/charan-kasturi/turtlesim_project/install/custom_interfaces/share/custom_interfaces/local_setup.dsv
[0.881s] -- Installing: /home/charan-kasturi/turtlesim_project/install/custom_interfaces/share/custom_interfaces/package.dsv
[0.881s] -- Up-to-date: /home/charan-kasturi/turtlesim_project/install/custom_interfaces/share/ament_index/resource_index/packages/custom_interfaces
[0.881s] -- Up-to-date: /home/charan-kasturi/turtlesim_project/install/custom_interfaces/share/custom_interfaces/cmake/export_custom_interfaces__rosidl_generator_cExport.cmake
[0.881s] -- Up-to-date: /home/charan-kasturi/turtlesim_project/install/custom_interfaces/share/custom_interfaces/cmake/export_custom_interfaces__rosidl_generator_cExport-noconfig.cmake
[0.881s] -- Up-to-date: /home/charan-kasturi/turtlesim_project/install/custom_interfaces/share/custom_interfaces/cmake/export_custom_interfaces__rosidl_typesupport_fastrtps_cExport.cmake
[0.881s] -- Up-to-date: /home/charan-kasturi/turtlesim_project/install/custom_interfaces/share/custom_interfaces/cmake/export_custom_interfaces__rosidl_typesupport_fastrtps_cExport-noconfig.cmake
[0.881s] -- Up-to-date: /home/charan-kasturi/turtlesim_project/install/custom_interfaces/share/custom_interfaces/cmake/custom_interfaces__rosidl_typesupport_introspection_cExport.cmake
[0.881s] -- Up-to-date: /home/charan-kasturi/turtlesim_project/install/custom_interfaces/share/custom_interfaces/cmake/custom_interfaces__rosidl_typesupport_introspection_cExport-noconfig.cmake
[0.881s] -- Up-to-date: /home/charan-kasturi/turtlesim_project/install/custom_interfaces/share/custom_interfaces/cmake/custom_interfaces__rosidl_typesupport_cExport.cmake
[0.881s] -- Up-to-date: /home/charan-kasturi/turtlesim_project/install/custom_interfaces/share/custom_interfaces/cmake/custom_interfaces__rosidl_typesupport_cExport-noconfig.cmake
[0.881s] -- Up-to-date: /home/charan-kasturi/turtlesim_project/install/custom_interfaces/share/custom_interfaces/cmake/export_custom_interfaces__rosidl_generator_cppExport.cmake
[0.881s] -- Up-to-date: /home/charan-kasturi/turtlesim_project/install/custom_interfaces/share/custom_interfaces/cmake/export_custom_interfaces__rosidl_typesupport_fastrtps_cppExport.cmake
[0.881s] -- Up-to-date: /home/charan-kasturi/turtlesim_project/install/custom_interfaces/share/custom_interfaces/cmake/export_custom_interfaces__rosidl_typesupport_fastrtps_cppExport-noconfig.cmake
[0.881s] -- Up-to-date: /home/charan-kasturi/turtlesim_project/install/custom_interfaces/share/custom_interfaces/cmake/custom_interfaces__rosidl_typesupport_introspection_cppExport.cmake
[0.881s] -- Up-to-date: /home/charan-kasturi/turtlesim_project/install/custom_interfaces/share/custom_interfaces/cmake/custom_interfaces__rosidl_typesupport_introspection_cppExport-noconfig.cmake
[0.882s] -- Up-to-date: /home/charan-kasturi/turtlesim_project/install/custom_interfaces/share/custom_interfaces/cmake/custom_interfaces__rosidl_typesupport_cppExport.cmake
[0.882s] -- Up-to-date: /home/charan-kasturi/turtlesim_project/install/custom_interfaces/share/custom_interfaces/cmake/custom_interfaces__rosidl_typesupport_cppExport-noconfig.cmake
[0.882s] -- Up-to-date: /home/charan-kasturi/turtlesim_project/install/custom_interfaces/share/custom_interfaces/cmake/export_custom_interfaces__rosidl_generator_pyExport.cmake
[0.882s] -- Up-to-date: /home/charan-kasturi/turtlesim_project/install/custom_interfaces/share/custom_interfaces/cmake/export_custom_interfaces__rosidl_generator_pyExport-noconfig.cmake
[0.882s] -- Up-to-date: /home/charan-kasturi/turtlesim_project/install/custom_interfaces/share/custom_interfaces/cmake/rosidl_cmake-extras.cmake
[0.882s] -- Up-to-date: /home/charan-kasturi/turtlesim_project/install/custom_interfaces/share/custom_interfaces/cmake/ament_cmake_export_include_directories-extras.cmake
[0.882s] -- Up-to-date: /home/charan-kasturi/turtlesim_project/install/custom_interfaces/share/custom_interfaces/cmake/ament_cmake_export_libraries-extras.cmake
[0.882s] -- Up-to-date: /home/charan-kasturi/turtlesim_project/install/custom_interfaces/share/custom_interfaces/cmake/ament_cmake_export_targets-extras.cmake
[0.882s] -- Up-to-date: /home/charan-kasturi/turtlesim_project/install/custom_interfaces/share/custom_interfaces/cmake/rosidl_cmake_export_typesupport_targets-extras.cmake
[0.882s] -- Up-to-date: /home/charan-kasturi/turtlesim_project/install/custom_interfaces/share/custom_interfaces/cmake/ament_cmake_export_dependencies-extras.cmake
[0.882s] -- Up-to-date: /home/charan-kasturi/turtlesim_project/install/custom_interfaces/share/custom_interfaces/cmake/rosidl_cmake_export_typesupport_libraries-extras.cmake
[0.882s] -- Up-to-date: /home/charan-kasturi/turtlesim_project/install/custom_interfaces/share/custom_interfaces/cmake/custom_interfacesConfig.cmake
[0.882s] -- Up-to-date: /home/charan-kasturi/turtlesim_project/install/custom_interfaces/share/custom_interfaces/cmake/custom_interfacesConfig-version.cmake
[0.882s] -- Up-to-date: /home/charan-kasturi/turtlesim_project/install/custom_interfaces/share/custom_interfaces/package.xml
[0.883s] Invoked command in '/home/charan-kasturi/turtlesim_project/build/custom_interfaces' returned '0': CMAKE_PREFIX_PATH=${CMAKE_PREFIX_PATH}:/home/charan-kasturi/turtlesim_project/install/spawner:/home/charan-kasturi/turtlesim_project/install/controller:/home/charan-kasturi/sub_and_pub/install/subscriber:/home/charan-kasturi/sub_and_pub/install/publisher:/home/charan-kasturi/custom_msg/install/led:/home/charan-kasturi/custom_msg/install/custom:/home/charan-kasturi/custom_msg/install/battery:/home/charan-kasturi/client_and_server/install/server:/home/charan-kasturi/client_and_server/install/client:/home/charan-kasturi/install/subscriber:/home/charan-kasturi/install/server:/home/charan-kasturi/install/py_pkg:/home/charan-kasturi/install/publisher:/home/charan-kasturi/install/client:/home/charan-kasturi/ros2_ws/install/py_pkg:/opt/ros/humble /usr/bin/cmake --install /home/charan-kasturi/turtlesim_project/build/custom_interfaces
