[0.348s] Invoking command in '/home/charan-kasturi/turtlesim_project/src/spawner': PYTHONPATH=/home/charan-kasturi/turtlesim_project/build/spawner/prefix_override:/usr/lib/python3/dist-packages/colcon_core/task/python/colcon_distutils_commands:/home/charan-kasturi/turtlesim_project/install/spawner/lib/python3.10/site-packages:${PYTHONPATH} /usr/bin/python3 -W ignore:setup.py install is deprecated -W ignore:easy_install command is deprecated setup.py egg_info --egg-base ../../build/spawner build --build-base /home/charan-kasturi/turtlesim_project/build/spawner/build install --record /home/charan-kasturi/turtlesim_project/build/spawner/install.log --single-version-externally-managed install_data
[0.494s] running egg_info
[0.495s] creating ../../build/spawner/spawner.egg-info
[0.495s] writing ../../build/spawner/spawner.egg-info/PKG-INFO
[0.495s] writing dependency_links to ../../build/spawner/spawner.egg-info/dependency_links.txt
[0.495s] writing entry points to ../../build/spawner/spawner.egg-info/entry_points.txt
[0.495s] writing requirements to ../../build/spawner/spawner.egg-info/requires.txt
[0.495s] writing top-level names to ../../build/spawner/spawner.egg-info/top_level.txt
[0.495s] writing manifest file '../../build/spawner/spawner.egg-info/SOURCES.txt'
[0.496s] reading manifest file '../../build/spawner/spawner.egg-info/SOURCES.txt'
[0.497s] writing manifest file '../../build/spawner/spawner.egg-info/SOURCES.txt'
[0.497s] running build
[0.497s] running build_py
[0.497s] creating /home/charan-kasturi/turtlesim_project/build/spawner/build
[0.497s] creating /home/charan-kasturi/turtlesim_project/build/spawner/build/lib
[0.497s] creating /home/charan-kasturi/turtlesim_project/build/spawner/build/lib/spawner
[0.497s] copying spawner/__init__.py -> /home/charan-kasturi/turtlesim_project/build/spawner/build/lib/spawner
[0.497s] copying spawner/turtle_spawner.py -> /home/charan-kasturi/turtlesim_project/build/spawner/build/lib/spawner
[0.497s] running install
[0.497s] running install_lib
[0.498s] creating /home/charan-kasturi/turtlesim_project/install/spawner/lib/python3.10/site-packages/spawner
[0.498s] copying /home/charan-kasturi/turtlesim_project/build/spawner/build/lib/spawner/__init__.py -> /home/charan-kasturi/turtlesim_project/install/spawner/lib/python3.10/site-packages/spawner
[0.498s] copying /home/charan-kasturi/turtlesim_project/build/spawner/build/lib/spawner/turtle_spawner.py -> /home/charan-kasturi/turtlesim_project/install/spawner/lib/python3.10/site-packages/spawner
[0.498s] byte-compiling /home/charan-kasturi/turtlesim_project/install/spawner/lib/python3.10/site-packages/spawner/__init__.py to __init__.cpython-310.pyc
[0.498s] byte-compiling /home/charan-kasturi/turtlesim_project/install/spawner/lib/python3.10/site-packages/spawner/turtle_spawner.py to turtle_spawner.cpython-310.pyc
[0.499s] running install_data
[0.499s] creating /home/charan-kasturi/turtlesim_project/install/spawner/share/ament_index
[0.499s] creating /home/charan-kasturi/turtlesim_project/install/spawner/share/ament_index/resource_index
[0.499s] creating /home/charan-kasturi/turtlesim_project/install/spawner/share/ament_index/resource_index/packages
[0.499s] copying resource/spawner -> /home/charan-kasturi/turtlesim_project/install/spawner/share/ament_index/resource_index/packages
[0.499s] copying package.xml -> /home/charan-kasturi/turtlesim_project/install/spawner/share/spawner
[0.499s] running install_egg_info
[0.500s] Copying ../../build/spawner/spawner.egg-info to /home/charan-kasturi/turtlesim_project/install/spawner/lib/python3.10/site-packages/spawner-0.0.0-py3.10.egg-info
[0.500s] running install_scripts
[0.516s] Installing spawn script to /home/charan-kasturi/turtlesim_project/install/spawner/lib/spawner
[0.516s] writing list of installed files to '/home/charan-kasturi/turtlesim_project/build/spawner/install.log'
[0.531s] Invoked command in '/home/charan-kasturi/turtlesim_project/src/spawner' returned '0': PYTHONPATH=/home/charan-kasturi/turtlesim_project/build/spawner/prefix_override:/usr/lib/python3/dist-packages/colcon_core/task/python/colcon_distutils_commands:/home/charan-kasturi/turtlesim_project/install/spawner/lib/python3.10/site-packages:${PYTHONPATH} /usr/bin/python3 -W ignore:setup.py install is deprecated -W ignore:easy_install command is deprecated setup.py egg_info --egg-base ../../build/spawner build --build-base /home/charan-kasturi/turtlesim_project/build/spawner/build install --record /home/charan-kasturi/turtlesim_project/build/spawner/install.log --single-version-externally-managed install_data
