[0.011s] Invoking command in '/home/charan-kasturi/turtlesim_project/build/turtlesim_bringup': CMAKE_PREFIX_PATH=${CMAKE_PREFIX_PATH}:/home/charan-kasturi/turtlesim_project/install/spawner:/home/charan-kasturi/turtlesim_project/install/controller:/home/charan-kasturi/sub_and_pub/install/subscriber:/home/charan-kasturi/sub_and_pub/install/publisher:/home/charan-kasturi/custom_msg/install/led:/home/charan-kasturi/custom_msg/install/custom:/home/charan-kasturi/custom_msg/install/battery:/home/charan-kasturi/client_and_server/install/server:/home/charan-kasturi/client_and_server/install/client:/home/charan-kasturi/install/subscriber:/home/charan-kasturi/install/server:/home/charan-kasturi/install/py_pkg:/home/charan-kasturi/install/publisher:/home/charan-kasturi/install/client:/home/charan-kasturi/ros2_ws/install/py_pkg:/opt/ros/humble /usr/bin/cmake --build /home/charan-kasturi/turtlesim_project/build/turtlesim_bringup -- -j20 -l20
[0.036s] Invoked command in '/home/charan-kasturi/turtlesim_project/build/turtlesim_bringup' returned '0': CMAKE_PREFIX_PATH=${CMAKE_PREFIX_PATH}:/home/charan-kasturi/turtlesim_project/install/spawner:/home/charan-kasturi/turtlesim_project/install/controller:/home/charan-kasturi/sub_and_pub/install/subscriber:/home/charan-kasturi/sub_and_pub/install/publisher:/home/charan-kasturi/custom_msg/install/led:/home/charan-kasturi/custom_msg/install/custom:/home/charan-kasturi/custom_msg/install/battery:/home/charan-kasturi/client_and_server/install/server:/home/charan-kasturi/client_and_server/install/client:/home/charan-kasturi/install/subscriber:/home/charan-kasturi/install/server:/home/charan-kasturi/install/py_pkg:/home/charan-kasturi/install/publisher:/home/charan-kasturi/install/client:/home/charan-kasturi/ros2_ws/install/py_pkg:/opt/ros/humble /usr/bin/cmake --build /home/charan-kasturi/turtlesim_project/build/turtlesim_bringup -- -j20 -l20
[0.037s] Invoking command in '/home/charan-kasturi/turtlesim_project/build/turtlesim_bringup': CMAKE_PREFIX_PATH=${CMAKE_PREFIX_PATH}:/home/charan-kasturi/turtlesim_project/install/spawner:/home/charan-kasturi/turtlesim_project/install/controller:/home/charan-kasturi/sub_and_pub/install/subscriber:/home/charan-kasturi/sub_and_pub/install/publisher:/home/charan-kasturi/custom_msg/install/led:/home/charan-kasturi/custom_msg/install/custom:/home/charan-kasturi/custom_msg/install/battery:/home/charan-kasturi/client_and_server/install/server:/home/charan-kasturi/client_and_server/install/client:/home/charan-kasturi/install/subscriber:/home/charan-kasturi/install/server:/home/charan-kasturi/install/py_pkg:/home/charan-kasturi/install/publisher:/home/charan-kasturi/install/client:/home/charan-kasturi/ros2_ws/install/py_pkg:/opt/ros/humble /usr/bin/cmake --install /home/charan-kasturi/turtlesim_project/build/turtlesim_bringup
[0.042s] -- Install configuration: ""
[0.042s] -- Up-to-date: /home/charan-kasturi/turtlesim_project/install/turtlesim_bringup/share/turtlesim_bringup/launch
[0.042s] -- Up-to-date: /home/charan-kasturi/turtlesim_project/install/turtlesim_bringup/share/turtlesim_bringup/launch/turtlesim.launch.py
[0.043s] -- Up-to-date: /home/charan-kasturi/turtlesim_project/install/turtlesim_bringup/share/ament_index/resource_index/package_run_dependencies/turtlesim_bringup
[0.043s] -- Up-to-date: /home/charan-kasturi/turtlesim_project/install/turtlesim_bringup/share/ament_index/resource_index/parent_prefix_path/turtlesim_bringup
[0.043s] -- Up-to-date: /home/charan-kasturi/turtlesim_project/install/turtlesim_bringup/share/turtlesim_bringup/environment/ament_prefix_path.sh
[0.043s] -- Up-to-date: /home/charan-kasturi/turtlesim_project/install/turtlesim_bringup/share/turtlesim_bringup/environment/ament_prefix_path.dsv
[0.043s] -- Up-to-date: /home/charan-kasturi/turtlesim_project/install/turtlesim_bringup/share/turtlesim_bringup/environment/path.sh
[0.043s] -- Up-to-date: /home/charan-kasturi/turtlesim_project/install/turtlesim_bringup/share/turtlesim_bringup/environment/path.dsv
[0.043s] -- Up-to-date: /home/charan-kasturi/turtlesim_project/install/turtlesim_bringup/share/turtlesim_bringup/local_setup.bash
[0.043s] -- Up-to-date: /home/charan-kasturi/turtlesim_project/install/turtlesim_bringup/share/turtlesim_bringup/local_setup.sh
[0.043s] -- Up-to-date: /home/charan-kasturi/turtlesim_project/install/turtlesim_bringup/share/turtlesim_bringup/local_setup.zsh
[0.043s] -- Up-to-date: /home/charan-kasturi/turtlesim_project/install/turtlesim_bringup/share/turtlesim_bringup/local_setup.dsv
[0.043s] -- Installing: /home/charan-kasturi/turtlesim_project/install/turtlesim_bringup/share/turtlesim_bringup/package.dsv
[0.043s] -- Up-to-date: /home/charan-kasturi/turtlesim_project/install/turtlesim_bringup/share/ament_index/resource_index/packages/turtlesim_bringup
[0.043s] -- Up-to-date: /home/charan-kasturi/turtlesim_project/install/turtlesim_bringup/share/turtlesim_bringup/cmake/turtlesim_bringupConfig.cmake
[0.043s] -- Up-to-date: /home/charan-kasturi/turtlesim_project/install/turtlesim_bringup/share/turtlesim_bringup/cmake/turtlesim_bringupConfig-version.cmake
[0.043s] -- Up-to-date: /home/charan-kasturi/turtlesim_project/install/turtlesim_bringup/share/turtlesim_bringup/package.xml
[0.044s] Invoked command in '/home/charan-kasturi/turtlesim_project/build/turtlesim_bringup' returned '0': CMAKE_PREFIX_PATH=${CMAKE_PREFIX_PATH}:/home/charan-kasturi/turtlesim_project/install/spawner:/home/charan-kasturi/turtlesim_project/install/controller:/home/charan-kasturi/sub_and_pub/install/subscriber:/home/charan-kasturi/sub_and_pub/install/publisher:/home/charan-kasturi/custom_msg/install/led:/home/charan-kasturi/custom_msg/install/custom:/home/charan-kasturi/custom_msg/install/battery:/home/charan-kasturi/client_and_server/install/server:/home/charan-kasturi/client_and_server/install/client:/home/charan-kasturi/install/subscriber:/home/charan-kasturi/install/server:/home/charan-kasturi/install/py_pkg:/home/charan-kasturi/install/publisher:/home/charan-kasturi/install/client:/home/charan-kasturi/ros2_ws/install/py_pkg:/opt/ros/humble /usr/bin/cmake --install /home/charan-kasturi/turtlesim_project/build/turtlesim_bringup
