[0.524s] Invoking command in '/home/charan-kasturi/turtlesim_project/src/controller': PYTHONPATH=/home/charan-kasturi/turtlesim_project/build/controller/prefix_override:/usr/lib/python3/dist-packages/colcon_core/task/python/colcon_distutils_commands:/home/charan-kasturi/turtlesim_project/install/controller/lib/python3.10/site-packages:${PYTHONPATH} /usr/bin/python3 -W ignore:setup.py install is deprecated -W ignore:easy_install command is deprecated setup.py egg_info --egg-base ../../build/controller build --build-base /home/charan-kasturi/turtlesim_project/build/controller/build install --record /home/charan-kasturi/turtlesim_project/build/controller/install.log --single-version-externally-managed install_data
[0.684s] running egg_info
[0.685s] writing ../../build/controller/controller.egg-info/PKG-INFO
[0.685s] writing dependency_links to ../../build/controller/controller.egg-info/dependency_links.txt
[0.685s] writing entry points to ../../build/controller/controller.egg-info/entry_points.txt
[0.685s] writing requirements to ../../build/controller/controller.egg-info/requires.txt
[0.685s] writing top-level names to ../../build/controller/controller.egg-info/top_level.txt
[0.686s] reading manifest file '../../build/controller/controller.egg-info/SOURCES.txt'
[0.686s] writing manifest file '../../build/controller/controller.egg-info/SOURCES.txt'
[0.687s] running build
[0.687s] running build_py
[0.687s] running install
[0.687s] running install_lib
[0.688s] running install_data
[0.688s] running install_egg_info
[0.689s] removing '/home/charan-kasturi/turtlesim_project/install/controller/lib/python3.10/site-packages/controller-0.0.0-py3.10.egg-info' (and everything under it)
[0.689s] Copying ../../build/controller/controller.egg-info to /home/charan-kasturi/turtlesim_project/install/controller/lib/python3.10/site-packages/controller-0.0.0-py3.10.egg-info
[0.690s] running install_scripts
[0.705s] Installing control script to /home/charan-kasturi/turtlesim_project/install/controller/lib/controller
[0.705s] writing list of installed files to '/home/charan-kasturi/turtlesim_project/build/controller/install.log'
[0.721s] Invoked command in '/home/charan-kasturi/turtlesim_project/src/controller' returned '0': PYTHONPATH=/home/charan-kasturi/turtlesim_project/build/controller/prefix_override:/usr/lib/python3/dist-packages/colcon_core/task/python/colcon_distutils_commands:/home/charan-kasturi/turtlesim_project/install/controller/lib/python3.10/site-packages:${PYTHONPATH} /usr/bin/python3 -W ignore:setup.py install is deprecated -W ignore:easy_install command is deprecated setup.py egg_info --egg-base ../../build/controller build --build-base /home/charan-kasturi/turtlesim_project/build/controller/build install --record /home/charan-kasturi/turtlesim_project/build/controller/install.log --single-version-externally-managed install_data
