[0.056s] DEBUG:colcon:Command line arguments: ['/usr/bin/colcon', 'build']
[0.056s] DEBUG:colcon:Parsed command line arguments: Namespace(log_base=None, log_level=None, verb_name='build', build_base='build', install_base='install', merge_install=False, symlink_install=False, test_result_base=None, continue_on_error=False, executor='parallel', parallel_workers=20, event_handlers=None, ignore_user_meta=False, metas=['./colcon.meta'], base_paths=['.'], packages_ignore=None, packages_ignore_regex=None, paths=None, packages_up_to=None, packages_up_to_regex=None, packages_above=None, packages_above_and_dependencies=None, packages_above_depth=None, packages_select_by_dep=None, packages_skip_by_dep=None, packages_skip_up_to=None, packages_select_build_failed=False, packages_skip_build_finished=False, packages_select_test_failures=False, packages_skip_test_passed=False, packages_select=None, packages_skip=None, packages_select_regex=None, packages_skip_regex=None, packages_start=None, packages_end=None, allow_overriding=[], cmake_args=None, cmake_target=None, cmake_target_skip_unavailable=False, cmake_clean_cache=False, cmake_clean_first=False, cmake_force_configure=False, ament_cmake_args=None, catkin_cmake_args=None, catkin_skip_building_tests=False, verb_parser=<colcon_defaults.argument_parser.defaults.DefaultArgumentsDecorator object at 0x78926e341de0>, verb_extension=<colcon_core.verb.build.BuildVerb object at 0x78926e341450>, main=<bound method BuildVerb.main of <colcon_core.verb.build.BuildVerb object at 0x78926e341450>>)
[0.137s] Level 1:colcon.colcon_core.package_discovery:discover_packages(colcon_meta) check parameters
[0.137s] Level 1:colcon.colcon_core.package_discovery:discover_packages(recursive) check parameters
[0.137s] Level 1:colcon.colcon_core.package_discovery:discover_packages(ignore) check parameters
[0.137s] Level 1:colcon.colcon_core.package_discovery:discover_packages(path) check parameters
[0.137s] Level 1:colcon.colcon_core.package_discovery:discover_packages(colcon_meta) discover
[0.137s] Level 1:colcon.colcon_core.package_discovery:discover_packages(recursive) discover
[0.137s] INFO:colcon.colcon_core.package_discovery:Crawling recursively for packages in '/home/charan-kasturi/turtlesim_project/src'
[0.137s] Level 1:colcon.colcon_core.package_identification:_identify(.) by extensions ['ignore', 'ignore_ament_install']
[0.138s] Level 1:colcon.colcon_core.package_identification:_identify(.) by extension 'ignore'
[0.138s] Level 1:colcon.colcon_core.package_identification:_identify(.) by extension 'ignore_ament_install'
[0.138s] Level 1:colcon.colcon_core.package_identification:_identify(.) by extensions ['colcon_pkg']
[0.138s] Level 1:colcon.colcon_core.package_identification:_identify(.) by extension 'colcon_pkg'
[0.138s] Level 1:colcon.colcon_core.package_identification:_identify(.) by extensions ['colcon_meta']
[0.138s] Level 1:colcon.colcon_core.package_identification:_identify(.) by extension 'colcon_meta'
[0.138s] Level 1:colcon.colcon_core.package_identification:_identify(.) by extensions ['ros']
[0.138s] Level 1:colcon.colcon_core.package_identification:_identify(.) by extension 'ros'
[0.144s] Level 1:colcon.colcon_core.package_identification:_identify(.) by extensions ['cmake', 'python']
[0.144s] Level 1:colcon.colcon_core.package_identification:_identify(.) by extension 'cmake'
[0.144s] Level 1:colcon.colcon_core.package_identification:_identify(.) by extension 'python'
[0.144s] Level 1:colcon.colcon_core.package_identification:_identify(.) by extensions ['python_setup_py']
[0.144s] Level 1:colcon.colcon_core.package_identification:_identify(.) by extension 'python_setup_py'
[0.144s] Level 1:colcon.colcon_core.package_identification:_identify(build) by extensions ['ignore', 'ignore_ament_install']
[0.144s] Level 1:colcon.colcon_core.package_identification:_identify(build) by extension 'ignore'
[0.144s] Level 1:colcon.colcon_core.package_identification:_identify(build) ignored
[0.144s] Level 1:colcon.colcon_core.package_identification:_identify(controller) by extensions ['ignore', 'ignore_ament_install']
[0.144s] Level 1:colcon.colcon_core.package_identification:_identify(controller) by extension 'ignore'
[0.144s] Level 1:colcon.colcon_core.package_identification:_identify(controller) by extension 'ignore_ament_install'
[0.144s] Level 1:colcon.colcon_core.package_identification:_identify(controller) by extensions ['colcon_pkg']
[0.144s] Level 1:colcon.colcon_core.package_identification:_identify(controller) by extension 'colcon_pkg'
[0.144s] Level 1:colcon.colcon_core.package_identification:_identify(controller) by extensions ['colcon_meta']
[0.144s] Level 1:colcon.colcon_core.package_identification:_identify(controller) by extension 'colcon_meta'
[0.144s] Level 1:colcon.colcon_core.package_identification:_identify(controller) by extensions ['ros']
[0.145s] Level 1:colcon.colcon_core.package_identification:_identify(controller) by extension 'ros'
[0.146s] DEBUG:colcon.colcon_core.package_identification:Package 'controller' with type 'ros.ament_python' and name 'controller'
[0.146s] Level 1:colcon.colcon_core.package_identification:_identify(custom_interfaces) by extensions ['ignore', 'ignore_ament_install']
[0.146s] Level 1:colcon.colcon_core.package_identification:_identify(custom_interfaces) by extension 'ignore'
[0.146s] Level 1:colcon.colcon_core.package_identification:_identify(custom_interfaces) by extension 'ignore_ament_install'
[0.146s] Level 1:colcon.colcon_core.package_identification:_identify(custom_interfaces) by extensions ['colcon_pkg']
[0.146s] Level 1:colcon.colcon_core.package_identification:_identify(custom_interfaces) by extension 'colcon_pkg'
[0.146s] Level 1:colcon.colcon_core.package_identification:_identify(custom_interfaces) by extensions ['colcon_meta']
[0.146s] Level 1:colcon.colcon_core.package_identification:_identify(custom_interfaces) by extension 'colcon_meta'
[0.146s] Level 1:colcon.colcon_core.package_identification:_identify(custom_interfaces) by extensions ['ros']
[0.146s] Level 1:colcon.colcon_core.package_identification:_identify(custom_interfaces) by extension 'ros'
[0.146s] DEBUG:colcon.colcon_core.package_identification:Package 'custom_interfaces' with type 'ros.ament_cmake' and name 'custom_interfaces'
[0.147s] Level 1:colcon.colcon_core.package_identification:_identify(install) by extensions ['ignore', 'ignore_ament_install']
[0.147s] Level 1:colcon.colcon_core.package_identification:_identify(install) by extension 'ignore'
[0.147s] Level 1:colcon.colcon_core.package_identification:_identify(install) ignored
[0.147s] Level 1:colcon.colcon_core.package_identification:_identify(log) by extensions ['ignore', 'ignore_ament_install']
[0.147s] Level 1:colcon.colcon_core.package_identification:_identify(log) by extension 'ignore'
[0.147s] Level 1:colcon.colcon_core.package_identification:_identify(log) ignored
[0.147s] Level 1:colcon.colcon_core.package_identification:_identify(spawner) by extensions ['ignore', 'ignore_ament_install']
[0.147s] Level 1:colcon.colcon_core.package_identification:_identify(spawner) by extension 'ignore'
[0.147s] Level 1:colcon.colcon_core.package_identification:_identify(spawner) by extension 'ignore_ament_install'
[0.147s] Level 1:colcon.colcon_core.package_identification:_identify(spawner) by extensions ['colcon_pkg']
[0.147s] Level 1:colcon.colcon_core.package_identification:_identify(spawner) by extension 'colcon_pkg'
[0.147s] Level 1:colcon.colcon_core.package_identification:_identify(spawner) by extensions ['colcon_meta']
[0.147s] Level 1:colcon.colcon_core.package_identification:_identify(spawner) by extension 'colcon_meta'
[0.147s] Level 1:colcon.colcon_core.package_identification:_identify(spawner) by extensions ['ros']
[0.147s] Level 1:colcon.colcon_core.package_identification:_identify(spawner) by extension 'ros'
[0.147s] DEBUG:colcon.colcon_core.package_identification:Package 'spawner' with type 'ros.ament_python' and name 'spawner'
[0.147s] Level 1:colcon.colcon_core.package_discovery:discover_packages(recursive) using defaults
[0.147s] Level 1:colcon.colcon_core.package_discovery:discover_packages(ignore) discover
[0.147s] Level 1:colcon.colcon_core.package_discovery:discover_packages(ignore) using defaults
[0.147s] Level 1:colcon.colcon_core.package_discovery:discover_packages(path) discover
[0.147s] Level 1:colcon.colcon_core.package_discovery:discover_packages(path) using defaults
[0.159s] Level 1:colcon.colcon_core.package_discovery:discover_packages(prefix_path) check parameters
[0.159s] Level 1:colcon.colcon_core.package_discovery:discover_packages(prefix_path) discover
[0.160s] DEBUG:colcon.colcon_installed_package_information.package_discovery:Found 3 installed packages in /home/charan-kasturi/turtlesim_project/install
[0.161s] DEBUG:colcon.colcon_installed_package_information.package_discovery:Found 4 installed packages in /home/charan-kasturi/custom_msg/install
[0.161s] DEBUG:colcon.colcon_installed_package_information.package_discovery:Found 2 installed packages in /home/charan-kasturi/client_and_server/install
[0.161s] DEBUG:colcon.colcon_installed_package_information.package_discovery:Found 5 installed packages in /home/charan-kasturi/install
[0.161s] DEBUG:colcon.colcon_installed_package_information.package_discovery:Found 3 installed packages in /home/charan-kasturi/sub_and_pub/install
[0.162s] DEBUG:colcon.colcon_installed_package_information.package_discovery:Found 1 installed packages in /home/charan-kasturi/ros2_ws/install
[0.162s] DEBUG:colcon.colcon_installed_package_information.package_discovery:Found 270 installed packages in /opt/ros/humble
[0.163s] Level 1:colcon.colcon_core.package_discovery:discover_packages(prefix_path) using defaults
[0.187s] Level 5:colcon.colcon_core.verb:set package 'controller' build argument 'cmake_args' from command line to 'None'
[0.187s] Level 5:colcon.colcon_core.verb:set package 'controller' build argument 'cmake_target' from command line to 'None'
[0.187s] Level 5:colcon.colcon_core.verb:set package 'controller' build argument 'cmake_target_skip_unavailable' from command line to 'False'
[0.187s] Level 5:colcon.colcon_core.verb:set package 'controller' build argument 'cmake_clean_cache' from command line to 'False'
[0.187s] Level 5:colcon.colcon_core.verb:set package 'controller' build argument 'cmake_clean_first' from command line to 'False'
[0.187s] Level 5:colcon.colcon_core.verb:set package 'controller' build argument 'cmake_force_configure' from command line to 'False'
[0.187s] Level 5:colcon.colcon_core.verb:set package 'controller' build argument 'ament_cmake_args' from command line to 'None'
[0.187s] Level 5:colcon.colcon_core.verb:set package 'controller' build argument 'catkin_cmake_args' from command line to 'None'
[0.187s] Level 5:colcon.colcon_core.verb:set package 'controller' build argument 'catkin_skip_building_tests' from command line to 'False'
[0.187s] DEBUG:colcon.colcon_core.verb:Building package 'controller' with the following arguments: {'ament_cmake_args': None, 'build_base': '/home/charan-kasturi/turtlesim_project/src/build/controller', 'catkin_cmake_args': None, 'catkin_skip_building_tests': False, 'cmake_args': None, 'cmake_clean_cache': False, 'cmake_clean_first': False, 'cmake_force_configure': False, 'cmake_target': None, 'cmake_target_skip_unavailable': False, 'install_base': '/home/charan-kasturi/turtlesim_project/src/install/controller', 'merge_install': False, 'path': '/home/charan-kasturi/turtlesim_project/src/controller', 'symlink_install': False, 'test_result_base': None}
[0.187s] Level 5:colcon.colcon_core.verb:set package 'custom_interfaces' build argument 'cmake_args' from command line to 'None'
[0.187s] Level 5:colcon.colcon_core.verb:set package 'custom_interfaces' build argument 'cmake_target' from command line to 'None'
[0.187s] Level 5:colcon.colcon_core.verb:set package 'custom_interfaces' build argument 'cmake_target_skip_unavailable' from command line to 'False'
[0.187s] Level 5:colcon.colcon_core.verb:set package 'custom_interfaces' build argument 'cmake_clean_cache' from command line to 'False'
[0.187s] Level 5:colcon.colcon_core.verb:set package 'custom_interfaces' build argument 'cmake_clean_first' from command line to 'False'
[0.187s] Level 5:colcon.colcon_core.verb:set package 'custom_interfaces' build argument 'cmake_force_configure' from command line to 'False'
[0.187s] Level 5:colcon.colcon_core.verb:set package 'custom_interfaces' build argument 'ament_cmake_args' from command line to 'None'
[0.187s] Level 5:colcon.colcon_core.verb:set package 'custom_interfaces' build argument 'catkin_cmake_args' from command line to 'None'
[0.187s] Level 5:colcon.colcon_core.verb:set package 'custom_interfaces' build argument 'catkin_skip_building_tests' from command line to 'False'
[0.187s] DEBUG:colcon.colcon_core.verb:Building package 'custom_interfaces' with the following arguments: {'ament_cmake_args': None, 'build_base': '/home/charan-kasturi/turtlesim_project/src/build/custom_interfaces', 'catkin_cmake_args': None, 'catkin_skip_building_tests': False, 'cmake_args': None, 'cmake_clean_cache': False, 'cmake_clean_first': False, 'cmake_force_configure': False, 'cmake_target': None, 'cmake_target_skip_unavailable': False, 'install_base': '/home/charan-kasturi/turtlesim_project/src/install/custom_interfaces', 'merge_install': False, 'path': '/home/charan-kasturi/turtlesim_project/src/custom_interfaces', 'symlink_install': False, 'test_result_base': None}
[0.187s] Level 5:colcon.colcon_core.verb:set package 'spawner' build argument 'cmake_args' from command line to 'None'
[0.187s] Level 5:colcon.colcon_core.verb:set package 'spawner' build argument 'cmake_target' from command line to 'None'
[0.187s] Level 5:colcon.colcon_core.verb:set package 'spawner' build argument 'cmake_target_skip_unavailable' from command line to 'False'
[0.187s] Level 5:colcon.colcon_core.verb:set package 'spawner' build argument 'cmake_clean_cache' from command line to 'False'
[0.187s] Level 5:colcon.colcon_core.verb:set package 'spawner' build argument 'cmake_clean_first' from command line to 'False'
[0.187s] Level 5:colcon.colcon_core.verb:set package 'spawner' build argument 'cmake_force_configure' from command line to 'False'
[0.187s] Level 5:colcon.colcon_core.verb:set package 'spawner' build argument 'ament_cmake_args' from command line to 'None'
[0.187s] Level 5:colcon.colcon_core.verb:set package 'spawner' build argument 'catkin_cmake_args' from command line to 'None'
[0.187s] Level 5:colcon.colcon_core.verb:set package 'spawner' build argument 'catkin_skip_building_tests' from command line to 'False'
[0.187s] DEBUG:colcon.colcon_core.verb:Building package 'spawner' with the following arguments: {'ament_cmake_args': None, 'build_base': '/home/charan-kasturi/turtlesim_project/src/build/spawner', 'catkin_cmake_args': None, 'catkin_skip_building_tests': False, 'cmake_args': None, 'cmake_clean_cache': False, 'cmake_clean_first': False, 'cmake_force_configure': False, 'cmake_target': None, 'cmake_target_skip_unavailable': False, 'install_base': '/home/charan-kasturi/turtlesim_project/src/install/spawner', 'merge_install': False, 'path': '/home/charan-kasturi/turtlesim_project/src/spawner', 'symlink_install': False, 'test_result_base': None}
[0.187s] INFO:colcon.colcon_core.executor:Executing jobs using 'parallel' executor
[0.188s] DEBUG:colcon.colcon_parallel_executor.executor.parallel:run_until_complete
[0.188s] INFO:colcon.colcon_ros.task.ament_cmake.build:Building ROS package in '/home/charan-kasturi/turtlesim_project/src/custom_interfaces' with build type 'ament_cmake'
[0.188s] INFO:colcon.colcon_cmake.task.cmake.build:Building CMake package in '/home/charan-kasturi/turtlesim_project/src/custom_interfaces'
[0.189s] INFO:colcon.colcon_core.plugin_system:Skipping extension 'colcon_core.shell.bat': Not used on non-Windows systems
[0.190s] INFO:colcon.colcon_core.shell:Skip shell extension 'powershell' for command environment: Not usable outside of PowerShell
[0.190s] DEBUG:colcon.colcon_core.shell:Skip shell extension 'dsv' for command environment
[0.192s] INFO:colcon.colcon_ros.task.ament_python.build:Building ROS package in '/home/charan-kasturi/turtlesim_project/src/controller' with build type 'ament_python'
[0.192s] Level 1:colcon.colcon_core.shell:create_environment_hook('controller', 'ament_prefix_path')
[0.193s] INFO:colcon.colcon_core.shell:Creating environment hook '/home/charan-kasturi/turtlesim_project/src/install/controller/share/controller/hook/ament_prefix_path.ps1'
[0.193s] INFO:colcon.colcon_core.shell:Creating environment descriptor '/home/charan-kasturi/turtlesim_project/src/install/controller/share/controller/hook/ament_prefix_path.dsv'
[0.193s] INFO:colcon.colcon_core.shell:Creating environment hook '/home/charan-kasturi/turtlesim_project/src/install/controller/share/controller/hook/ament_prefix_path.sh'
[0.194s] INFO:colcon.colcon_core.shell:Skip shell extension 'powershell' for command environment: Not usable outside of PowerShell
[0.194s] DEBUG:colcon.colcon_core.shell:Skip shell extension 'dsv' for command environment
[0.198s] DEBUG:colcon.colcon_core.event_handler.log_command:Invoking command in '/home/charan-kasturi/turtlesim_project/src/build/custom_interfaces': CMAKE_PREFIX_PATH=${CMAKE_PREFIX_PATH}:/home/charan-kasturi/turtlesim_project/install/spawner:/home/charan-kasturi/turtlesim_project/install/controller:/home/charan-kasturi/sub_and_pub/install/subscriber:/home/charan-kasturi/sub_and_pub/install/publisher:/home/charan-kasturi/custom_msg/install/led:/home/charan-kasturi/custom_msg/install/custom:/home/charan-kasturi/custom_msg/install/battery:/home/charan-kasturi/client_and_server/install/server:/home/charan-kasturi/client_and_server/install/client:/home/charan-kasturi/install/subscriber:/home/charan-kasturi/install/server:/home/charan-kasturi/install/py_pkg:/home/charan-kasturi/install/publisher:/home/charan-kasturi/install/client:/home/charan-kasturi/ros2_ws/install/py_pkg:/opt/ros/humble /usr/bin/cmake /home/charan-kasturi/turtlesim_project/src/custom_interfaces -DCMAKE_INSTALL_PREFIX=/home/charan-kasturi/turtlesim_project/src/install/custom_interfaces
[0.341s] INFO:colcon.colcon_core.task.python.build:Building Python package in '/home/charan-kasturi/turtlesim_project/src/controller'
[0.341s] INFO:colcon.colcon_core.shell:Skip shell extension 'powershell' for command environment: Not usable outside of PowerShell
[0.341s] DEBUG:colcon.colcon_core.shell:Skip shell extension 'dsv' for command environment
[0.561s] DEBUG:colcon.colcon_core.event_handler.log_command:Invoking command in '/home/charan-kasturi/turtlesim_project/src/controller': PYTHONPATH=/home/charan-kasturi/turtlesim_project/src/build/controller/prefix_override:/usr/lib/python3/dist-packages/colcon_core/task/python/colcon_distutils_commands:/home/charan-kasturi/turtlesim_project/src/install/controller/lib/python3.10/site-packages:${PYTHONPATH} /usr/bin/python3 -W ignore:setup.py install is deprecated -W ignore:easy_install command is deprecated setup.py egg_info --egg-base ../build/controller build --build-base /home/charan-kasturi/turtlesim_project/src/build/controller/build install --record /home/charan-kasturi/turtlesim_project/src/build/controller/install.log --single-version-externally-managed install_data
[0.770s] DEBUG:colcon.colcon_core.event_handler.log_command:Invoked command in '/home/charan-kasturi/turtlesim_project/src/controller' returned '0': PYTHONPATH=/home/charan-kasturi/turtlesim_project/src/build/controller/prefix_override:/usr/lib/python3/dist-packages/colcon_core/task/python/colcon_distutils_commands:/home/charan-kasturi/turtlesim_project/src/install/controller/lib/python3.10/site-packages:${PYTHONPATH} /usr/bin/python3 -W ignore:setup.py install is deprecated -W ignore:easy_install command is deprecated setup.py egg_info --egg-base ../build/controller build --build-base /home/charan-kasturi/turtlesim_project/src/build/controller/build install --record /home/charan-kasturi/turtlesim_project/src/build/controller/install.log --single-version-externally-managed install_data
[0.772s] Level 1:colcon.colcon_core.environment:checking '/home/charan-kasturi/turtlesim_project/src/install/controller' for CMake module files
[0.772s] Level 1:colcon.colcon_core.environment:checking '/home/charan-kasturi/turtlesim_project/src/install/controller' for CMake config files
[0.773s] Level 1:colcon.colcon_core.environment:checking '/home/charan-kasturi/turtlesim_project/src/install/controller/lib'
[0.773s] Level 1:colcon.colcon_core.environment:checking '/home/charan-kasturi/turtlesim_project/src/install/controller/bin'
[0.773s] Level 1:colcon.colcon_core.environment:checking '/home/charan-kasturi/turtlesim_project/src/install/controller/lib/pkgconfig/controller.pc'
[0.773s] Level 1:colcon.colcon_core.environment:checking '/home/charan-kasturi/turtlesim_project/src/install/controller/lib/python3.10/site-packages'
[0.773s] Level 1:colcon.colcon_core.shell:create_environment_hook('controller', 'pythonpath')
[0.773s] INFO:colcon.colcon_core.shell:Creating environment hook '/home/charan-kasturi/turtlesim_project/src/install/controller/share/controller/hook/pythonpath.ps1'
[0.773s] INFO:colcon.colcon_core.shell:Creating environment descriptor '/home/charan-kasturi/turtlesim_project/src/install/controller/share/controller/hook/pythonpath.dsv'
[0.774s] INFO:colcon.colcon_core.shell:Creating environment hook '/home/charan-kasturi/turtlesim_project/src/install/controller/share/controller/hook/pythonpath.sh'
[0.774s] Level 1:colcon.colcon_core.environment:checking '/home/charan-kasturi/turtlesim_project/src/install/controller/bin'
[0.774s] Level 1:colcon.colcon_core.environment:create_environment_scripts_only(controller)
[0.774s] INFO:colcon.colcon_core.shell:Creating package script '/home/charan-kasturi/turtlesim_project/src/install/controller/share/controller/package.ps1'
[0.775s] INFO:colcon.colcon_core.shell:Creating package descriptor '/home/charan-kasturi/turtlesim_project/src/install/controller/share/controller/package.dsv'
[0.775s] INFO:colcon.colcon_core.shell:Creating package script '/home/charan-kasturi/turtlesim_project/src/install/controller/share/controller/package.sh'
[0.775s] INFO:colcon.colcon_core.shell:Creating package script '/home/charan-kasturi/turtlesim_project/src/install/controller/share/controller/package.bash'
[0.776s] INFO:colcon.colcon_core.shell:Creating package script '/home/charan-kasturi/turtlesim_project/src/install/controller/share/controller/package.zsh'
[0.776s] Level 1:colcon.colcon_core.environment:create_file_with_runtime_dependencies(/home/charan-kasturi/turtlesim_project/src/install/controller/share/colcon-core/packages/controller)
[1.269s] DEBUG:colcon.colcon_core.event_handler.log_command:Invoked command in '/home/charan-kasturi/turtlesim_project/src/build/custom_interfaces' returned '0': CMAKE_PREFIX_PATH=${CMAKE_PREFIX_PATH}:/home/charan-kasturi/turtlesim_project/install/spawner:/home/charan-kasturi/turtlesim_project/install/controller:/home/charan-kasturi/sub_and_pub/install/subscriber:/home/charan-kasturi/sub_and_pub/install/publisher:/home/charan-kasturi/custom_msg/install/led:/home/charan-kasturi/custom_msg/install/custom:/home/charan-kasturi/custom_msg/install/battery:/home/charan-kasturi/client_and_server/install/server:/home/charan-kasturi/client_and_server/install/client:/home/charan-kasturi/install/subscriber:/home/charan-kasturi/install/server:/home/charan-kasturi/install/py_pkg:/home/charan-kasturi/install/publisher:/home/charan-kasturi/install/client:/home/charan-kasturi/ros2_ws/install/py_pkg:/opt/ros/humble /usr/bin/cmake /home/charan-kasturi/turtlesim_project/src/custom_interfaces -DCMAKE_INSTALL_PREFIX=/home/charan-kasturi/turtlesim_project/src/install/custom_interfaces
[1.271s] DEBUG:colcon.colcon_core.event_handler.log_command:Invoking command in '/home/charan-kasturi/turtlesim_project/src/build/custom_interfaces': CMAKE_PREFIX_PATH=${CMAKE_PREFIX_PATH}:/home/charan-kasturi/turtlesim_project/install/spawner:/home/charan-kasturi/turtlesim_project/install/controller:/home/charan-kasturi/sub_and_pub/install/subscriber:/home/charan-kasturi/sub_and_pub/install/publisher:/home/charan-kasturi/custom_msg/install/led:/home/charan-kasturi/custom_msg/install/custom:/home/charan-kasturi/custom_msg/install/battery:/home/charan-kasturi/client_and_server/install/server:/home/charan-kasturi/client_and_server/install/client:/home/charan-kasturi/install/subscriber:/home/charan-kasturi/install/server:/home/charan-kasturi/install/py_pkg:/home/charan-kasturi/install/publisher:/home/charan-kasturi/install/client:/home/charan-kasturi/ros2_ws/install/py_pkg:/opt/ros/humble /usr/bin/cmake --build /home/charan-kasturi/turtlesim_project/src/build/custom_interfaces -- -j20 -l20
[2.026s] DEBUG:colcon.colcon_core.event_handler.log_command:Invoked command in '/home/charan-kasturi/turtlesim_project/src/build/custom_interfaces' returned '2': CMAKE_PREFIX_PATH=${CMAKE_PREFIX_PATH}:/home/charan-kasturi/turtlesim_project/install/spawner:/home/charan-kasturi/turtlesim_project/install/controller:/home/charan-kasturi/sub_and_pub/install/subscriber:/home/charan-kasturi/sub_and_pub/install/publisher:/home/charan-kasturi/custom_msg/install/led:/home/charan-kasturi/custom_msg/install/custom:/home/charan-kasturi/custom_msg/install/battery:/home/charan-kasturi/client_and_server/install/server:/home/charan-kasturi/client_and_server/install/client:/home/charan-kasturi/install/subscriber:/home/charan-kasturi/install/server:/home/charan-kasturi/install/py_pkg:/home/charan-kasturi/install/publisher:/home/charan-kasturi/install/client:/home/charan-kasturi/ros2_ws/install/py_pkg:/opt/ros/humble /usr/bin/cmake --build /home/charan-kasturi/turtlesim_project/src/build/custom_interfaces -- -j20 -l20
[2.026s] Level 1:colcon.colcon_core.environment:create_environment_scripts_only(custom_interfaces)
[2.026s] Level 1:colcon.colcon_core.environment:checking '/home/charan-kasturi/turtlesim_project/src/install/custom_interfaces' for CMake module files
[2.026s] Level 1:colcon.colcon_core.environment:checking '/home/charan-kasturi/turtlesim_project/src/install/custom_interfaces' for CMake config files
[2.026s] Level 1:colcon.colcon_core.environment:checking '/home/charan-kasturi/turtlesim_project/src/install/custom_interfaces/bin'
[2.026s] Level 1:colcon.colcon_core.environment:checking '/home/charan-kasturi/turtlesim_project/src/install/custom_interfaces/lib/pkgconfig/custom_interfaces.pc'
[2.027s] Level 1:colcon.colcon_core.environment:checking '/home/charan-kasturi/turtlesim_project/src/install/custom_interfaces/lib/python3.10/site-packages'
[2.027s] Level 1:colcon.colcon_core.environment:checking '/home/charan-kasturi/turtlesim_project/src/install/custom_interfaces/bin'
[2.027s] INFO:colcon.colcon_core.shell:Creating package script '/home/charan-kasturi/turtlesim_project/src/install/custom_interfaces/share/custom_interfaces/package.ps1'
[2.027s] INFO:colcon.colcon_core.shell:Creating package descriptor '/home/charan-kasturi/turtlesim_project/src/install/custom_interfaces/share/custom_interfaces/package.dsv'
[2.027s] INFO:colcon.colcon_core.shell:Creating package script '/home/charan-kasturi/turtlesim_project/src/install/custom_interfaces/share/custom_interfaces/package.sh'
[2.028s] INFO:colcon.colcon_core.shell:Creating package script '/home/charan-kasturi/turtlesim_project/src/install/custom_interfaces/share/custom_interfaces/package.bash'
[2.028s] INFO:colcon.colcon_core.shell:Creating package script '/home/charan-kasturi/turtlesim_project/src/install/custom_interfaces/share/custom_interfaces/package.zsh'
[2.028s] Level 1:colcon.colcon_core.environment:create_file_with_runtime_dependencies(/home/charan-kasturi/turtlesim_project/src/install/custom_interfaces/share/colcon-core/packages/custom_interfaces)
[2.038s] DEBUG:colcon.colcon_parallel_executor.executor.parallel:closing loop
[2.039s] DEBUG:colcon.colcon_parallel_executor.executor.parallel:loop closed
[2.039s] DEBUG:colcon.colcon_parallel_executor.executor.parallel:run_until_complete finished with '2'
[2.039s] DEBUG:colcon.colcon_core.event_reactor:joining thread
[2.042s] INFO:colcon.colcon_core.plugin_system:Skipping extension 'colcon_notification.desktop_notification.terminal_notifier': Not used on non-Darwin systems
[2.042s] INFO:colcon.colcon_core.plugin_system:Skipping extension 'colcon_notification.desktop_notification.win32': Not used on non-Windows systems
[2.042s] INFO:colcon.colcon_notification.desktop_notification:Sending desktop notification using 'notify2'
[2.050s] DEBUG:colcon.colcon_core.event_reactor:joined thread
[2.050s] INFO:colcon.colcon_core.shell:Creating prefix script '/home/charan-kasturi/turtlesim_project/src/install/local_setup.ps1'
[2.051s] INFO:colcon.colcon_core.shell:Creating prefix util module '/home/charan-kasturi/turtlesim_project/src/install/_local_setup_util_ps1.py'
[2.052s] INFO:colcon.colcon_core.shell:Creating prefix chain script '/home/charan-kasturi/turtlesim_project/src/install/setup.ps1'
[2.053s] INFO:colcon.colcon_core.shell:Creating prefix script '/home/charan-kasturi/turtlesim_project/src/install/local_setup.sh'
[2.053s] INFO:colcon.colcon_core.shell:Creating prefix util module '/home/charan-kasturi/turtlesim_project/src/install/_local_setup_util_sh.py'
[2.053s] INFO:colcon.colcon_core.shell:Creating prefix chain script '/home/charan-kasturi/turtlesim_project/src/install/setup.sh'
[2.054s] INFO:colcon.colcon_core.shell:Creating prefix script '/home/charan-kasturi/turtlesim_project/src/install/local_setup.bash'
[2.054s] INFO:colcon.colcon_core.shell:Creating prefix chain script '/home/charan-kasturi/turtlesim_project/src/install/setup.bash'
[2.055s] INFO:colcon.colcon_core.shell:Creating prefix script '/home/charan-kasturi/turtlesim_project/src/install/local_setup.zsh'
[2.055s] INFO:colcon.colcon_core.shell:Creating prefix chain script '/home/charan-kasturi/turtlesim_project/src/install/setup.zsh'
