[0.542s] Invoking command in '/home/charan-kasturi/turtlesim_project/src/controller': PYTHONPATH=/home/charan-kasturi/turtlesim_project/build/controller/prefix_override:/usr/lib/python3/dist-packages/colcon_core/task/python/colcon_distutils_commands:/home/charan-kasturi/turtlesim_project/install/controller/lib/python3.10/site-packages:${PYTHONPATH} /usr/bin/python3 -W ignore:setup.py install is deprecated -W ignore:easy_install command is deprecated setup.py egg_info --egg-base ../../build/controller build --build-base /home/charan-kasturi/turtlesim_project/build/controller/build install --record /home/charan-kasturi/turtlesim_project/build/controller/install.log --single-version-externally-managed install_data
[0.699s] running egg_info
[0.700s] creating ../../build/controller/controller.egg-info
[0.700s] writing ../../build/controller/controller.egg-info/PKG-INFO
[0.700s] writing dependency_links to ../../build/controller/controller.egg-info/dependency_links.txt
[0.700s] writing entry points to ../../build/controller/controller.egg-info/entry_points.txt
[0.700s] writing requirements to ../../build/controller/controller.egg-info/requires.txt
[0.700s] writing top-level names to ../../build/controller/controller.egg-info/top_level.txt
[0.700s] writing manifest file '../../build/controller/controller.egg-info/SOURCES.txt'
[0.701s] reading manifest file '../../build/controller/controller.egg-info/SOURCES.txt'
[0.701s] writing manifest file '../../build/controller/controller.egg-info/SOURCES.txt'
[0.702s] running build
[0.702s] running build_py
[0.702s] creating /home/charan-kasturi/turtlesim_project/build/controller/build
[0.702s] creating /home/charan-kasturi/turtlesim_project/build/controller/build/lib
[0.703s] creating /home/charan-kasturi/turtlesim_project/build/controller/build/lib/controller
[0.703s] copying controller/__init__.py -> /home/charan-kasturi/turtlesim_project/build/controller/build/lib/controller
[0.703s] copying controller/turtle_controller.py -> /home/charan-kasturi/turtlesim_project/build/controller/build/lib/controller
[0.703s] running install
[0.703s] running install_lib
[0.703s] creating /home/charan-kasturi/turtlesim_project/install/controller/lib/python3.10/site-packages/controller
[0.703s] copying /home/charan-kasturi/turtlesim_project/build/controller/build/lib/controller/__init__.py -> /home/charan-kasturi/turtlesim_project/install/controller/lib/python3.10/site-packages/controller
[0.703s] copying /home/charan-kasturi/turtlesim_project/build/controller/build/lib/controller/turtle_controller.py -> /home/charan-kasturi/turtlesim_project/install/controller/lib/python3.10/site-packages/controller
[0.704s] byte-compiling /home/charan-kasturi/turtlesim_project/install/controller/lib/python3.10/site-packages/controller/__init__.py to __init__.cpython-310.pyc
[0.704s] byte-compiling /home/charan-kasturi/turtlesim_project/install/controller/lib/python3.10/site-packages/controller/turtle_controller.py to turtle_controller.cpython-310.pyc
[0.704s] running install_data
[0.704s] creating /home/charan-kasturi/turtlesim_project/install/controller/share/ament_index
[0.704s] creating /home/charan-kasturi/turtlesim_project/install/controller/share/ament_index/resource_index
[0.704s] creating /home/charan-kasturi/turtlesim_project/install/controller/share/ament_index/resource_index/packages
[0.704s] copying resource/controller -> /home/charan-kasturi/turtlesim_project/install/controller/share/ament_index/resource_index/packages
[0.704s] copying package.xml -> /home/charan-kasturi/turtlesim_project/install/controller/share/controller
[0.704s] running install_egg_info
[0.705s] Copying ../../build/controller/controller.egg-info to /home/charan-kasturi/turtlesim_project/install/controller/lib/python3.10/site-packages/controller-0.0.0-py3.10.egg-info
[0.705s] running install_scripts
[0.721s] Installing control script to /home/charan-kasturi/turtlesim_project/install/controller/lib/controller
[0.721s] writing list of installed files to '/home/charan-kasturi/turtlesim_project/build/controller/install.log'
[0.737s] Invoked command in '/home/charan-kasturi/turtlesim_project/src/controller' returned '0': PYTHONPATH=/home/charan-kasturi/turtlesim_project/build/controller/prefix_override:/usr/lib/python3/dist-packages/colcon_core/task/python/colcon_distutils_commands:/home/charan-kasturi/turtlesim_project/install/controller/lib/python3.10/site-packages:${PYTHONPATH} /usr/bin/python3 -W ignore:setup.py install is deprecated -W ignore:easy_install command is deprecated setup.py egg_info --egg-base ../../build/controller build --build-base /home/charan-kasturi/turtlesim_project/build/controller/build install --record /home/charan-kasturi/turtlesim_project/build/controller/install.log --single-version-externally-managed install_data
