[0.008s] Invoking command in '/home/charan-kasturi/turtlesim_project/build/turtlesim_bringup': CMAKE_PREFIX_PATH=${CMAKE_PREFIX_PATH}:/home/charan-kasturi/turtlesim_project/install/spawner:/home/charan-kasturi/turtlesim_project/install/controller:/home/charan-kasturi/sub_and_pub/install/subscriber:/home/charan-kasturi/sub_and_pub/install/publisher:/home/charan-kasturi/custom_msg/install/led:/home/charan-kasturi/custom_msg/install/custom:/home/charan-kasturi/custom_msg/install/battery:/home/charan-kasturi/client_and_server/install/server:/home/charan-kasturi/client_and_server/install/client:/home/charan-kasturi/install/subscriber:/home/charan-kasturi/install/server:/home/charan-kasturi/install/py_pkg:/home/charan-kasturi/install/publisher:/home/charan-kasturi/install/client:/home/charan-kasturi/ros2_ws/install/py_pkg:/opt/ros/humble /usr/bin/cmake /home/charan-kasturi/turtlesim_project/src/turtlesim_bringup -DCMAKE_INSTALL_PREFIX=/home/charan-kasturi/turtlesim_project/install/turtlesim_bringup
[0.094s] -- The C compiler identification is GNU 11.4.0
[0.160s] -- The CXX compiler identification is GNU 11.4.0
[0.166s] -- Detecting C compiler ABI info
[0.217s] -- Detecting C compiler ABI info - done
[0.221s] -- Check for working C compiler: /usr/bin/cc - skipped
[0.222s] -- Detecting C compile features
[0.223s] -- Detecting C compile features - done
[0.225s] -- Detecting CXX compiler ABI info
[0.281s] -- Detecting CXX compiler ABI info - done
[0.286s] -- Check for working CXX compiler: /usr/bin/c++ - skipped
[0.286s] -- Detecting CXX compile features
[0.287s] -- Detecting CXX compile features - done
[0.290s] -- Found ament_cmake: 1.3.10 (/opt/ros/humble/share/ament_cmake/cmake)
[0.423s] -- Found Python3: /usr/bin/python3 (found version "3.10.12") found components: Interpreter 
[0.592s] -- Configuring done
[0.593s] -- Generating done
[0.594s] -- Build files have been written to: /home/charan-kasturi/turtlesim_project/build/turtlesim_bringup
[0.597s] Invoked command in '/home/charan-kasturi/turtlesim_project/build/turtlesim_bringup' returned '0': CMAKE_PREFIX_PATH=${CMAKE_PREFIX_PATH}:/home/charan-kasturi/turtlesim_project/install/spawner:/home/charan-kasturi/turtlesim_project/install/controller:/home/charan-kasturi/sub_and_pub/install/subscriber:/home/charan-kasturi/sub_and_pub/install/publisher:/home/charan-kasturi/custom_msg/install/led:/home/charan-kasturi/custom_msg/install/custom:/home/charan-kasturi/custom_msg/install/battery:/home/charan-kasturi/client_and_server/install/server:/home/charan-kasturi/client_and_server/install/client:/home/charan-kasturi/install/subscriber:/home/charan-kasturi/install/server:/home/charan-kasturi/install/py_pkg:/home/charan-kasturi/install/publisher:/home/charan-kasturi/install/client:/home/charan-kasturi/ros2_ws/install/py_pkg:/opt/ros/humble /usr/bin/cmake /home/charan-kasturi/turtlesim_project/src/turtlesim_bringup -DCMAKE_INSTALL_PREFIX=/home/charan-kasturi/turtlesim_project/install/turtlesim_bringup
[0.598s] Invoking command in '/home/charan-kasturi/turtlesim_project/build/turtlesim_bringup': CMAKE_PREFIX_PATH=${CMAKE_PREFIX_PATH}:/home/charan-kasturi/turtlesim_project/install/spawner:/home/charan-kasturi/turtlesim_project/install/controller:/home/charan-kasturi/sub_and_pub/install/subscriber:/home/charan-kasturi/sub_and_pub/install/publisher:/home/charan-kasturi/custom_msg/install/led:/home/charan-kasturi/custom_msg/install/custom:/home/charan-kasturi/custom_msg/install/battery:/home/charan-kasturi/client_and_server/install/server:/home/charan-kasturi/client_and_server/install/client:/home/charan-kasturi/install/subscriber:/home/charan-kasturi/install/server:/home/charan-kasturi/install/py_pkg:/home/charan-kasturi/install/publisher:/home/charan-kasturi/install/client:/home/charan-kasturi/ros2_ws/install/py_pkg:/opt/ros/humble /usr/bin/cmake --build /home/charan-kasturi/turtlesim_project/build/turtlesim_bringup -- -j20 -l20
[0.619s] Invoked command in '/home/charan-kasturi/turtlesim_project/build/turtlesim_bringup' returned '0': CMAKE_PREFIX_PATH=${CMAKE_PREFIX_PATH}:/home/charan-kasturi/turtlesim_project/install/spawner:/home/charan-kasturi/turtlesim_project/install/controller:/home/charan-kasturi/sub_and_pub/install/subscriber:/home/charan-kasturi/sub_and_pub/install/publisher:/home/charan-kasturi/custom_msg/install/led:/home/charan-kasturi/custom_msg/install/custom:/home/charan-kasturi/custom_msg/install/battery:/home/charan-kasturi/client_and_server/install/server:/home/charan-kasturi/client_and_server/install/client:/home/charan-kasturi/install/subscriber:/home/charan-kasturi/install/server:/home/charan-kasturi/install/py_pkg:/home/charan-kasturi/install/publisher:/home/charan-kasturi/install/client:/home/charan-kasturi/ros2_ws/install/py_pkg:/opt/ros/humble /usr/bin/cmake --build /home/charan-kasturi/turtlesim_project/build/turtlesim_bringup -- -j20 -l20
[0.621s] Invoking command in '/home/charan-kasturi/turtlesim_project/build/turtlesim_bringup': CMAKE_PREFIX_PATH=${CMAKE_PREFIX_PATH}:/home/charan-kasturi/turtlesim_project/install/spawner:/home/charan-kasturi/turtlesim_project/install/controller:/home/charan-kasturi/sub_and_pub/install/subscriber:/home/charan-kasturi/sub_and_pub/install/publisher:/home/charan-kasturi/custom_msg/install/led:/home/charan-kasturi/custom_msg/install/custom:/home/charan-kasturi/custom_msg/install/battery:/home/charan-kasturi/client_and_server/install/server:/home/charan-kasturi/client_and_server/install/client:/home/charan-kasturi/install/subscriber:/home/charan-kasturi/install/server:/home/charan-kasturi/install/py_pkg:/home/charan-kasturi/install/publisher:/home/charan-kasturi/install/client:/home/charan-kasturi/ros2_ws/install/py_pkg:/opt/ros/humble /usr/bin/cmake --install /home/charan-kasturi/turtlesim_project/build/turtlesim_bringup
[0.627s] -- Install configuration: ""
[0.627s] -- Installing: /home/charan-kasturi/turtlesim_project/install/turtlesim_bringup/share/turtlesim_bringup/launch
[0.627s] -- Installing: /home/charan-kasturi/turtlesim_project/install/turtlesim_bringup/share/turtlesim_bringup/launch/turtlesim.launch.py
[0.628s] -- Installing: /home/charan-kasturi/turtlesim_project/install/turtlesim_bringup/share/ament_index/resource_index/package_run_dependencies/turtlesim_bringup
[0.628s] -- Installing: /home/charan-kasturi/turtlesim_project/install/turtlesim_bringup/share/ament_index/resource_index/parent_prefix_path/turtlesim_bringup
[0.628s] -- Installing: /home/charan-kasturi/turtlesim_project/install/turtlesim_bringup/share/turtlesim_bringup/environment/ament_prefix_path.sh
[0.628s] -- Installing: /home/charan-kasturi/turtlesim_project/install/turtlesim_bringup/share/turtlesim_bringup/environment/ament_prefix_path.dsv
[0.628s] -- Installing: /home/charan-kasturi/turtlesim_project/install/turtlesim_bringup/share/turtlesim_bringup/environment/path.sh
[0.628s] -- Installing: /home/charan-kasturi/turtlesim_project/install/turtlesim_bringup/share/turtlesim_bringup/environment/path.dsv
[0.629s] -- Installing: /home/charan-kasturi/turtlesim_project/install/turtlesim_bringup/share/turtlesim_bringup/local_setup.bash
[0.629s] -- Installing: /home/charan-kasturi/turtlesim_project/install/turtlesim_bringup/share/turtlesim_bringup/local_setup.sh
[0.629s] -- Installing: /home/charan-kasturi/turtlesim_project/install/turtlesim_bringup/share/turtlesim_bringup/local_setup.zsh
[0.629s] -- Installing: /home/charan-kasturi/turtlesim_project/install/turtlesim_bringup/share/turtlesim_bringup/local_setup.dsv
[0.629s] -- Installing: /home/charan-kasturi/turtlesim_project/install/turtlesim_bringup/share/turtlesim_bringup/package.dsv
[0.629s] -- Installing: /home/charan-kasturi/turtlesim_project/install/turtlesim_bringup/share/ament_index/resource_index/packages/turtlesim_bringup
[0.629s] -- Installing: /home/charan-kasturi/turtlesim_project/install/turtlesim_bringup/share/turtlesim_bringup/cmake/turtlesim_bringupConfig.cmake
[0.629s] -- Installing: /home/charan-kasturi/turtlesim_project/install/turtlesim_bringup/share/turtlesim_bringup/cmake/turtlesim_bringupConfig-version.cmake
[0.629s] -- Installing: /home/charan-kasturi/turtlesim_project/install/turtlesim_bringup/share/turtlesim_bringup/package.xml
[0.630s] Invoked command in '/home/charan-kasturi/turtlesim_project/build/turtlesim_bringup' returned '0': CMAKE_PREFIX_PATH=${CMAKE_PREFIX_PATH}:/home/charan-kasturi/turtlesim_project/install/spawner:/home/charan-kasturi/turtlesim_project/install/controller:/home/charan-kasturi/sub_and_pub/install/subscriber:/home/charan-kasturi/sub_and_pub/install/publisher:/home/charan-kasturi/custom_msg/install/led:/home/charan-kasturi/custom_msg/install/custom:/home/charan-kasturi/custom_msg/install/battery:/home/charan-kasturi/client_and_server/install/server:/home/charan-kasturi/client_and_server/install/client:/home/charan-kasturi/install/subscriber:/home/charan-kasturi/install/server:/home/charan-kasturi/install/py_pkg:/home/charan-kasturi/install/publisher:/home/charan-kasturi/install/client:/home/charan-kasturi/ros2_ws/install/py_pkg:/opt/ros/humble /usr/bin/cmake --install /home/charan-kasturi/turtlesim_project/build/turtlesim_bringup
