[0.013s] Invoking command in '/home/charan-kasturi/turtlesim_project/build/custom_interfaces': CMAKE_PREFIX_PATH=${CMAKE_PREFIX_PATH}:/home/charan-kasturi/turtlesim_project/install/spawner:/home/charan-kasturi/turtlesim_project/install/controller:/home/charan-kasturi/sub_and_pub/install/subscriber:/home/charan-kasturi/sub_and_pub/install/publisher:/home/charan-kasturi/custom_msg/install/led:/home/charan-kasturi/custom_msg/install/custom:/home/charan-kasturi/custom_msg/install/battery:/home/charan-kasturi/client_and_server/install/server:/home/charan-kasturi/client_and_server/install/client:/home/charan-kasturi/install/subscriber:/home/charan-kasturi/install/server:/home/charan-kasturi/install/py_pkg:/home/charan-kasturi/install/publisher:/home/charan-kasturi/install/client:/home/charan-kasturi/ros2_ws/install/py_pkg:/opt/ros/humble /usr/bin/cmake --build /home/charan-kasturi/turtlesim_project/build/custom_interfaces -- -j20 -l20
[0.030s] -- Found ament_cmake: 1.3.10 (/opt/ros/humble/share/ament_cmake/cmake)
[0.119s] -- Found rosidl_default_generators: 1.2.0 (/opt/ros/humble/share/rosidl_default_generators/cmake)
[0.121s] -- Using all available rosidl_typesupport_c: rosidl_typesupport_fastrtps_c;rosidl_typesupport_introspection_c
[0.123s] -- Found rosidl_adapter: 3.1.5 (/opt/ros/humble/share/rosidl_adapter/cmake)
[0.143s] -- Using all available rosidl_typesupport_cpp: rosidl_typesupport_fastrtps_cpp;rosidl_typesupport_introspection_cpp
[0.341s] -- Found ament_cmake_ros: 0.10.0 (/opt/ros/humble/share/ament_cmake_ros/cmake)
[0.469s] -- Using all available rosidl_typesupport_c: rosidl_typesupport_fastrtps_c;rosidl_typesupport_introspection_c
[0.664s] -- Using all available rosidl_typesupport_cpp: rosidl_typesupport_fastrtps_cpp;rosidl_typesupport_introspection_cpp
[0.680s] -- Found python_cmake_module: 0.10.0 (/opt/ros/humble/share/python_cmake_module/cmake)
[0.696s] -- Using PYTHON_EXECUTABLE: /usr/bin/python3
[0.696s] -- Using PYTHON_INCLUDE_DIRS: /usr/include/python3.10
[0.696s] -- Using PYTHON_LIBRARIES: /usr/lib/x86_64-linux-gnu/libpython3.10.so
[0.707s] -- Configuring done
[0.722s] -- Generating done
[0.727s] -- Build files have been written to: /home/charan-kasturi/turtlesim_project/build/custom_interfaces
[0.742s] [  2%] [34m[1mGenerating C code for ROS interfaces[0m
[0.752s] [  5%] [34m[1mGenerating C++ code for ROS interfaces[0m
[0.758s] [  5%] Built target ament_cmake_python_copy_custom_interfaces
[0.977s] running egg_info
[0.978s] writing custom_interfaces.egg-info/PKG-INFO
[0.978s] writing dependency_links to custom_interfaces.egg-info/dependency_links.txt
[0.979s] writing top-level names to custom_interfaces.egg-info/top_level.txt
[0.980s] reading manifest file 'custom_interfaces.egg-info/SOURCES.txt'
[0.980s] writing manifest file 'custom_interfaces.egg-info/SOURCES.txt'
[0.996s] [35m[1mConsolidate compiler generated dependencies of target custom_interfaces__rosidl_generator_c[0m
[0.999s] [  5%] Built target custom_interfaces__cpp
[0.999s] [  5%] Built target ament_cmake_python_build_custom_interfaces_egg
[1.005s] [  7%] [32mBuilding C object CMakeFiles/custom_interfaces__rosidl_generator_c.dir/rosidl_generator_c/custom_interfaces/msg/detail/new_turtle_pose__functions.c.o[0m
[1.006s] [ 12%] [34m[1mGenerating C++ type support dispatch for ROS interfaces[0m
[1.006s] [ 12%] [34m[1mGenerating C++ type support for eProsima Fast-RTPS[0m
[1.006s] [ 15%] [32mBuilding C object CMakeFiles/custom_interfaces__rosidl_generator_c.dir/rosidl_generator_c/custom_interfaces/msg/detail/pose_list__functions.c.o[0m
[1.009s] [ 17%] [34m[1mGenerating C++ introspection for ROS interfaces[0m
[1.016s] In file included from [01m[K/home/charan-kasturi/turtlesim_project/build/custom_interfaces/rosidl_generator_c/custom_interfaces/msg/detail/pose_list__functions.h:19[m[K,
[1.016s]                  from [01m[K/home/charan-kasturi/turtlesim_project/build/custom_interfaces/rosidl_generator_c/custom_interfaces/msg/detail/pose_list__functions.c:4[m[K:
[1.016s] [01m[K/home/charan-kasturi/turtlesim_project/build/custom_interfaces/rosidl_generator_c/custom_interfaces/msg/detail/pose_list__struct.h:22:10:[m[K [01;31m[Kfatal error: [m[Kcustom_interfaces/msg/detail/tuple__struct.h: No such file or directory
[1.016s]    22 | #include [01;31m[K"custom_interfaces/msg/detail/tuple__struct.h"[m[K
[1.016s]       |          [01;31m[K^~~~~~~~~~~~~~~~~~~~~~~~~~~~~~~~~~~~~~~~~~~~~~[m[K
[1.016s] compilation terminated.
[1.017s] gmake[2]: *** [CMakeFiles/custom_interfaces__rosidl_generator_c.dir/build.make:135: CMakeFiles/custom_interfaces__rosidl_generator_c.dir/rosidl_generator_c/custom_interfaces/msg/detail/pose_list__functions.c.o] Error 1
[1.017s] gmake[2]: *** Waiting for unfinished jobs....
[1.035s] gmake[1]: *** [CMakeFiles/Makefile2:213: CMakeFiles/custom_interfaces__rosidl_generator_c.dir/all] Error 2
[1.035s] gmake[1]: *** Waiting for unfinished jobs....
[1.196s] [35m[1mConsolidate compiler generated dependencies of target custom_interfaces__rosidl_typesupport_cpp[0m
[1.206s] [ 20%] [32mBuilding CXX object CMakeFiles/custom_interfaces__rosidl_typesupport_cpp.dir/rosidl_typesupport_cpp/custom_interfaces/msg/pose_list__type_support.cpp.o[0m
[1.209s] [ 23%] [32mBuilding CXX object CMakeFiles/custom_interfaces__rosidl_typesupport_cpp.dir/rosidl_typesupport_cpp/custom_interfaces/msg/new_turtle_pose__type_support.cpp.o[0m
[1.217s] [35m[1mConsolidate compiler generated dependencies of target custom_interfaces__rosidl_typesupport_introspection_cpp[0m
[1.220s] [35m[1mConsolidate compiler generated dependencies of target custom_interfaces__rosidl_typesupport_fastrtps_cpp[0m
[1.226s] [ 25%] [32mBuilding CXX object CMakeFiles/custom_interfaces__rosidl_typesupport_introspection_cpp.dir/rosidl_typesupport_introspection_cpp/custom_interfaces/msg/detail/new_turtle_pose__type_support.cpp.o[0m
[1.228s] [ 28%] [32mBuilding CXX object CMakeFiles/custom_interfaces__rosidl_typesupport_introspection_cpp.dir/rosidl_typesupport_introspection_cpp/custom_interfaces/msg/detail/pose_list__type_support.cpp.o[0m
[1.230s] [ 30%] [32mBuilding CXX object CMakeFiles/custom_interfaces__rosidl_typesupport_fastrtps_cpp.dir/rosidl_typesupport_fastrtps_cpp/custom_interfaces/msg/detail/dds_fastrtps/new_turtle_pose__type_support.cpp.o[0m
[1.232s] [ 33%] [32mBuilding CXX object CMakeFiles/custom_interfaces__rosidl_typesupport_fastrtps_cpp.dir/rosidl_typesupport_fastrtps_cpp/custom_interfaces/msg/detail/dds_fastrtps/pose_list__type_support.cpp.o[0m
[1.238s] In file included from [01m[K/home/charan-kasturi/turtlesim_project/build/custom_interfaces/rosidl_typesupport_cpp/custom_interfaces/msg/pose_list__type_support.cpp:7[m[K:
[1.238s] [01m[K/home/charan-kasturi/turtlesim_project/build/custom_interfaces/rosidl_generator_cpp/custom_interfaces/msg/detail/pose_list__struct.hpp:20:10:[m[K [01;31m[Kfatal error: [m[Kcustom_interfaces/msg/detail/tuple__struct.hpp: No such file or directory
[1.238s]    20 | #include [01;31m[K"custom_interfaces/msg/detail/tuple__struct.hpp"[m[K
[1.238s]       |          [01;31m[K^~~~~~~~~~~~~~~~~~~~~~~~~~~~~~~~~~~~~~~~~~~~~~~~[m[K
[1.238s] compilation terminated.
[1.238s] gmake[2]: *** [CMakeFiles/custom_interfaces__rosidl_typesupport_cpp.dir/build.make:104: CMakeFiles/custom_interfaces__rosidl_typesupport_cpp.dir/rosidl_typesupport_cpp/custom_interfaces/msg/pose_list__type_support.cpp.o] Error 1
[1.239s] gmake[2]: *** Waiting for unfinished jobs....
[1.273s] In file included from [01m[K/home/charan-kasturi/turtlesim_project/build/custom_interfaces/rosidl_typesupport_introspection_cpp/custom_interfaces/msg/detail/pose_list__type_support.cpp:12[m[K:
[1.274s] [01m[K/home/charan-kasturi/turtlesim_project/build/custom_interfaces/rosidl_generator_cpp/custom_interfaces/msg/detail/pose_list__struct.hpp:20:10:[m[K [01;31m[Kfatal error: [m[Kcustom_interfaces/msg/detail/tuple__struct.hpp: No such file or directory
[1.274s]    20 | #include [01;31m[K"custom_interfaces/msg/detail/tuple__struct.hpp"[m[K
[1.274s]       |          [01;31m[K^~~~~~~~~~~~~~~~~~~~~~~~~~~~~~~~~~~~~~~~~~~~~~~~[m[K
[1.274s] compilation terminated.
[1.274s] In file included from [01m[K/home/charan-kasturi/turtlesim_project/build/custom_interfaces/rosidl_typesupport_fastrtps_cpp/custom_interfaces/msg/detail/pose_list__rosidl_typesupport_fastrtps_cpp.hpp:11[m[K,
[1.274s]                  from [01m[K/home/charan-kasturi/turtlesim_project/build/custom_interfaces/rosidl_typesupport_fastrtps_cpp/custom_interfaces/msg/detail/dds_fastrtps/pose_list__type_support.cpp:4[m[K:
[1.274s] [01m[K/home/charan-kasturi/turtlesim_project/build/custom_interfaces/rosidl_generator_cpp/custom_interfaces/msg/detail/pose_list__struct.hpp:20:10:[m[K [01;31m[Kfatal error: [m[Kcustom_interfaces/msg/detail/tuple__struct.hpp: No such file or directory
[1.275s]    20 | #include [01;31m[K"custom_interfaces/msg/detail/tuple__struct.hpp"[m[K
[1.275s]       |          [01;31m[K^~~~~~~~~~~~~~~~~~~~~~~~~~~~~~~~~~~~~~~~~~~~~~~~[m[K
[1.275s] compilation terminated.
[1.275s] gmake[2]: *** [CMakeFiles/custom_interfaces__rosidl_typesupport_introspection_cpp.dir/build.make:112: CMakeFiles/custom_interfaces__rosidl_typesupport_introspection_cpp.dir/rosidl_typesupport_introspection_cpp/custom_interfaces/msg/detail/pose_list__type_support.cpp.o] Error 1
[1.275s] gmake[2]: *** Waiting for unfinished jobs....
[1.276s] gmake[2]: *** [CMakeFiles/custom_interfaces__rosidl_typesupport_fastrtps_cpp.dir/build.make:112: CMakeFiles/custom_interfaces__rosidl_typesupport_fastrtps_cpp.dir/rosidl_typesupport_fastrtps_cpp/custom_interfaces/msg/detail/dds_fastrtps/pose_list__type_support.cpp.o] Error 1
[1.276s] gmake[2]: *** Waiting for unfinished jobs....
[1.418s] gmake[1]: *** [CMakeFiles/Makefile2:395: CMakeFiles/custom_interfaces__rosidl_typesupport_cpp.dir/all] Error 2
[1.485s] gmake[1]: *** [CMakeFiles/Makefile2:369: CMakeFiles/custom_interfaces__rosidl_typesupport_introspection_cpp.dir/all] Error 2
[1.500s] gmake[1]: *** [CMakeFiles/Makefile2:343: CMakeFiles/custom_interfaces__rosidl_typesupport_fastrtps_cpp.dir/all] Error 2
[1.500s] gmake: *** [Makefile:146: all] Error 2
[1.502s] Invoked command in '/home/charan-kasturi/turtlesim_project/build/custom_interfaces' returned '2': CMAKE_PREFIX_PATH=${CMAKE_PREFIX_PATH}:/home/charan-kasturi/turtlesim_project/install/spawner:/home/charan-kasturi/turtlesim_project/install/controller:/home/charan-kasturi/sub_and_pub/install/subscriber:/home/charan-kasturi/sub_and_pub/install/publisher:/home/charan-kasturi/custom_msg/install/led:/home/charan-kasturi/custom_msg/install/custom:/home/charan-kasturi/custom_msg/install/battery:/home/charan-kasturi/client_and_server/install/server:/home/charan-kasturi/client_and_server/install/client:/home/charan-kasturi/install/subscriber:/home/charan-kasturi/install/server:/home/charan-kasturi/install/py_pkg:/home/charan-kasturi/install/publisher:/home/charan-kasturi/install/client:/home/charan-kasturi/ros2_ws/install/py_pkg:/opt/ros/humble /usr/bin/cmake --build /home/charan-kasturi/turtlesim_project/build/custom_interfaces -- -j20 -l20
