[0.008s] Invoking command in '/home/charan-kasturi/turtlesim_project/build/custom_interfaces': CMAKE_PREFIX_PATH=${CMAKE_PREFIX_PATH}:/home/charan-kasturi/turtlesim_project/install/spawner:/home/charan-kasturi/turtlesim_project/install/controller:/home/charan-kasturi/sub_and_pub/install/subscriber:/home/charan-kasturi/sub_and_pub/install/publisher:/home/charan-kasturi/custom_msg/install/led:/home/charan-kasturi/custom_msg/install/custom:/home/charan-kasturi/custom_msg/install/battery:/home/charan-kasturi/client_and_server/install/server:/home/charan-kasturi/client_and_server/install/client:/home/charan-kasturi/install/subscriber:/home/charan-kasturi/install/server:/home/charan-kasturi/install/py_pkg:/home/charan-kasturi/install/publisher:/home/charan-kasturi/install/client:/home/charan-kasturi/ros2_ws/install/py_pkg:/opt/ros/humble /usr/bin/cmake --build /home/charan-kasturi/turtlesim_project/build/custom_interfaces -- -j20 -l20
[0.046s] [  2%] Built target custom_interfaces__cpp
[0.048s] [ 12%] Built target custom_interfaces__rosidl_generator_c
[0.056s] [ 12%] Built target ament_cmake_python_copy_custom_interfaces
[0.067s] [ 23%] Built target custom_interfaces__rosidl_typesupport_fastrtps_cpp
[0.067s] [ 33%] Built target custom_interfaces__rosidl_typesupport_fastrtps_c
[0.068s] [ 43%] Built target custom_interfaces__rosidl_typesupport_c
[0.068s] [ 53%] Built target custom_interfaces__rosidl_typesupport_cpp
[0.068s] [ 64%] Built target custom_interfaces__rosidl_typesupport_introspection_cpp
[0.070s] [ 74%] Built target custom_interfaces__rosidl_typesupport_introspection_c
[0.084s] [ 74%] Built target custom_interfaces
[0.098s] [ 76%] Built target custom_interfaces__py
[0.115s] [ 84%] Built target custom_interfaces__rosidl_generator_py
[0.132s] [ 89%] Built target custom_interfaces__rosidl_typesupport_c__pyext
[0.133s] [ 94%] Built target custom_interfaces__rosidl_typesupport_fastrtps_c__pyext
[0.135s] [100%] Built target custom_interfaces__rosidl_typesupport_introspection_c__pyext
[0.221s] running egg_info
[0.222s] writing custom_interfaces.egg-info/PKG-INFO
[0.222s] writing dependency_links to custom_interfaces.egg-info/dependency_links.txt
[0.222s] writing top-level names to custom_interfaces.egg-info/top_level.txt
[0.223s] reading manifest file 'custom_interfaces.egg-info/SOURCES.txt'
[0.224s] writing manifest file 'custom_interfaces.egg-info/SOURCES.txt'
[0.240s] [100%] Built target ament_cmake_python_build_custom_interfaces_egg
[0.248s] Invoked command in '/home/charan-kasturi/turtlesim_project/build/custom_interfaces' returned '0': CMAKE_PREFIX_PATH=${CMAKE_PREFIX_PATH}:/home/charan-kasturi/turtlesim_project/install/spawner:/home/charan-kasturi/turtlesim_project/install/controller:/home/charan-kasturi/sub_and_pub/install/subscriber:/home/charan-kasturi/sub_and_pub/install/publisher:/home/charan-kasturi/custom_msg/install/led:/home/charan-kasturi/custom_msg/install/custom:/home/charan-kasturi/custom_msg/install/battery:/home/charan-kasturi/client_and_server/install/server:/home/charan-kasturi/client_and_server/install/client:/home/charan-kasturi/install/subscriber:/home/charan-kasturi/install/server:/home/charan-kasturi/install/py_pkg:/home/charan-kasturi/install/publisher:/home/charan-kasturi/install/client:/home/charan-kasturi/ros2_ws/install/py_pkg:/opt/ros/humble /usr/bin/cmake --build /home/charan-kasturi/turtlesim_project/build/custom_interfaces -- -j20 -l20
[0.257s] Invoking command in '/home/charan-kasturi/turtlesim_project/build/custom_interfaces': CMAKE_PREFIX_PATH=${CMAKE_PREFIX_PATH}:/home/charan-kasturi/turtlesim_project/install/spawner:/home/charan-kasturi/turtlesim_project/install/controller:/home/charan-kasturi/sub_and_pub/install/subscriber:/home/charan-kasturi/sub_and_pub/install/publisher:/home/charan-kasturi/custom_msg/install/led:/home/charan-kasturi/custom_msg/install/custom:/home/charan-kasturi/custom_msg/install/battery:/home/charan-kasturi/client_and_server/install/server:/home/charan-kasturi/client_and_server/install/client:/home/charan-kasturi/install/subscriber:/home/charan-kasturi/install/server:/home/charan-kasturi/install/py_pkg:/home/charan-kasturi/install/publisher:/home/charan-kasturi/install/client:/home/charan-kasturi/ros2_ws/install/py_pkg:/opt/ros/humble /usr/bin/cmake --install /home/charan-kasturi/turtlesim_project/build/custom_interfaces
[0.262s] -- Install configuration: ""
[0.263s] -- Up-to-date: /home/charan-kasturi/turtlesim_project/install/custom_interfaces/share/ament_index/resource_index/rosidl_interfaces/custom_interfaces
[0.263s] -- Up-to-date: /home/charan-kasturi/turtlesim_project/install/custom_interfaces/include/custom_interfaces/custom_interfaces
[0.263s] -- Up-to-date: /home/charan-kasturi/turtlesim_project/install/custom_interfaces/include/custom_interfaces/custom_interfaces/msg
[0.263s] -- Up-to-date: /home/charan-kasturi/turtlesim_project/install/custom_interfaces/include/custom_interfaces/custom_interfaces/msg/detail
[0.263s] -- Up-to-date: /home/charan-kasturi/turtlesim_project/install/custom_interfaces/include/custom_interfaces/custom_interfaces/msg/detail/new_turtle_pose__struct.h
[0.263s] -- Up-to-date: /home/charan-kasturi/turtlesim_project/install/custom_interfaces/include/custom_interfaces/custom_interfaces/msg/detail/new_turtle_pose__functions.c
[0.264s] -- Up-to-date: /home/charan-kasturi/turtlesim_project/install/custom_interfaces/include/custom_interfaces/custom_interfaces/msg/detail/pose_list__functions.h
[0.264s] -- Up-to-date: /home/charan-kasturi/turtlesim_project/install/custom_interfaces/include/custom_interfaces/custom_interfaces/msg/detail/new_turtle_pose__functions.h
[0.264s] -- Up-to-date: /home/charan-kasturi/turtlesim_project/install/custom_interfaces/include/custom_interfaces/custom_interfaces/msg/detail/new_turtle_pose__type_support.h
[0.264s] -- Up-to-date: /home/charan-kasturi/turtlesim_project/install/custom_interfaces/include/custom_interfaces/custom_interfaces/msg/detail/pose_list__struct.h
[0.264s] -- Up-to-date: /home/charan-kasturi/turtlesim_project/install/custom_interfaces/include/custom_interfaces/custom_interfaces/msg/detail/pose_list__functions.c
[0.264s] -- Up-to-date: /home/charan-kasturi/turtlesim_project/install/custom_interfaces/include/custom_interfaces/custom_interfaces/msg/detail/pose_list__type_support.h
[0.264s] -- Up-to-date: /home/charan-kasturi/turtlesim_project/install/custom_interfaces/include/custom_interfaces/custom_interfaces/msg/rosidl_generator_c__visibility_control.h
[0.264s] -- Up-to-date: /home/charan-kasturi/turtlesim_project/install/custom_interfaces/include/custom_interfaces/custom_interfaces/msg/new_turtle_pose.h
[0.265s] -- Up-to-date: /home/charan-kasturi/turtlesim_project/install/custom_interfaces/include/custom_interfaces/custom_interfaces/msg/pose_list.h
[0.265s] -- Up-to-date: /home/charan-kasturi/turtlesim_project/install/custom_interfaces/share/custom_interfaces/environment/library_path.sh
[0.265s] -- Up-to-date: /home/charan-kasturi/turtlesim_project/install/custom_interfaces/share/custom_interfaces/environment/library_path.dsv
[0.265s] -- Up-to-date: /home/charan-kasturi/turtlesim_project/install/custom_interfaces/lib/libcustom_interfaces__rosidl_generator_c.so
[0.265s] -- Up-to-date: /home/charan-kasturi/turtlesim_project/install/custom_interfaces/include/custom_interfaces/custom_interfaces
[0.265s] -- Up-to-date: /home/charan-kasturi/turtlesim_project/install/custom_interfaces/include/custom_interfaces/custom_interfaces/msg
[0.265s] -- Up-to-date: /home/charan-kasturi/turtlesim_project/install/custom_interfaces/include/custom_interfaces/custom_interfaces/msg/detail
[0.265s] -- Up-to-date: /home/charan-kasturi/turtlesim_project/install/custom_interfaces/include/custom_interfaces/custom_interfaces/msg/detail/new_turtle_pose__rosidl_typesupport_fastrtps_c.h
[0.265s] -- Up-to-date: /home/charan-kasturi/turtlesim_project/install/custom_interfaces/include/custom_interfaces/custom_interfaces/msg/detail/pose_list__rosidl_typesupport_fastrtps_c.h
[0.265s] -- Up-to-date: /home/charan-kasturi/turtlesim_project/install/custom_interfaces/include/custom_interfaces/custom_interfaces/msg/rosidl_typesupport_fastrtps_c__visibility_control.h
[0.265s] -- Up-to-date: /home/charan-kasturi/turtlesim_project/install/custom_interfaces/lib/libcustom_interfaces__rosidl_typesupport_fastrtps_c.so
[0.265s] -- Up-to-date: /home/charan-kasturi/turtlesim_project/install/custom_interfaces/include/custom_interfaces/custom_interfaces
[0.266s] -- Up-to-date: /home/charan-kasturi/turtlesim_project/install/custom_interfaces/include/custom_interfaces/custom_interfaces/msg
[0.266s] -- Up-to-date: /home/charan-kasturi/turtlesim_project/install/custom_interfaces/include/custom_interfaces/custom_interfaces/msg/detail
[0.266s] -- Up-to-date: /home/charan-kasturi/turtlesim_project/install/custom_interfaces/include/custom_interfaces/custom_interfaces/msg/detail/pose_list__rosidl_typesupport_introspection_c.h
[0.266s] -- Up-to-date: /home/charan-kasturi/turtlesim_project/install/custom_interfaces/include/custom_interfaces/custom_interfaces/msg/detail/pose_list__type_support.c
[0.266s] -- Up-to-date: /home/charan-kasturi/turtlesim_project/install/custom_interfaces/include/custom_interfaces/custom_interfaces/msg/detail/new_turtle_pose__type_support.c
[0.266s] -- Up-to-date: /home/charan-kasturi/turtlesim_project/install/custom_interfaces/include/custom_interfaces/custom_interfaces/msg/detail/new_turtle_pose__rosidl_typesupport_introspection_c.h
[0.266s] -- Up-to-date: /home/charan-kasturi/turtlesim_project/install/custom_interfaces/include/custom_interfaces/custom_interfaces/msg/rosidl_typesupport_introspection_c__visibility_control.h
[0.266s] -- Up-to-date: /home/charan-kasturi/turtlesim_project/install/custom_interfaces/lib/libcustom_interfaces__rosidl_typesupport_introspection_c.so
[0.266s] -- Up-to-date: /home/charan-kasturi/turtlesim_project/install/custom_interfaces/lib/libcustom_interfaces__rosidl_typesupport_c.so
[0.266s] -- Up-to-date: /home/charan-kasturi/turtlesim_project/install/custom_interfaces/include/custom_interfaces/custom_interfaces
[0.266s] -- Up-to-date: /home/charan-kasturi/turtlesim_project/install/custom_interfaces/include/custom_interfaces/custom_interfaces/msg
[0.266s] -- Up-to-date: /home/charan-kasturi/turtlesim_project/install/custom_interfaces/include/custom_interfaces/custom_interfaces/msg/detail
[0.267s] -- Up-to-date: /home/charan-kasturi/turtlesim_project/install/custom_interfaces/include/custom_interfaces/custom_interfaces/msg/detail/pose_list__traits.hpp
[0.267s] -- Up-to-date: /home/charan-kasturi/turtlesim_project/install/custom_interfaces/include/custom_interfaces/custom_interfaces/msg/detail/new_turtle_pose__builder.hpp
[0.267s] -- Up-to-date: /home/charan-kasturi/turtlesim_project/install/custom_interfaces/include/custom_interfaces/custom_interfaces/msg/detail/pose_list__builder.hpp
[0.267s] -- Up-to-date: /home/charan-kasturi/turtlesim_project/install/custom_interfaces/include/custom_interfaces/custom_interfaces/msg/detail/pose_list__struct.hpp
[0.267s] -- Up-to-date: /home/charan-kasturi/turtlesim_project/install/custom_interfaces/include/custom_interfaces/custom_interfaces/msg/detail/new_turtle_pose__struct.hpp
[0.267s] -- Up-to-date: /home/charan-kasturi/turtlesim_project/install/custom_interfaces/include/custom_interfaces/custom_interfaces/msg/detail/new_turtle_pose__traits.hpp
[0.267s] -- Up-to-date: /home/charan-kasturi/turtlesim_project/install/custom_interfaces/include/custom_interfaces/custom_interfaces/msg/pose_list.hpp
[0.267s] -- Up-to-date: /home/charan-kasturi/turtlesim_project/install/custom_interfaces/include/custom_interfaces/custom_interfaces/msg/new_turtle_pose.hpp
[0.267s] -- Up-to-date: /home/charan-kasturi/turtlesim_project/install/custom_interfaces/include/custom_interfaces/custom_interfaces
[0.267s] -- Up-to-date: /home/charan-kasturi/turtlesim_project/install/custom_interfaces/include/custom_interfaces/custom_interfaces/msg
[0.267s] -- Up-to-date: /home/charan-kasturi/turtlesim_project/install/custom_interfaces/include/custom_interfaces/custom_interfaces/msg/detail
[0.267s] -- Up-to-date: /home/charan-kasturi/turtlesim_project/install/custom_interfaces/include/custom_interfaces/custom_interfaces/msg/detail/pose_list__rosidl_typesupport_fastrtps_cpp.hpp
[0.267s] -- Up-to-date: /home/charan-kasturi/turtlesim_project/install/custom_interfaces/include/custom_interfaces/custom_interfaces/msg/detail/new_turtle_pose__rosidl_typesupport_fastrtps_cpp.hpp
[0.267s] -- Up-to-date: /home/charan-kasturi/turtlesim_project/install/custom_interfaces/include/custom_interfaces/custom_interfaces/msg/detail/dds_fastrtps
[0.267s] -- Up-to-date: /home/charan-kasturi/turtlesim_project/install/custom_interfaces/include/custom_interfaces/custom_interfaces/msg/rosidl_typesupport_fastrtps_cpp__visibility_control.h
[0.267s] -- Up-to-date: /home/charan-kasturi/turtlesim_project/install/custom_interfaces/lib/libcustom_interfaces__rosidl_typesupport_fastrtps_cpp.so
[0.267s] -- Up-to-date: /home/charan-kasturi/turtlesim_project/install/custom_interfaces/include/custom_interfaces/custom_interfaces
[0.267s] -- Up-to-date: /home/charan-kasturi/turtlesim_project/install/custom_interfaces/include/custom_interfaces/custom_interfaces/msg
[0.267s] -- Up-to-date: /home/charan-kasturi/turtlesim_project/install/custom_interfaces/include/custom_interfaces/custom_interfaces/msg/detail
[0.267s] -- Up-to-date: /home/charan-kasturi/turtlesim_project/install/custom_interfaces/include/custom_interfaces/custom_interfaces/msg/detail/pose_list__rosidl_typesupport_introspection_cpp.hpp
[0.268s] -- Up-to-date: /home/charan-kasturi/turtlesim_project/install/custom_interfaces/include/custom_interfaces/custom_interfaces/msg/detail/new_turtle_pose__type_support.cpp
[0.268s] -- Up-to-date: /home/charan-kasturi/turtlesim_project/install/custom_interfaces/include/custom_interfaces/custom_interfaces/msg/detail/new_turtle_pose__rosidl_typesupport_introspection_cpp.hpp
[0.268s] -- Up-to-date: /home/charan-kasturi/turtlesim_project/install/custom_interfaces/include/custom_interfaces/custom_interfaces/msg/detail/pose_list__type_support.cpp
[0.268s] -- Up-to-date: /home/charan-kasturi/turtlesim_project/install/custom_interfaces/lib/libcustom_interfaces__rosidl_typesupport_introspection_cpp.so
[0.268s] -- Up-to-date: /home/charan-kasturi/turtlesim_project/install/custom_interfaces/lib/libcustom_interfaces__rosidl_typesupport_cpp.so
[0.268s] -- Up-to-date: /home/charan-kasturi/turtlesim_project/install/custom_interfaces/share/custom_interfaces/environment/pythonpath.sh
[0.268s] -- Up-to-date: /home/charan-kasturi/turtlesim_project/install/custom_interfaces/share/custom_interfaces/environment/pythonpath.dsv
[0.268s] -- Up-to-date: /home/charan-kasturi/turtlesim_project/install/custom_interfaces/local/lib/python3.10/dist-packages/custom_interfaces-0.0.0-py3.10.egg-info
[0.268s] -- Installing: /home/charan-kasturi/turtlesim_project/install/custom_interfaces/local/lib/python3.10/dist-packages/custom_interfaces-0.0.0-py3.10.egg-info/dependency_links.txt
[0.268s] -- Installing: /home/charan-kasturi/turtlesim_project/install/custom_interfaces/local/lib/python3.10/dist-packages/custom_interfaces-0.0.0-py3.10.egg-info/SOURCES.txt
[0.268s] -- Installing: /home/charan-kasturi/turtlesim_project/install/custom_interfaces/local/lib/python3.10/dist-packages/custom_interfaces-0.0.0-py3.10.egg-info/PKG-INFO
[0.268s] -- Installing: /home/charan-kasturi/turtlesim_project/install/custom_interfaces/local/lib/python3.10/dist-packages/custom_interfaces-0.0.0-py3.10.egg-info/top_level.txt
[0.268s] -- Up-to-date: /home/charan-kasturi/turtlesim_project/install/custom_interfaces/local/lib/python3.10/dist-packages/custom_interfaces
[0.268s] -- Up-to-date: /home/charan-kasturi/turtlesim_project/install/custom_interfaces/local/lib/python3.10/dist-packages/custom_interfaces/msg
[0.268s] -- Up-to-date: /home/charan-kasturi/turtlesim_project/install/custom_interfaces/local/lib/python3.10/dist-packages/custom_interfaces/msg/_pose_list_s.c
[0.268s] -- Up-to-date: /home/charan-kasturi/turtlesim_project/install/custom_interfaces/local/lib/python3.10/dist-packages/custom_interfaces/msg/_pose_list.py
[0.268s] -- Up-to-date: /home/charan-kasturi/turtlesim_project/install/custom_interfaces/local/lib/python3.10/dist-packages/custom_interfaces/msg/_new_turtle_pose.py
[0.268s] -- Up-to-date: /home/charan-kasturi/turtlesim_project/install/custom_interfaces/local/lib/python3.10/dist-packages/custom_interfaces/msg/__init__.py
[0.268s] -- Up-to-date: /home/charan-kasturi/turtlesim_project/install/custom_interfaces/local/lib/python3.10/dist-packages/custom_interfaces/msg/_new_turtle_pose_s.c
[0.268s] -- Up-to-date: /home/charan-kasturi/turtlesim_project/install/custom_interfaces/local/lib/python3.10/dist-packages/custom_interfaces/custom_interfaces_s__rosidl_typesupport_introspection_c.cpython-310-x86_64-linux-gnu.so
[0.268s] -- Up-to-date: /home/charan-kasturi/turtlesim_project/install/custom_interfaces/local/lib/python3.10/dist-packages/custom_interfaces/libcustom_interfaces__rosidl_generator_py.so
[0.268s] -- Up-to-date: /home/charan-kasturi/turtlesim_project/install/custom_interfaces/local/lib/python3.10/dist-packages/custom_interfaces/custom_interfaces_s__rosidl_typesupport_fastrtps_c.cpython-310-x86_64-linux-gnu.so
[0.268s] -- Up-to-date: /home/charan-kasturi/turtlesim_project/install/custom_interfaces/local/lib/python3.10/dist-packages/custom_interfaces/__init__.py
[0.268s] -- Up-to-date: /home/charan-kasturi/turtlesim_project/install/custom_interfaces/local/lib/python3.10/dist-packages/custom_interfaces/_custom_interfaces_s.ep.rosidl_typesupport_c.c
[0.268s] -- Up-to-date: /home/charan-kasturi/turtlesim_project/install/custom_interfaces/local/lib/python3.10/dist-packages/custom_interfaces/_custom_interfaces_s.ep.rosidl_typesupport_introspection_c.c
[0.268s] -- Up-to-date: /home/charan-kasturi/turtlesim_project/install/custom_interfaces/local/lib/python3.10/dist-packages/custom_interfaces/_custom_interfaces_s.ep.rosidl_typesupport_fastrtps_c.c
[0.268s] -- Up-to-date: /home/charan-kasturi/turtlesim_project/install/custom_interfaces/local/lib/python3.10/dist-packages/custom_interfaces/custom_interfaces_s__rosidl_typesupport_c.cpython-310-x86_64-linux-gnu.so
[0.288s] Listing '/home/charan-kasturi/turtlesim_project/install/custom_interfaces/local/lib/python3.10/dist-packages/custom_interfaces'...
[0.288s] Listing '/home/charan-kasturi/turtlesim_project/install/custom_interfaces/local/lib/python3.10/dist-packages/custom_interfaces/msg'...
[0.291s] -- Up-to-date: /home/charan-kasturi/turtlesim_project/install/custom_interfaces/local/lib/python3.10/dist-packages/custom_interfaces/custom_interfaces_s__rosidl_typesupport_fastrtps_c.cpython-310-x86_64-linux-gnu.so
[0.291s] -- Up-to-date: /home/charan-kasturi/turtlesim_project/install/custom_interfaces/local/lib/python3.10/dist-packages/custom_interfaces/custom_interfaces_s__rosidl_typesupport_introspection_c.cpython-310-x86_64-linux-gnu.so
[0.291s] -- Up-to-date: /home/charan-kasturi/turtlesim_project/install/custom_interfaces/local/lib/python3.10/dist-packages/custom_interfaces/custom_interfaces_s__rosidl_typesupport_c.cpython-310-x86_64-linux-gnu.so
[0.292s] -- Up-to-date: /home/charan-kasturi/turtlesim_project/install/custom_interfaces/lib/libcustom_interfaces__rosidl_generator_py.so
[0.292s] -- Up-to-date: /home/charan-kasturi/turtlesim_project/install/custom_interfaces/share/custom_interfaces/msg/NewTurtlePose.idl
[0.292s] -- Up-to-date: /home/charan-kasturi/turtlesim_project/install/custom_interfaces/share/custom_interfaces/msg/PoseList.idl
[0.292s] -- Up-to-date: /home/charan-kasturi/turtlesim_project/install/custom_interfaces/share/custom_interfaces/msg/NewTurtlePose.msg
[0.292s] -- Up-to-date: /home/charan-kasturi/turtlesim_project/install/custom_interfaces/share/custom_interfaces/msg/PoseList.msg
[0.292s] -- Up-to-date: /home/charan-kasturi/turtlesim_project/install/custom_interfaces/share/ament_index/resource_index/package_run_dependencies/custom_interfaces
[0.292s] -- Up-to-date: /home/charan-kasturi/turtlesim_project/install/custom_interfaces/share/ament_index/resource_index/parent_prefix_path/custom_interfaces
[0.292s] -- Up-to-date: /home/charan-kasturi/turtlesim_project/install/custom_interfaces/share/custom_interfaces/environment/ament_prefix_path.sh
[0.292s] -- Up-to-date: /home/charan-kasturi/turtlesim_project/install/custom_interfaces/share/custom_interfaces/environment/ament_prefix_path.dsv
[0.292s] -- Up-to-date: /home/charan-kasturi/turtlesim_project/install/custom_interfaces/share/custom_interfaces/environment/path.sh
[0.292s] -- Up-to-date: /home/charan-kasturi/turtlesim_project/install/custom_interfaces/share/custom_interfaces/environment/path.dsv
[0.292s] -- Up-to-date: /home/charan-kasturi/turtlesim_project/install/custom_interfaces/share/custom_interfaces/local_setup.bash
[0.292s] -- Up-to-date: /home/charan-kasturi/turtlesim_project/install/custom_interfaces/share/custom_interfaces/local_setup.sh
[0.292s] -- Up-to-date: /home/charan-kasturi/turtlesim_project/install/custom_interfaces/share/custom_interfaces/local_setup.zsh
[0.292s] -- Up-to-date: /home/charan-kasturi/turtlesim_project/install/custom_interfaces/share/custom_interfaces/local_setup.dsv
[0.292s] -- Installing: /home/charan-kasturi/turtlesim_project/install/custom_interfaces/share/custom_interfaces/package.dsv
[0.292s] -- Up-to-date: /home/charan-kasturi/turtlesim_project/install/custom_interfaces/share/ament_index/resource_index/packages/custom_interfaces
[0.292s] -- Up-to-date: /home/charan-kasturi/turtlesim_project/install/custom_interfaces/share/custom_interfaces/cmake/export_custom_interfaces__rosidl_generator_cExport.cmake
[0.292s] -- Up-to-date: /home/charan-kasturi/turtlesim_project/install/custom_interfaces/share/custom_interfaces/cmake/export_custom_interfaces__rosidl_generator_cExport-noconfig.cmake
[0.292s] -- Up-to-date: /home/charan-kasturi/turtlesim_project/install/custom_interfaces/share/custom_interfaces/cmake/export_custom_interfaces__rosidl_typesupport_fastrtps_cExport.cmake
[0.292s] -- Up-to-date: /home/charan-kasturi/turtlesim_project/install/custom_interfaces/share/custom_interfaces/cmake/export_custom_interfaces__rosidl_typesupport_fastrtps_cExport-noconfig.cmake
[0.292s] -- Up-to-date: /home/charan-kasturi/turtlesim_project/install/custom_interfaces/share/custom_interfaces/cmake/custom_interfaces__rosidl_typesupport_introspection_cExport.cmake
[0.292s] -- Up-to-date: /home/charan-kasturi/turtlesim_project/install/custom_interfaces/share/custom_interfaces/cmake/custom_interfaces__rosidl_typesupport_introspection_cExport-noconfig.cmake
[0.292s] -- Up-to-date: /home/charan-kasturi/turtlesim_project/install/custom_interfaces/share/custom_interfaces/cmake/custom_interfaces__rosidl_typesupport_cExport.cmake
[0.292s] -- Up-to-date: /home/charan-kasturi/turtlesim_project/install/custom_interfaces/share/custom_interfaces/cmake/custom_interfaces__rosidl_typesupport_cExport-noconfig.cmake
[0.292s] -- Up-to-date: /home/charan-kasturi/turtlesim_project/install/custom_interfaces/share/custom_interfaces/cmake/export_custom_interfaces__rosidl_generator_cppExport.cmake
[0.293s] -- Up-to-date: /home/charan-kasturi/turtlesim_project/install/custom_interfaces/share/custom_interfaces/cmake/export_custom_interfaces__rosidl_typesupport_fastrtps_cppExport.cmake
[0.293s] -- Up-to-date: /home/charan-kasturi/turtlesim_project/install/custom_interfaces/share/custom_interfaces/cmake/export_custom_interfaces__rosidl_typesupport_fastrtps_cppExport-noconfig.cmake
[0.293s] -- Up-to-date: /home/charan-kasturi/turtlesim_project/install/custom_interfaces/share/custom_interfaces/cmake/custom_interfaces__rosidl_typesupport_introspection_cppExport.cmake
[0.293s] -- Up-to-date: /home/charan-kasturi/turtlesim_project/install/custom_interfaces/share/custom_interfaces/cmake/custom_interfaces__rosidl_typesupport_introspection_cppExport-noconfig.cmake
[0.293s] -- Up-to-date: /home/charan-kasturi/turtlesim_project/install/custom_interfaces/share/custom_interfaces/cmake/custom_interfaces__rosidl_typesupport_cppExport.cmake
[0.293s] -- Up-to-date: /home/charan-kasturi/turtlesim_project/install/custom_interfaces/share/custom_interfaces/cmake/custom_interfaces__rosidl_typesupport_cppExport-noconfig.cmake
[0.293s] -- Up-to-date: /home/charan-kasturi/turtlesim_project/install/custom_interfaces/share/custom_interfaces/cmake/export_custom_interfaces__rosidl_generator_pyExport.cmake
[0.293s] -- Up-to-date: /home/charan-kasturi/turtlesim_project/install/custom_interfaces/share/custom_interfaces/cmake/export_custom_interfaces__rosidl_generator_pyExport-noconfig.cmake
[0.293s] -- Up-to-date: /home/charan-kasturi/turtlesim_project/install/custom_interfaces/share/custom_interfaces/cmake/rosidl_cmake-extras.cmake
[0.293s] -- Up-to-date: /home/charan-kasturi/turtlesim_project/install/custom_interfaces/share/custom_interfaces/cmake/ament_cmake_export_include_directories-extras.cmake
[0.293s] -- Up-to-date: /home/charan-kasturi/turtlesim_project/install/custom_interfaces/share/custom_interfaces/cmake/ament_cmake_export_libraries-extras.cmake
[0.293s] -- Up-to-date: /home/charan-kasturi/turtlesim_project/install/custom_interfaces/share/custom_interfaces/cmake/ament_cmake_export_targets-extras.cmake
[0.293s] -- Up-to-date: /home/charan-kasturi/turtlesim_project/install/custom_interfaces/share/custom_interfaces/cmake/rosidl_cmake_export_typesupport_targets-extras.cmake
[0.293s] -- Up-to-date: /home/charan-kasturi/turtlesim_project/install/custom_interfaces/share/custom_interfaces/cmake/ament_cmake_export_dependencies-extras.cmake
[0.293s] -- Up-to-date: /home/charan-kasturi/turtlesim_project/install/custom_interfaces/share/custom_interfaces/cmake/rosidl_cmake_export_typesupport_libraries-extras.cmake
[0.293s] -- Up-to-date: /home/charan-kasturi/turtlesim_project/install/custom_interfaces/share/custom_interfaces/cmake/custom_interfacesConfig.cmake
[0.293s] -- Up-to-date: /home/charan-kasturi/turtlesim_project/install/custom_interfaces/share/custom_interfaces/cmake/custom_interfacesConfig-version.cmake
[0.293s] -- Up-to-date: /home/charan-kasturi/turtlesim_project/install/custom_interfaces/share/custom_interfaces/package.xml
[0.294s] Invoked command in '/home/charan-kasturi/turtlesim_project/build/custom_interfaces' returned '0': CMAKE_PREFIX_PATH=${CMAKE_PREFIX_PATH}:/home/charan-kasturi/turtlesim_project/install/spawner:/home/charan-kasturi/turtlesim_project/install/controller:/home/charan-kasturi/sub_and_pub/install/subscriber:/home/charan-kasturi/sub_and_pub/install/publisher:/home/charan-kasturi/custom_msg/install/led:/home/charan-kasturi/custom_msg/install/custom:/home/charan-kasturi/custom_msg/install/battery:/home/charan-kasturi/client_and_server/install/server:/home/charan-kasturi/client_and_server/install/client:/home/charan-kasturi/install/subscriber:/home/charan-kasturi/install/server:/home/charan-kasturi/install/py_pkg:/home/charan-kasturi/install/publisher:/home/charan-kasturi/install/client:/home/charan-kasturi/ros2_ws/install/py_pkg:/opt/ros/humble /usr/bin/cmake --install /home/charan-kasturi/turtlesim_project/build/custom_interfaces
