[0.011s] Invoking command in '/home/charan-kasturi/turtlesim_project/build/custom_interfaces': CMAKE_PREFIX_PATH=${CMAKE_PREFIX_PATH}:/home/charan-kasturi/turtlesim_project/install/spawner:/home/charan-kasturi/turtlesim_project/install/controller:/home/charan-kasturi/sub_and_pub/install/subscriber:/home/charan-kasturi/sub_and_pub/install/publisher:/home/charan-kasturi/custom_msg/install/led:/home/charan-kasturi/custom_msg/install/custom:/home/charan-kasturi/custom_msg/install/battery:/home/charan-kasturi/client_and_server/install/server:/home/charan-kasturi/client_and_server/install/client:/home/charan-kasturi/install/subscriber:/home/charan-kasturi/install/server:/home/charan-kasturi/install/py_pkg:/home/charan-kasturi/install/publisher:/home/charan-kasturi/install/client:/home/charan-kasturi/ros2_ws/install/py_pkg:/opt/ros/humble /usr/bin/cmake --build /home/charan-kasturi/turtlesim_project/build/custom_interfaces -- -j20 -l20
[0.029s] -- Found ament_cmake: 1.3.10 (/opt/ros/humble/share/ament_cmake/cmake)
[0.127s] -- Found rosidl_default_generators: 1.2.0 (/opt/ros/humble/share/rosidl_default_generators/cmake)
[0.129s] -- Using all available rosidl_typesupport_c: rosidl_typesupport_fastrtps_c;rosidl_typesupport_introspection_c
[0.131s] -- Found rosidl_adapter: 3.1.5 (/opt/ros/humble/share/rosidl_adapter/cmake)
[0.152s] -- Using all available rosidl_typesupport_cpp: rosidl_typesupport_fastrtps_cpp;rosidl_typesupport_introspection_cpp
[0.378s] -- Found ament_cmake_ros: 0.10.0 (/opt/ros/humble/share/ament_cmake_ros/cmake)
[0.527s] -- Using all available rosidl_typesupport_c: rosidl_typesupport_fastrtps_c;rosidl_typesupport_introspection_c
[0.694s] -- Using all available rosidl_typesupport_cpp: rosidl_typesupport_fastrtps_cpp;rosidl_typesupport_introspection_cpp
[0.713s] -- Found python_cmake_module: 0.10.0 (/opt/ros/humble/share/python_cmake_module/cmake)
[0.730s] -- Using PYTHON_EXECUTABLE: /usr/bin/python3
[0.731s] -- Using PYTHON_INCLUDE_DIRS: /usr/include/python3.10
[0.731s] -- Using PYTHON_LIBRARIES: /usr/lib/x86_64-linux-gnu/libpython3.10.so
[0.741s] -- Configuring done
[0.758s] -- Generating done
[0.765s] -- Build files have been written to: /home/charan-kasturi/turtlesim_project/build/custom_interfaces
[0.785s] [  2%] [34m[1mGenerating C code for ROS interfaces[0m
[0.791s] [  5%] [34m[1mGenerating C++ code for ROS interfaces[0m
[0.797s] [  5%] Built target ament_cmake_python_copy_custom_interfaces
[0.968s] running egg_info
[0.968s] writing custom_interfaces.egg-info/PKG-INFO
[0.969s] writing dependency_links to custom_interfaces.egg-info/dependency_links.txt
[0.969s] writing top-level names to custom_interfaces.egg-info/top_level.txt
[0.970s] reading manifest file 'custom_interfaces.egg-info/SOURCES.txt'
[0.971s] writing manifest file 'custom_interfaces.egg-info/SOURCES.txt'
[0.990s] [  5%] Built target ament_cmake_python_build_custom_interfaces_egg
[0.994s] [35m[1mConsolidate compiler generated dependencies of target custom_interfaces__rosidl_generator_c[0m
[1.001s] [  5%] Built target custom_interfaces__cpp
[1.003s] [ 10%] [32mBuilding C object CMakeFiles/custom_interfaces__rosidl_generator_c.dir/rosidl_generator_c/custom_interfaces/msg/detail/pose_list__functions.c.o[0m
[1.003s] [ 10%] [32mBuilding C object CMakeFiles/custom_interfaces__rosidl_generator_c.dir/rosidl_generator_c/custom_interfaces/msg/detail/new_turtle_pose__functions.c.o[0m
[1.009s] [ 12%] [34m[1mGenerating C++ type support for eProsima Fast-RTPS[0m
[1.010s] [ 15%] [34m[1mGenerating C++ introspection for ROS interfaces[0m
[1.011s] [ 17%] [34m[1mGenerating C++ type support dispatch for ROS interfaces[0m
[1.052s] [ 20%] [32m[1mLinking C shared library libcustom_interfaces__rosidl_generator_c.so[0m
[1.087s] [ 20%] Built target custom_interfaces__rosidl_generator_c
[1.097s] [ 23%] [34m[1mGenerating C type support dispatch for ROS interfaces[0m
[1.098s] [ 25%] [34m[1mGenerating C introspection for ROS interfaces[0m
[1.098s] [ 28%] [34m[1mGenerating C type support for eProsima Fast-RTPS[0m
[1.222s] [35m[1mConsolidate compiler generated dependencies of target custom_interfaces__rosidl_typesupport_cpp[0m
[1.236s] [35m[1mConsolidate compiler generated dependencies of target custom_interfaces__rosidl_typesupport_introspection_cpp[0m
[1.237s] [ 30%] [32mBuilding CXX object CMakeFiles/custom_interfaces__rosidl_typesupport_cpp.dir/rosidl_typesupport_cpp/custom_interfaces/msg/new_turtle_pose__type_support.cpp.o[0m
[1.240s] [ 33%] [32mBuilding CXX object CMakeFiles/custom_interfaces__rosidl_typesupport_cpp.dir/rosidl_typesupport_cpp/custom_interfaces/msg/pose_list__type_support.cpp.o[0m
[1.249s] [ 35%] [32mBuilding CXX object CMakeFiles/custom_interfaces__rosidl_typesupport_introspection_cpp.dir/rosidl_typesupport_introspection_cpp/custom_interfaces/msg/detail/new_turtle_pose__type_support.cpp.o[0m
[1.252s] [ 38%] [32mBuilding CXX object CMakeFiles/custom_interfaces__rosidl_typesupport_introspection_cpp.dir/rosidl_typesupport_introspection_cpp/custom_interfaces/msg/detail/pose_list__type_support.cpp.o[0m
[1.252s] [35m[1mConsolidate compiler generated dependencies of target custom_interfaces__rosidl_typesupport_fastrtps_cpp[0m
[1.272s] [ 41%] [32mBuilding CXX object CMakeFiles/custom_interfaces__rosidl_typesupport_fastrtps_cpp.dir/rosidl_typesupport_fastrtps_cpp/custom_interfaces/msg/detail/dds_fastrtps/pose_list__type_support.cpp.o[0m
[1.272s] [ 43%] [32mBuilding CXX object CMakeFiles/custom_interfaces__rosidl_typesupport_fastrtps_cpp.dir/rosidl_typesupport_fastrtps_cpp/custom_interfaces/msg/detail/dds_fastrtps/new_turtle_pose__type_support.cpp.o[0m
[1.341s] [35m[1mConsolidate compiler generated dependencies of target custom_interfaces__rosidl_typesupport_c[0m
[1.351s] [ 46%] [32mBuilding CXX object CMakeFiles/custom_interfaces__rosidl_typesupport_c.dir/rosidl_typesupport_c/custom_interfaces/msg/pose_list__type_support.cpp.o[0m
[1.353s] [ 48%] [32mBuilding CXX object CMakeFiles/custom_interfaces__rosidl_typesupport_c.dir/rosidl_typesupport_c/custom_interfaces/msg/new_turtle_pose__type_support.cpp.o[0m
[1.361s] [35m[1mConsolidate compiler generated dependencies of target custom_interfaces__rosidl_typesupport_introspection_c[0m
[1.370s] [ 51%] [32mBuilding C object CMakeFiles/custom_interfaces__rosidl_typesupport_introspection_c.dir/rosidl_typesupport_introspection_c/custom_interfaces/msg/detail/new_turtle_pose__type_support.c.o[0m
[1.371s] [ 53%] [32mBuilding C object CMakeFiles/custom_interfaces__rosidl_typesupport_introspection_c.dir/rosidl_typesupport_introspection_c/custom_interfaces/msg/detail/pose_list__type_support.c.o[0m
[1.380s] [35m[1mConsolidate compiler generated dependencies of target custom_interfaces__rosidl_typesupport_fastrtps_c[0m
[1.386s] [ 56%] [32m[1mLinking CXX shared library libcustom_interfaces__rosidl_typesupport_c.so[0m
[1.394s] [ 58%] [32mBuilding CXX object CMakeFiles/custom_interfaces__rosidl_typesupport_fastrtps_c.dir/rosidl_typesupport_fastrtps_c/custom_interfaces/msg/detail/new_turtle_pose__type_support_c.cpp.o[0m
[1.396s] [ 61%] [32mBuilding CXX object CMakeFiles/custom_interfaces__rosidl_typesupport_fastrtps_c.dir/rosidl_typesupport_fastrtps_c/custom_interfaces/msg/detail/pose_list__type_support_c.cpp.o[0m
[1.405s] [ 64%] [32m[1mLinking C shared library libcustom_interfaces__rosidl_typesupport_introspection_c.so[0m
[1.425s] [ 64%] Built target custom_interfaces__rosidl_typesupport_c
[1.437s] [ 64%] Built target custom_interfaces__rosidl_typesupport_introspection_c
[1.473s] [ 66%] [32m[1mLinking CXX shared library libcustom_interfaces__rosidl_typesupport_cpp.so[0m
[1.521s] [ 66%] Built target custom_interfaces__rosidl_typesupport_cpp
[1.688s] [ 69%] [32m[1mLinking CXX shared library libcustom_interfaces__rosidl_typesupport_fastrtps_c.so[0m
[1.704s] [ 71%] [32m[1mLinking CXX shared library libcustom_interfaces__rosidl_typesupport_fastrtps_cpp.so[0m
[1.744s] [ 71%] Built target custom_interfaces__rosidl_typesupport_fastrtps_c
[1.748s] [ 74%] [32m[1mLinking CXX shared library libcustom_interfaces__rosidl_typesupport_introspection_cpp.so[0m
[1.764s] [ 74%] Built target custom_interfaces__rosidl_typesupport_fastrtps_cpp
[1.797s] [ 74%] Built target custom_interfaces__rosidl_typesupport_introspection_cpp
[1.813s] [ 74%] Built target custom_interfaces
[1.829s] [ 76%] [34m[1mGenerating Python code for ROS interfaces[0m
[2.036s] [ 76%] Built target custom_interfaces__py
[2.042s] [35m[1mConsolidate compiler generated dependencies of target custom_interfaces__rosidl_generator_py[0m
[2.052s] [ 79%] [32mBuilding C object CMakeFiles/custom_interfaces__rosidl_generator_py.dir/rosidl_generator_py/custom_interfaces/msg/_new_turtle_pose_s.c.o[0m
[2.052s] [ 82%] [32mBuilding C object CMakeFiles/custom_interfaces__rosidl_generator_py.dir/rosidl_generator_py/custom_interfaces/msg/_pose_list_s.c.o[0m
[2.117s] [ 84%] [32m[1mLinking C shared library rosidl_generator_py/custom_interfaces/libcustom_interfaces__rosidl_generator_py.so[0m
[2.147s] [ 84%] Built target custom_interfaces__rosidl_generator_py
[2.154s] [35m[1mConsolidate compiler generated dependencies of target custom_interfaces__rosidl_typesupport_introspection_c__pyext[0m
[2.155s] [35m[1mConsolidate compiler generated dependencies of target custom_interfaces__rosidl_typesupport_fastrtps_c__pyext[0m
[2.155s] [35m[1mConsolidate compiler generated dependencies of target custom_interfaces__rosidl_typesupport_c__pyext[0m
[2.163s] [ 87%] [32mBuilding C object CMakeFiles/custom_interfaces__rosidl_typesupport_fastrtps_c__pyext.dir/rosidl_generator_py/custom_interfaces/_custom_interfaces_s.ep.rosidl_typesupport_fastrtps_c.c.o[0m
[2.164s] [ 89%] [32mBuilding C object CMakeFiles/custom_interfaces__rosidl_typesupport_introspection_c__pyext.dir/rosidl_generator_py/custom_interfaces/_custom_interfaces_s.ep.rosidl_typesupport_introspection_c.c.o[0m
[2.165s] [ 92%] [32mBuilding C object CMakeFiles/custom_interfaces__rosidl_typesupport_c__pyext.dir/rosidl_generator_py/custom_interfaces/_custom_interfaces_s.ep.rosidl_typesupport_c.c.o[0m
[2.227s] [ 94%] [32m[1mLinking C shared library rosidl_generator_py/custom_interfaces/custom_interfaces_s__rosidl_typesupport_introspection_c.cpython-310-x86_64-linux-gnu.so[0m
[2.227s] [ 97%] [32m[1mLinking C shared library rosidl_generator_py/custom_interfaces/custom_interfaces_s__rosidl_typesupport_fastrtps_c.cpython-310-x86_64-linux-gnu.so[0m
[2.229s] [100%] [32m[1mLinking C shared library rosidl_generator_py/custom_interfaces/custom_interfaces_s__rosidl_typesupport_c.cpython-310-x86_64-linux-gnu.so[0m
[2.253s] [100%] Built target custom_interfaces__rosidl_typesupport_introspection_c__pyext
[2.253s] [100%] Built target custom_interfaces__rosidl_typesupport_c__pyext
[2.256s] [100%] Built target custom_interfaces__rosidl_typesupport_fastrtps_c__pyext
[2.263s] Invoked command in '/home/charan-kasturi/turtlesim_project/build/custom_interfaces' returned '0': CMAKE_PREFIX_PATH=${CMAKE_PREFIX_PATH}:/home/charan-kasturi/turtlesim_project/install/spawner:/home/charan-kasturi/turtlesim_project/install/controller:/home/charan-kasturi/sub_and_pub/install/subscriber:/home/charan-kasturi/sub_and_pub/install/publisher:/home/charan-kasturi/custom_msg/install/led:/home/charan-kasturi/custom_msg/install/custom:/home/charan-kasturi/custom_msg/install/battery:/home/charan-kasturi/client_and_server/install/server:/home/charan-kasturi/client_and_server/install/client:/home/charan-kasturi/install/subscriber:/home/charan-kasturi/install/server:/home/charan-kasturi/install/py_pkg:/home/charan-kasturi/install/publisher:/home/charan-kasturi/install/client:/home/charan-kasturi/ros2_ws/install/py_pkg:/opt/ros/humble /usr/bin/cmake --build /home/charan-kasturi/turtlesim_project/build/custom_interfaces -- -j20 -l20
[2.271s] Invoking command in '/home/charan-kasturi/turtlesim_project/build/custom_interfaces': CMAKE_PREFIX_PATH=${CMAKE_PREFIX_PATH}:/home/charan-kasturi/turtlesim_project/install/spawner:/home/charan-kasturi/turtlesim_project/install/controller:/home/charan-kasturi/sub_and_pub/install/subscriber:/home/charan-kasturi/sub_and_pub/install/publisher:/home/charan-kasturi/custom_msg/install/led:/home/charan-kasturi/custom_msg/install/custom:/home/charan-kasturi/custom_msg/install/battery:/home/charan-kasturi/client_and_server/install/server:/home/charan-kasturi/client_and_server/install/client:/home/charan-kasturi/install/subscriber:/home/charan-kasturi/install/server:/home/charan-kasturi/install/py_pkg:/home/charan-kasturi/install/publisher:/home/charan-kasturi/install/client:/home/charan-kasturi/ros2_ws/install/py_pkg:/opt/ros/humble /usr/bin/cmake --install /home/charan-kasturi/turtlesim_project/build/custom_interfaces
[2.279s] -- Install configuration: ""
[2.279s] -- Up-to-date: /home/charan-kasturi/turtlesim_project/install/custom_interfaces/share/ament_index/resource_index/rosidl_interfaces/custom_interfaces
[2.279s] -- Up-to-date: /home/charan-kasturi/turtlesim_project/install/custom_interfaces/include/custom_interfaces/custom_interfaces
[2.279s] -- Up-to-date: /home/charan-kasturi/turtlesim_project/install/custom_interfaces/include/custom_interfaces/custom_interfaces/msg
[2.279s] -- Up-to-date: /home/charan-kasturi/turtlesim_project/install/custom_interfaces/include/custom_interfaces/custom_interfaces/msg/detail
[2.280s] -- Installing: /home/charan-kasturi/turtlesim_project/install/custom_interfaces/include/custom_interfaces/custom_interfaces/msg/detail/new_turtle_pose__struct.h
[2.280s] -- Installing: /home/charan-kasturi/turtlesim_project/install/custom_interfaces/include/custom_interfaces/custom_interfaces/msg/detail/new_turtle_pose__functions.c
[2.280s] -- Installing: /home/charan-kasturi/turtlesim_project/install/custom_interfaces/include/custom_interfaces/custom_interfaces/msg/detail/pose_list__functions.h
[2.280s] -- Installing: /home/charan-kasturi/turtlesim_project/install/custom_interfaces/include/custom_interfaces/custom_interfaces/msg/detail/new_turtle_pose__functions.h
[2.280s] -- Installing: /home/charan-kasturi/turtlesim_project/install/custom_interfaces/include/custom_interfaces/custom_interfaces/msg/detail/new_turtle_pose__type_support.h
[2.280s] -- Installing: /home/charan-kasturi/turtlesim_project/install/custom_interfaces/include/custom_interfaces/custom_interfaces/msg/detail/pose_list__struct.h
[2.280s] -- Installing: /home/charan-kasturi/turtlesim_project/install/custom_interfaces/include/custom_interfaces/custom_interfaces/msg/detail/pose_list__functions.c
[2.280s] -- Installing: /home/charan-kasturi/turtlesim_project/install/custom_interfaces/include/custom_interfaces/custom_interfaces/msg/detail/pose_list__type_support.h
[2.280s] -- Up-to-date: /home/charan-kasturi/turtlesim_project/install/custom_interfaces/include/custom_interfaces/custom_interfaces/msg/rosidl_generator_c__visibility_control.h
[2.280s] -- Installing: /home/charan-kasturi/turtlesim_project/install/custom_interfaces/include/custom_interfaces/custom_interfaces/msg/new_turtle_pose.h
[2.280s] -- Installing: /home/charan-kasturi/turtlesim_project/install/custom_interfaces/include/custom_interfaces/custom_interfaces/msg/pose_list.h
[2.280s] -- Up-to-date: /home/charan-kasturi/turtlesim_project/install/custom_interfaces/share/custom_interfaces/environment/library_path.sh
[2.280s] -- Installing: /home/charan-kasturi/turtlesim_project/install/custom_interfaces/share/custom_interfaces/environment/library_path.dsv
[2.280s] -- Installing: /home/charan-kasturi/turtlesim_project/install/custom_interfaces/lib/libcustom_interfaces__rosidl_generator_c.so
[2.280s] -- Set runtime path of "/home/charan-kasturi/turtlesim_project/install/custom_interfaces/lib/libcustom_interfaces__rosidl_generator_c.so" to ""
[2.280s] -- Up-to-date: /home/charan-kasturi/turtlesim_project/install/custom_interfaces/include/custom_interfaces/custom_interfaces
[2.281s] -- Up-to-date: /home/charan-kasturi/turtlesim_project/install/custom_interfaces/include/custom_interfaces/custom_interfaces/msg
[2.281s] -- Up-to-date: /home/charan-kasturi/turtlesim_project/install/custom_interfaces/include/custom_interfaces/custom_interfaces/msg/detail
[2.281s] -- Installing: /home/charan-kasturi/turtlesim_project/install/custom_interfaces/include/custom_interfaces/custom_interfaces/msg/detail/new_turtle_pose__rosidl_typesupport_fastrtps_c.h
[2.281s] -- Installing: /home/charan-kasturi/turtlesim_project/install/custom_interfaces/include/custom_interfaces/custom_interfaces/msg/detail/pose_list__rosidl_typesupport_fastrtps_c.h
[2.281s] -- Up-to-date: /home/charan-kasturi/turtlesim_project/install/custom_interfaces/include/custom_interfaces/custom_interfaces/msg/rosidl_typesupport_fastrtps_c__visibility_control.h
[2.281s] -- Installing: /home/charan-kasturi/turtlesim_project/install/custom_interfaces/lib/libcustom_interfaces__rosidl_typesupport_fastrtps_c.so
[2.281s] -- Set runtime path of "/home/charan-kasturi/turtlesim_project/install/custom_interfaces/lib/libcustom_interfaces__rosidl_typesupport_fastrtps_c.so" to ""
[2.281s] -- Up-to-date: /home/charan-kasturi/turtlesim_project/install/custom_interfaces/include/custom_interfaces/custom_interfaces
[2.281s] -- Up-to-date: /home/charan-kasturi/turtlesim_project/install/custom_interfaces/include/custom_interfaces/custom_interfaces/msg
[2.281s] -- Up-to-date: /home/charan-kasturi/turtlesim_project/install/custom_interfaces/include/custom_interfaces/custom_interfaces/msg/detail
[2.281s] -- Installing: /home/charan-kasturi/turtlesim_project/install/custom_interfaces/include/custom_interfaces/custom_interfaces/msg/detail/pose_list__rosidl_typesupport_introspection_c.h
[2.281s] -- Installing: /home/charan-kasturi/turtlesim_project/install/custom_interfaces/include/custom_interfaces/custom_interfaces/msg/detail/pose_list__type_support.c
[2.281s] -- Installing: /home/charan-kasturi/turtlesim_project/install/custom_interfaces/include/custom_interfaces/custom_interfaces/msg/detail/new_turtle_pose__type_support.c
[2.281s] -- Installing: /home/charan-kasturi/turtlesim_project/install/custom_interfaces/include/custom_interfaces/custom_interfaces/msg/detail/new_turtle_pose__rosidl_typesupport_introspection_c.h
[2.281s] -- Up-to-date: /home/charan-kasturi/turtlesim_project/install/custom_interfaces/include/custom_interfaces/custom_interfaces/msg/rosidl_typesupport_introspection_c__visibility_control.h
[2.281s] -- Installing: /home/charan-kasturi/turtlesim_project/install/custom_interfaces/lib/libcustom_interfaces__rosidl_typesupport_introspection_c.so
[2.281s] -- Set runtime path of "/home/charan-kasturi/turtlesim_project/install/custom_interfaces/lib/libcustom_interfaces__rosidl_typesupport_introspection_c.so" to ""
[2.282s] -- Installing: /home/charan-kasturi/turtlesim_project/install/custom_interfaces/lib/libcustom_interfaces__rosidl_typesupport_c.so
[2.282s] -- Set runtime path of "/home/charan-kasturi/turtlesim_project/install/custom_interfaces/lib/libcustom_interfaces__rosidl_typesupport_c.so" to ""
[2.282s] -- Up-to-date: /home/charan-kasturi/turtlesim_project/install/custom_interfaces/include/custom_interfaces/custom_interfaces
[2.282s] -- Up-to-date: /home/charan-kasturi/turtlesim_project/install/custom_interfaces/include/custom_interfaces/custom_interfaces/msg
[2.282s] -- Up-to-date: /home/charan-kasturi/turtlesim_project/install/custom_interfaces/include/custom_interfaces/custom_interfaces/msg/detail
[2.282s] -- Installing: /home/charan-kasturi/turtlesim_project/install/custom_interfaces/include/custom_interfaces/custom_interfaces/msg/detail/pose_list__traits.hpp
[2.282s] -- Installing: /home/charan-kasturi/turtlesim_project/install/custom_interfaces/include/custom_interfaces/custom_interfaces/msg/detail/new_turtle_pose__builder.hpp
[2.282s] -- Installing: /home/charan-kasturi/turtlesim_project/install/custom_interfaces/include/custom_interfaces/custom_interfaces/msg/detail/pose_list__builder.hpp
[2.282s] -- Installing: /home/charan-kasturi/turtlesim_project/install/custom_interfaces/include/custom_interfaces/custom_interfaces/msg/detail/pose_list__struct.hpp
[2.282s] -- Installing: /home/charan-kasturi/turtlesim_project/install/custom_interfaces/include/custom_interfaces/custom_interfaces/msg/detail/new_turtle_pose__struct.hpp
[2.282s] -- Installing: /home/charan-kasturi/turtlesim_project/install/custom_interfaces/include/custom_interfaces/custom_interfaces/msg/detail/new_turtle_pose__traits.hpp
[2.282s] -- Installing: /home/charan-kasturi/turtlesim_project/install/custom_interfaces/include/custom_interfaces/custom_interfaces/msg/pose_list.hpp
[2.282s] -- Installing: /home/charan-kasturi/turtlesim_project/install/custom_interfaces/include/custom_interfaces/custom_interfaces/msg/new_turtle_pose.hpp
[2.282s] -- Up-to-date: /home/charan-kasturi/turtlesim_project/install/custom_interfaces/include/custom_interfaces/custom_interfaces
[2.282s] -- Up-to-date: /home/charan-kasturi/turtlesim_project/install/custom_interfaces/include/custom_interfaces/custom_interfaces/msg
[2.282s] -- Up-to-date: /home/charan-kasturi/turtlesim_project/install/custom_interfaces/include/custom_interfaces/custom_interfaces/msg/detail
[2.282s] -- Installing: /home/charan-kasturi/turtlesim_project/install/custom_interfaces/include/custom_interfaces/custom_interfaces/msg/detail/pose_list__rosidl_typesupport_fastrtps_cpp.hpp
[2.282s] -- Installing: /home/charan-kasturi/turtlesim_project/install/custom_interfaces/include/custom_interfaces/custom_interfaces/msg/detail/new_turtle_pose__rosidl_typesupport_fastrtps_cpp.hpp
[2.282s] -- Up-to-date: /home/charan-kasturi/turtlesim_project/install/custom_interfaces/include/custom_interfaces/custom_interfaces/msg/detail/dds_fastrtps
[2.282s] -- Up-to-date: /home/charan-kasturi/turtlesim_project/install/custom_interfaces/include/custom_interfaces/custom_interfaces/msg/rosidl_typesupport_fastrtps_cpp__visibility_control.h
[2.282s] -- Installing: /home/charan-kasturi/turtlesim_project/install/custom_interfaces/lib/libcustom_interfaces__rosidl_typesupport_fastrtps_cpp.so
[2.282s] -- Set runtime path of "/home/charan-kasturi/turtlesim_project/install/custom_interfaces/lib/libcustom_interfaces__rosidl_typesupport_fastrtps_cpp.so" to ""
[2.283s] -- Up-to-date: /home/charan-kasturi/turtlesim_project/install/custom_interfaces/include/custom_interfaces/custom_interfaces
[2.283s] -- Up-to-date: /home/charan-kasturi/turtlesim_project/install/custom_interfaces/include/custom_interfaces/custom_interfaces/msg
[2.283s] -- Up-to-date: /home/charan-kasturi/turtlesim_project/install/custom_interfaces/include/custom_interfaces/custom_interfaces/msg/detail
[2.283s] -- Installing: /home/charan-kasturi/turtlesim_project/install/custom_interfaces/include/custom_interfaces/custom_interfaces/msg/detail/pose_list__rosidl_typesupport_introspection_cpp.hpp
[2.283s] -- Installing: /home/charan-kasturi/turtlesim_project/install/custom_interfaces/include/custom_interfaces/custom_interfaces/msg/detail/new_turtle_pose__type_support.cpp
[2.283s] -- Installing: /home/charan-kasturi/turtlesim_project/install/custom_interfaces/include/custom_interfaces/custom_interfaces/msg/detail/new_turtle_pose__rosidl_typesupport_introspection_cpp.hpp
[2.283s] -- Installing: /home/charan-kasturi/turtlesim_project/install/custom_interfaces/include/custom_interfaces/custom_interfaces/msg/detail/pose_list__type_support.cpp
[2.283s] -- Installing: /home/charan-kasturi/turtlesim_project/install/custom_interfaces/lib/libcustom_interfaces__rosidl_typesupport_introspection_cpp.so
[2.283s] -- Set runtime path of "/home/charan-kasturi/turtlesim_project/install/custom_interfaces/lib/libcustom_interfaces__rosidl_typesupport_introspection_cpp.so" to ""
[2.283s] -- Installing: /home/charan-kasturi/turtlesim_project/install/custom_interfaces/lib/libcustom_interfaces__rosidl_typesupport_cpp.so
[2.283s] -- Set runtime path of "/home/charan-kasturi/turtlesim_project/install/custom_interfaces/lib/libcustom_interfaces__rosidl_typesupport_cpp.so" to ""
[2.284s] -- Up-to-date: /home/charan-kasturi/turtlesim_project/install/custom_interfaces/share/custom_interfaces/environment/pythonpath.sh
[2.284s] -- Installing: /home/charan-kasturi/turtlesim_project/install/custom_interfaces/share/custom_interfaces/environment/pythonpath.dsv
[2.284s] -- Up-to-date: /home/charan-kasturi/turtlesim_project/install/custom_interfaces/local/lib/python3.10/dist-packages/custom_interfaces-0.0.0-py3.10.egg-info
[2.284s] -- Installing: /home/charan-kasturi/turtlesim_project/install/custom_interfaces/local/lib/python3.10/dist-packages/custom_interfaces-0.0.0-py3.10.egg-info/dependency_links.txt
[2.284s] -- Installing: /home/charan-kasturi/turtlesim_project/install/custom_interfaces/local/lib/python3.10/dist-packages/custom_interfaces-0.0.0-py3.10.egg-info/SOURCES.txt
[2.284s] -- Installing: /home/charan-kasturi/turtlesim_project/install/custom_interfaces/local/lib/python3.10/dist-packages/custom_interfaces-0.0.0-py3.10.egg-info/PKG-INFO
[2.284s] -- Installing: /home/charan-kasturi/turtlesim_project/install/custom_interfaces/local/lib/python3.10/dist-packages/custom_interfaces-0.0.0-py3.10.egg-info/top_level.txt
[2.284s] -- Up-to-date: /home/charan-kasturi/turtlesim_project/install/custom_interfaces/local/lib/python3.10/dist-packages/custom_interfaces
[2.284s] -- Up-to-date: /home/charan-kasturi/turtlesim_project/install/custom_interfaces/local/lib/python3.10/dist-packages/custom_interfaces/msg
[2.284s] -- Installing: /home/charan-kasturi/turtlesim_project/install/custom_interfaces/local/lib/python3.10/dist-packages/custom_interfaces/msg/_pose_list_s.c
[2.284s] -- Installing: /home/charan-kasturi/turtlesim_project/install/custom_interfaces/local/lib/python3.10/dist-packages/custom_interfaces/msg/_pose_list.py
[2.284s] -- Installing: /home/charan-kasturi/turtlesim_project/install/custom_interfaces/local/lib/python3.10/dist-packages/custom_interfaces/msg/_new_turtle_pose.py
[2.284s] -- Installing: /home/charan-kasturi/turtlesim_project/install/custom_interfaces/local/lib/python3.10/dist-packages/custom_interfaces/msg/__init__.py
[2.284s] -- Installing: /home/charan-kasturi/turtlesim_project/install/custom_interfaces/local/lib/python3.10/dist-packages/custom_interfaces/msg/_new_turtle_pose_s.c
[2.284s] -- Installing: /home/charan-kasturi/turtlesim_project/install/custom_interfaces/local/lib/python3.10/dist-packages/custom_interfaces/custom_interfaces_s__rosidl_typesupport_introspection_c.cpython-310-x86_64-linux-gnu.so
[2.284s] -- Installing: /home/charan-kasturi/turtlesim_project/install/custom_interfaces/local/lib/python3.10/dist-packages/custom_interfaces/libcustom_interfaces__rosidl_generator_py.so
[2.284s] -- Installing: /home/charan-kasturi/turtlesim_project/install/custom_interfaces/local/lib/python3.10/dist-packages/custom_interfaces/custom_interfaces_s__rosidl_typesupport_fastrtps_c.cpython-310-x86_64-linux-gnu.so
[2.284s] -- Installing: /home/charan-kasturi/turtlesim_project/install/custom_interfaces/local/lib/python3.10/dist-packages/custom_interfaces/__init__.py
[2.284s] -- Installing: /home/charan-kasturi/turtlesim_project/install/custom_interfaces/local/lib/python3.10/dist-packages/custom_interfaces/_custom_interfaces_s.ep.rosidl_typesupport_c.c
[2.284s] -- Installing: /home/charan-kasturi/turtlesim_project/install/custom_interfaces/local/lib/python3.10/dist-packages/custom_interfaces/_custom_interfaces_s.ep.rosidl_typesupport_introspection_c.c
[2.285s] -- Installing: /home/charan-kasturi/turtlesim_project/install/custom_interfaces/local/lib/python3.10/dist-packages/custom_interfaces/_custom_interfaces_s.ep.rosidl_typesupport_fastrtps_c.c
[2.285s] -- Installing: /home/charan-kasturi/turtlesim_project/install/custom_interfaces/local/lib/python3.10/dist-packages/custom_interfaces/custom_interfaces_s__rosidl_typesupport_c.cpython-310-x86_64-linux-gnu.so
[2.315s] Listing '/home/charan-kasturi/turtlesim_project/install/custom_interfaces/local/lib/python3.10/dist-packages/custom_interfaces'...
[2.315s] Compiling '/home/charan-kasturi/turtlesim_project/install/custom_interfaces/local/lib/python3.10/dist-packages/custom_interfaces/__init__.py'...
[2.315s] Listing '/home/charan-kasturi/turtlesim_project/install/custom_interfaces/local/lib/python3.10/dist-packages/custom_interfaces/msg'...
[2.315s] Compiling '/home/charan-kasturi/turtlesim_project/install/custom_interfaces/local/lib/python3.10/dist-packages/custom_interfaces/msg/__init__.py'...
[2.315s] Compiling '/home/charan-kasturi/turtlesim_project/install/custom_interfaces/local/lib/python3.10/dist-packages/custom_interfaces/msg/_new_turtle_pose.py'...
[2.315s] Compiling '/home/charan-kasturi/turtlesim_project/install/custom_interfaces/local/lib/python3.10/dist-packages/custom_interfaces/msg/_pose_list.py'...
[2.318s] -- Installing: /home/charan-kasturi/turtlesim_project/install/custom_interfaces/local/lib/python3.10/dist-packages/custom_interfaces/custom_interfaces_s__rosidl_typesupport_fastrtps_c.cpython-310-x86_64-linux-gnu.so
[2.318s] -- Set runtime path of "/home/charan-kasturi/turtlesim_project/install/custom_interfaces/local/lib/python3.10/dist-packages/custom_interfaces/custom_interfaces_s__rosidl_typesupport_fastrtps_c.cpython-310-x86_64-linux-gnu.so" to ""
[2.318s] -- Installing: /home/charan-kasturi/turtlesim_project/install/custom_interfaces/local/lib/python3.10/dist-packages/custom_interfaces/custom_interfaces_s__rosidl_typesupport_introspection_c.cpython-310-x86_64-linux-gnu.so
[2.319s] -- Set runtime path of "/home/charan-kasturi/turtlesim_project/install/custom_interfaces/local/lib/python3.10/dist-packages/custom_interfaces/custom_interfaces_s__rosidl_typesupport_introspection_c.cpython-310-x86_64-linux-gnu.so" to ""
[2.319s] -- Installing: /home/charan-kasturi/turtlesim_project/install/custom_interfaces/local/lib/python3.10/dist-packages/custom_interfaces/custom_interfaces_s__rosidl_typesupport_c.cpython-310-x86_64-linux-gnu.so
[2.319s] -- Set runtime path of "/home/charan-kasturi/turtlesim_project/install/custom_interfaces/local/lib/python3.10/dist-packages/custom_interfaces/custom_interfaces_s__rosidl_typesupport_c.cpython-310-x86_64-linux-gnu.so" to ""
[2.319s] -- Installing: /home/charan-kasturi/turtlesim_project/install/custom_interfaces/lib/libcustom_interfaces__rosidl_generator_py.so
[2.319s] -- Set runtime path of "/home/charan-kasturi/turtlesim_project/install/custom_interfaces/lib/libcustom_interfaces__rosidl_generator_py.so" to ""
[2.319s] -- Installing: /home/charan-kasturi/turtlesim_project/install/custom_interfaces/share/custom_interfaces/msg/NewTurtlePose.idl
[2.319s] -- Up-to-date: /home/charan-kasturi/turtlesim_project/install/custom_interfaces/share/custom_interfaces/msg/PoseList.idl
[2.319s] -- Installing: /home/charan-kasturi/turtlesim_project/install/custom_interfaces/share/custom_interfaces/msg/NewTurtlePose.msg
[2.319s] -- Up-to-date: /home/charan-kasturi/turtlesim_project/install/custom_interfaces/share/custom_interfaces/msg/PoseList.msg
[2.319s] -- Up-to-date: /home/charan-kasturi/turtlesim_project/install/custom_interfaces/share/ament_index/resource_index/package_run_dependencies/custom_interfaces
[2.319s] -- Up-to-date: /home/charan-kasturi/turtlesim_project/install/custom_interfaces/share/ament_index/resource_index/parent_prefix_path/custom_interfaces
[2.319s] -- Up-to-date: /home/charan-kasturi/turtlesim_project/install/custom_interfaces/share/custom_interfaces/environment/ament_prefix_path.sh
[2.319s] -- Installing: /home/charan-kasturi/turtlesim_project/install/custom_interfaces/share/custom_interfaces/environment/ament_prefix_path.dsv
[2.319s] -- Up-to-date: /home/charan-kasturi/turtlesim_project/install/custom_interfaces/share/custom_interfaces/environment/path.sh
[2.319s] -- Installing: /home/charan-kasturi/turtlesim_project/install/custom_interfaces/share/custom_interfaces/environment/path.dsv
[2.320s] -- Up-to-date: /home/charan-kasturi/turtlesim_project/install/custom_interfaces/share/custom_interfaces/local_setup.bash
[2.320s] -- Up-to-date: /home/charan-kasturi/turtlesim_project/install/custom_interfaces/share/custom_interfaces/local_setup.sh
[2.320s] -- Up-to-date: /home/charan-kasturi/turtlesim_project/install/custom_interfaces/share/custom_interfaces/local_setup.zsh
[2.320s] -- Installing: /home/charan-kasturi/turtlesim_project/install/custom_interfaces/share/custom_interfaces/local_setup.dsv
[2.320s] -- Installing: /home/charan-kasturi/turtlesim_project/install/custom_interfaces/share/custom_interfaces/package.dsv
[2.320s] -- Up-to-date: /home/charan-kasturi/turtlesim_project/install/custom_interfaces/share/ament_index/resource_index/packages/custom_interfaces
[2.320s] -- Up-to-date: /home/charan-kasturi/turtlesim_project/install/custom_interfaces/share/custom_interfaces/cmake/export_custom_interfaces__rosidl_generator_cExport.cmake
[2.320s] -- Up-to-date: /home/charan-kasturi/turtlesim_project/install/custom_interfaces/share/custom_interfaces/cmake/export_custom_interfaces__rosidl_generator_cExport-noconfig.cmake
[2.320s] -- Up-to-date: /home/charan-kasturi/turtlesim_project/install/custom_interfaces/share/custom_interfaces/cmake/export_custom_interfaces__rosidl_typesupport_fastrtps_cExport.cmake
[2.320s] -- Up-to-date: /home/charan-kasturi/turtlesim_project/install/custom_interfaces/share/custom_interfaces/cmake/export_custom_interfaces__rosidl_typesupport_fastrtps_cExport-noconfig.cmake
[2.320s] -- Up-to-date: /home/charan-kasturi/turtlesim_project/install/custom_interfaces/share/custom_interfaces/cmake/custom_interfaces__rosidl_typesupport_introspection_cExport.cmake
[2.320s] -- Up-to-date: /home/charan-kasturi/turtlesim_project/install/custom_interfaces/share/custom_interfaces/cmake/custom_interfaces__rosidl_typesupport_introspection_cExport-noconfig.cmake
[2.320s] -- Up-to-date: /home/charan-kasturi/turtlesim_project/install/custom_interfaces/share/custom_interfaces/cmake/custom_interfaces__rosidl_typesupport_cExport.cmake
[2.320s] -- Up-to-date: /home/charan-kasturi/turtlesim_project/install/custom_interfaces/share/custom_interfaces/cmake/custom_interfaces__rosidl_typesupport_cExport-noconfig.cmake
[2.320s] -- Up-to-date: /home/charan-kasturi/turtlesim_project/install/custom_interfaces/share/custom_interfaces/cmake/export_custom_interfaces__rosidl_generator_cppExport.cmake
[2.320s] -- Up-to-date: /home/charan-kasturi/turtlesim_project/install/custom_interfaces/share/custom_interfaces/cmake/export_custom_interfaces__rosidl_typesupport_fastrtps_cppExport.cmake
[2.320s] -- Up-to-date: /home/charan-kasturi/turtlesim_project/install/custom_interfaces/share/custom_interfaces/cmake/export_custom_interfaces__rosidl_typesupport_fastrtps_cppExport-noconfig.cmake
[2.320s] -- Up-to-date: /home/charan-kasturi/turtlesim_project/install/custom_interfaces/share/custom_interfaces/cmake/custom_interfaces__rosidl_typesupport_introspection_cppExport.cmake
[2.320s] -- Up-to-date: /home/charan-kasturi/turtlesim_project/install/custom_interfaces/share/custom_interfaces/cmake/custom_interfaces__rosidl_typesupport_introspection_cppExport-noconfig.cmake
[2.320s] -- Up-to-date: /home/charan-kasturi/turtlesim_project/install/custom_interfaces/share/custom_interfaces/cmake/custom_interfaces__rosidl_typesupport_cppExport.cmake
[2.320s] -- Up-to-date: /home/charan-kasturi/turtlesim_project/install/custom_interfaces/share/custom_interfaces/cmake/custom_interfaces__rosidl_typesupport_cppExport-noconfig.cmake
[2.320s] -- Up-to-date: /home/charan-kasturi/turtlesim_project/install/custom_interfaces/share/custom_interfaces/cmake/export_custom_interfaces__rosidl_generator_pyExport.cmake
[2.320s] -- Up-to-date: /home/charan-kasturi/turtlesim_project/install/custom_interfaces/share/custom_interfaces/cmake/export_custom_interfaces__rosidl_generator_pyExport-noconfig.cmake
[2.320s] -- Up-to-date: /home/charan-kasturi/turtlesim_project/install/custom_interfaces/share/custom_interfaces/cmake/rosidl_cmake-extras.cmake
[2.320s] -- Up-to-date: /home/charan-kasturi/turtlesim_project/install/custom_interfaces/share/custom_interfaces/cmake/ament_cmake_export_include_directories-extras.cmake
[2.320s] -- Up-to-date: /home/charan-kasturi/turtlesim_project/install/custom_interfaces/share/custom_interfaces/cmake/ament_cmake_export_libraries-extras.cmake
[2.320s] -- Up-to-date: /home/charan-kasturi/turtlesim_project/install/custom_interfaces/share/custom_interfaces/cmake/ament_cmake_export_targets-extras.cmake
[2.320s] -- Up-to-date: /home/charan-kasturi/turtlesim_project/install/custom_interfaces/share/custom_interfaces/cmake/rosidl_cmake_export_typesupport_targets-extras.cmake
[2.320s] -- Up-to-date: /home/charan-kasturi/turtlesim_project/install/custom_interfaces/share/custom_interfaces/cmake/ament_cmake_export_dependencies-extras.cmake
[2.320s] -- Up-to-date: /home/charan-kasturi/turtlesim_project/install/custom_interfaces/share/custom_interfaces/cmake/rosidl_cmake_export_typesupport_libraries-extras.cmake
[2.320s] -- Up-to-date: /home/charan-kasturi/turtlesim_project/install/custom_interfaces/share/custom_interfaces/cmake/custom_interfacesConfig.cmake
[2.320s] -- Up-to-date: /home/charan-kasturi/turtlesim_project/install/custom_interfaces/share/custom_interfaces/cmake/custom_interfacesConfig-version.cmake
[2.320s] -- Up-to-date: /home/charan-kasturi/turtlesim_project/install/custom_interfaces/share/custom_interfaces/package.xml
[2.322s] Invoked command in '/home/charan-kasturi/turtlesim_project/build/custom_interfaces' returned '0': CMAKE_PREFIX_PATH=${CMAKE_PREFIX_PATH}:/home/charan-kasturi/turtlesim_project/install/spawner:/home/charan-kasturi/turtlesim_project/install/controller:/home/charan-kasturi/sub_and_pub/install/subscriber:/home/charan-kasturi/sub_and_pub/install/publisher:/home/charan-kasturi/custom_msg/install/led:/home/charan-kasturi/custom_msg/install/custom:/home/charan-kasturi/custom_msg/install/battery:/home/charan-kasturi/client_and_server/install/server:/home/charan-kasturi/client_and_server/install/client:/home/charan-kasturi/install/subscriber:/home/charan-kasturi/install/server:/home/charan-kasturi/install/py_pkg:/home/charan-kasturi/install/publisher:/home/charan-kasturi/install/client:/home/charan-kasturi/ros2_ws/install/py_pkg:/opt/ros/humble /usr/bin/cmake --install /home/charan-kasturi/turtlesim_project/build/custom_interfaces
