[0.060s] DEBUG:colcon:Command line arguments: ['/usr/bin/colcon', 'build']
[0.060s] DEBUG:colcon:Parsed command line arguments: Namespace(log_base=None, log_level=None, verb_name='build', build_base='build', install_base='install', merge_install=False, symlink_install=False, test_result_base=None, continue_on_error=False, executor='parallel', parallel_workers=20, event_handlers=None, ignore_user_meta=False, metas=['./colcon.meta'], base_paths=['.'], packages_ignore=None, packages_ignore_regex=None, paths=None, packages_up_to=None, packages_up_to_regex=None, packages_above=None, packages_above_and_dependencies=None, packages_above_depth=None, packages_select_by_dep=None, packages_skip_by_dep=None, packages_skip_up_to=None, packages_select_build_failed=False, packages_skip_build_finished=False, packages_select_test_failures=False, packages_skip_test_passed=False, packages_select=None, packages_skip=None, packages_select_regex=None, packages_skip_regex=None, packages_start=None, packages_end=None, allow_overriding=[], cmake_args=None, cmake_target=None, cmake_target_skip_unavailable=False, cmake_clean_cache=False, cmake_clean_first=False, cmake_force_configure=False, ament_cmake_args=None, catkin_cmake_args=None, catkin_skip_building_tests=False, verb_parser=<colcon_defaults.argument_parser.defaults.DefaultArgumentsDecorator object at 0x7edbf123db40>, verb_extension=<colcon_core.verb.build.BuildVerb object at 0x7edbf123d1b0>, main=<bound method BuildVerb.main of <colcon_core.verb.build.BuildVerb object at 0x7edbf123d1b0>>)
[0.154s] Level 1:colcon.colcon_core.package_discovery:discover_packages(colcon_meta) check parameters
[0.154s] Level 1:colcon.colcon_core.package_discovery:discover_packages(recursive) check parameters
[0.154s] Level 1:colcon.colcon_core.package_discovery:discover_packages(ignore) check parameters
[0.154s] Level 1:colcon.colcon_core.package_discovery:discover_packages(path) check parameters
[0.154s] Level 1:colcon.colcon_core.package_discovery:discover_packages(colcon_meta) discover
[0.154s] Level 1:colcon.colcon_core.package_discovery:discover_packages(recursive) discover
[0.154s] INFO:colcon.colcon_core.package_discovery:Crawling recursively for packages in '/home/charan-kasturi/turtlesim_project'
[0.154s] Level 1:colcon.colcon_core.package_identification:_identify(.) by extensions ['ignore', 'ignore_ament_install']
[0.154s] Level 1:colcon.colcon_core.package_identification:_identify(.) by extension 'ignore'
[0.154s] Level 1:colcon.colcon_core.package_identification:_identify(.) by extension 'ignore_ament_install'
[0.154s] Level 1:colcon.colcon_core.package_identification:_identify(.) by extensions ['colcon_pkg']
[0.154s] Level 1:colcon.colcon_core.package_identification:_identify(.) by extension 'colcon_pkg'
[0.154s] Level 1:colcon.colcon_core.package_identification:_identify(.) by extensions ['colcon_meta']
[0.154s] Level 1:colcon.colcon_core.package_identification:_identify(.) by extension 'colcon_meta'
[0.154s] Level 1:colcon.colcon_core.package_identification:_identify(.) by extensions ['ros']
[0.154s] Level 1:colcon.colcon_core.package_identification:_identify(.) by extension 'ros'
[0.162s] Level 1:colcon.colcon_core.package_identification:_identify(.) by extensions ['cmake', 'python']
[0.162s] Level 1:colcon.colcon_core.package_identification:_identify(.) by extension 'cmake'
[0.162s] Level 1:colcon.colcon_core.package_identification:_identify(.) by extension 'python'
[0.162s] Level 1:colcon.colcon_core.package_identification:_identify(.) by extensions ['python_setup_py']
[0.162s] Level 1:colcon.colcon_core.package_identification:_identify(.) by extension 'python_setup_py'
[0.162s] Level 1:colcon.colcon_core.package_identification:_identify(build) by extensions ['ignore', 'ignore_ament_install']
[0.162s] Level 1:colcon.colcon_core.package_identification:_identify(build) by extension 'ignore'
[0.162s] Level 1:colcon.colcon_core.package_identification:_identify(build) ignored
[0.162s] Level 1:colcon.colcon_core.package_identification:_identify(install) by extensions ['ignore', 'ignore_ament_install']
[0.162s] Level 1:colcon.colcon_core.package_identification:_identify(install) by extension 'ignore'
[0.162s] Level 1:colcon.colcon_core.package_identification:_identify(install) ignored
[0.162s] Level 1:colcon.colcon_core.package_identification:_identify(log) by extensions ['ignore', 'ignore_ament_install']
[0.162s] Level 1:colcon.colcon_core.package_identification:_identify(log) by extension 'ignore'
[0.162s] Level 1:colcon.colcon_core.package_identification:_identify(log) ignored
[0.162s] Level 1:colcon.colcon_core.package_identification:_identify(src) by extensions ['ignore', 'ignore_ament_install']
[0.162s] Level 1:colcon.colcon_core.package_identification:_identify(src) by extension 'ignore'
[0.162s] Level 1:colcon.colcon_core.package_identification:_identify(src) by extension 'ignore_ament_install'
[0.162s] Level 1:colcon.colcon_core.package_identification:_identify(src) by extensions ['colcon_pkg']
[0.162s] Level 1:colcon.colcon_core.package_identification:_identify(src) by extension 'colcon_pkg'
[0.162s] Level 1:colcon.colcon_core.package_identification:_identify(src) by extensions ['colcon_meta']
[0.162s] Level 1:colcon.colcon_core.package_identification:_identify(src) by extension 'colcon_meta'
[0.162s] Level 1:colcon.colcon_core.package_identification:_identify(src) by extensions ['ros']
[0.162s] Level 1:colcon.colcon_core.package_identification:_identify(src) by extension 'ros'
[0.162s] Level 1:colcon.colcon_core.package_identification:_identify(src) by extensions ['cmake', 'python']
[0.162s] Level 1:colcon.colcon_core.package_identification:_identify(src) by extension 'cmake'
[0.162s] Level 1:colcon.colcon_core.package_identification:_identify(src) by extension 'python'
[0.162s] Level 1:colcon.colcon_core.package_identification:_identify(src) by extensions ['python_setup_py']
[0.162s] Level 1:colcon.colcon_core.package_identification:_identify(src) by extension 'python_setup_py'
[0.163s] Level 1:colcon.colcon_core.package_identification:_identify(src/controller) by extensions ['ignore', 'ignore_ament_install']
[0.163s] Level 1:colcon.colcon_core.package_identification:_identify(src/controller) by extension 'ignore'
[0.163s] Level 1:colcon.colcon_core.package_identification:_identify(src/controller) by extension 'ignore_ament_install'
[0.163s] Level 1:colcon.colcon_core.package_identification:_identify(src/controller) by extensions ['colcon_pkg']
[0.163s] Level 1:colcon.colcon_core.package_identification:_identify(src/controller) by extension 'colcon_pkg'
[0.163s] Level 1:colcon.colcon_core.package_identification:_identify(src/controller) by extensions ['colcon_meta']
[0.163s] Level 1:colcon.colcon_core.package_identification:_identify(src/controller) by extension 'colcon_meta'
[0.163s] Level 1:colcon.colcon_core.package_identification:_identify(src/controller) by extensions ['ros']
[0.163s] Level 1:colcon.colcon_core.package_identification:_identify(src/controller) by extension 'ros'
[0.164s] DEBUG:colcon.colcon_core.package_identification:Package 'src/controller' with type 'ros.ament_python' and name 'controller'
[0.164s] Level 1:colcon.colcon_core.package_identification:_identify(src/custom_interfaces) by extensions ['ignore', 'ignore_ament_install']
[0.164s] Level 1:colcon.colcon_core.package_identification:_identify(src/custom_interfaces) by extension 'ignore'
[0.165s] Level 1:colcon.colcon_core.package_identification:_identify(src/custom_interfaces) by extension 'ignore_ament_install'
[0.165s] Level 1:colcon.colcon_core.package_identification:_identify(src/custom_interfaces) by extensions ['colcon_pkg']
[0.165s] Level 1:colcon.colcon_core.package_identification:_identify(src/custom_interfaces) by extension 'colcon_pkg'
[0.165s] Level 1:colcon.colcon_core.package_identification:_identify(src/custom_interfaces) by extensions ['colcon_meta']
[0.165s] Level 1:colcon.colcon_core.package_identification:_identify(src/custom_interfaces) by extension 'colcon_meta'
[0.165s] Level 1:colcon.colcon_core.package_identification:_identify(src/custom_interfaces) by extensions ['ros']
[0.165s] Level 1:colcon.colcon_core.package_identification:_identify(src/custom_interfaces) by extension 'ros'
[0.165s] DEBUG:colcon.colcon_core.package_identification:Package 'src/custom_interfaces' with type 'ros.ament_cmake' and name 'custom_interfaces'
[0.165s] Level 1:colcon.colcon_core.package_identification:_identify(src/spawner) by extensions ['ignore', 'ignore_ament_install']
[0.165s] Level 1:colcon.colcon_core.package_identification:_identify(src/spawner) by extension 'ignore'
[0.165s] Level 1:colcon.colcon_core.package_identification:_identify(src/spawner) by extension 'ignore_ament_install'
[0.165s] Level 1:colcon.colcon_core.package_identification:_identify(src/spawner) by extensions ['colcon_pkg']
[0.165s] Level 1:colcon.colcon_core.package_identification:_identify(src/spawner) by extension 'colcon_pkg'
[0.165s] Level 1:colcon.colcon_core.package_identification:_identify(src/spawner) by extensions ['colcon_meta']
[0.165s] Level 1:colcon.colcon_core.package_identification:_identify(src/spawner) by extension 'colcon_meta'
[0.165s] Level 1:colcon.colcon_core.package_identification:_identify(src/spawner) by extensions ['ros']
[0.165s] Level 1:colcon.colcon_core.package_identification:_identify(src/spawner) by extension 'ros'
[0.166s] DEBUG:colcon.colcon_core.package_identification:Package 'src/spawner' with type 'ros.ament_python' and name 'spawner'
[0.166s] Level 1:colcon.colcon_core.package_discovery:discover_packages(recursive) using defaults
[0.166s] Level 1:colcon.colcon_core.package_discovery:discover_packages(ignore) discover
[0.166s] Level 1:colcon.colcon_core.package_discovery:discover_packages(ignore) using defaults
[0.166s] Level 1:colcon.colcon_core.package_discovery:discover_packages(path) discover
[0.166s] Level 1:colcon.colcon_core.package_discovery:discover_packages(path) using defaults
[0.179s] Level 1:colcon.colcon_core.package_discovery:discover_packages(prefix_path) check parameters
[0.179s] Level 1:colcon.colcon_core.package_discovery:discover_packages(prefix_path) discover
[0.180s] DEBUG:colcon.colcon_installed_package_information.package_discovery:Found 2 installed packages in /home/charan-kasturi/turtlesim_project/install
[0.180s] DEBUG:colcon.colcon_installed_package_information.package_discovery:Found 4 installed packages in /home/charan-kasturi/custom_msg/install
[0.181s] DEBUG:colcon.colcon_installed_package_information.package_discovery:Found 2 installed packages in /home/charan-kasturi/client_and_server/install
[0.181s] DEBUG:colcon.colcon_installed_package_information.package_discovery:Found 5 installed packages in /home/charan-kasturi/install
[0.181s] DEBUG:colcon.colcon_installed_package_information.package_discovery:Found 3 installed packages in /home/charan-kasturi/sub_and_pub/install
[0.181s] DEBUG:colcon.colcon_installed_package_information.package_discovery:Found 1 installed packages in /home/charan-kasturi/ros2_ws/install
[0.182s] DEBUG:colcon.colcon_installed_package_information.package_discovery:Found 270 installed packages in /opt/ros/humble
[0.183s] Level 1:colcon.colcon_core.package_discovery:discover_packages(prefix_path) using defaults
[0.211s] Level 5:colcon.colcon_core.verb:set package 'controller' build argument 'cmake_args' from command line to 'None'
[0.211s] Level 5:colcon.colcon_core.verb:set package 'controller' build argument 'cmake_target' from command line to 'None'
[0.211s] Level 5:colcon.colcon_core.verb:set package 'controller' build argument 'cmake_target_skip_unavailable' from command line to 'False'
[0.211s] Level 5:colcon.colcon_core.verb:set package 'controller' build argument 'cmake_clean_cache' from command line to 'False'
[0.211s] Level 5:colcon.colcon_core.verb:set package 'controller' build argument 'cmake_clean_first' from command line to 'False'
[0.211s] Level 5:colcon.colcon_core.verb:set package 'controller' build argument 'cmake_force_configure' from command line to 'False'
[0.211s] Level 5:colcon.colcon_core.verb:set package 'controller' build argument 'ament_cmake_args' from command line to 'None'
[0.211s] Level 5:colcon.colcon_core.verb:set package 'controller' build argument 'catkin_cmake_args' from command line to 'None'
[0.211s] Level 5:colcon.colcon_core.verb:set package 'controller' build argument 'catkin_skip_building_tests' from command line to 'False'
[0.211s] DEBUG:colcon.colcon_core.verb:Building package 'controller' with the following arguments: {'ament_cmake_args': None, 'build_base': '/home/charan-kasturi/turtlesim_project/build/controller', 'catkin_cmake_args': None, 'catkin_skip_building_tests': False, 'cmake_args': None, 'cmake_clean_cache': False, 'cmake_clean_first': False, 'cmake_force_configure': False, 'cmake_target': None, 'cmake_target_skip_unavailable': False, 'install_base': '/home/charan-kasturi/turtlesim_project/install/controller', 'merge_install': False, 'path': '/home/charan-kasturi/turtlesim_project/src/controller', 'symlink_install': False, 'test_result_base': None}
[0.211s] Level 5:colcon.colcon_core.verb:set package 'custom_interfaces' build argument 'cmake_args' from command line to 'None'
[0.211s] Level 5:colcon.colcon_core.verb:set package 'custom_interfaces' build argument 'cmake_target' from command line to 'None'
[0.211s] Level 5:colcon.colcon_core.verb:set package 'custom_interfaces' build argument 'cmake_target_skip_unavailable' from command line to 'False'
[0.211s] Level 5:colcon.colcon_core.verb:set package 'custom_interfaces' build argument 'cmake_clean_cache' from command line to 'False'
[0.211s] Level 5:colcon.colcon_core.verb:set package 'custom_interfaces' build argument 'cmake_clean_first' from command line to 'False'
[0.211s] Level 5:colcon.colcon_core.verb:set package 'custom_interfaces' build argument 'cmake_force_configure' from command line to 'False'
[0.211s] Level 5:colcon.colcon_core.verb:set package 'custom_interfaces' build argument 'ament_cmake_args' from command line to 'None'
[0.211s] Level 5:colcon.colcon_core.verb:set package 'custom_interfaces' build argument 'catkin_cmake_args' from command line to 'None'
[0.211s] Level 5:colcon.colcon_core.verb:set package 'custom_interfaces' build argument 'catkin_skip_building_tests' from command line to 'False'
[0.211s] DEBUG:colcon.colcon_core.verb:Building package 'custom_interfaces' with the following arguments: {'ament_cmake_args': None, 'build_base': '/home/charan-kasturi/turtlesim_project/build/custom_interfaces', 'catkin_cmake_args': None, 'catkin_skip_building_tests': False, 'cmake_args': None, 'cmake_clean_cache': False, 'cmake_clean_first': False, 'cmake_force_configure': False, 'cmake_target': None, 'cmake_target_skip_unavailable': False, 'install_base': '/home/charan-kasturi/turtlesim_project/install/custom_interfaces', 'merge_install': False, 'path': '/home/charan-kasturi/turtlesim_project/src/custom_interfaces', 'symlink_install': False, 'test_result_base': None}
[0.211s] Level 5:colcon.colcon_core.verb:set package 'spawner' build argument 'cmake_args' from command line to 'None'
[0.211s] Level 5:colcon.colcon_core.verb:set package 'spawner' build argument 'cmake_target' from command line to 'None'
[0.211s] Level 5:colcon.colcon_core.verb:set package 'spawner' build argument 'cmake_target_skip_unavailable' from command line to 'False'
[0.211s] Level 5:colcon.colcon_core.verb:set package 'spawner' build argument 'cmake_clean_cache' from command line to 'False'
[0.211s] Level 5:colcon.colcon_core.verb:set package 'spawner' build argument 'cmake_clean_first' from command line to 'False'
[0.211s] Level 5:colcon.colcon_core.verb:set package 'spawner' build argument 'cmake_force_configure' from command line to 'False'
[0.211s] Level 5:colcon.colcon_core.verb:set package 'spawner' build argument 'ament_cmake_args' from command line to 'None'
[0.212s] Level 5:colcon.colcon_core.verb:set package 'spawner' build argument 'catkin_cmake_args' from command line to 'None'
[0.212s] Level 5:colcon.colcon_core.verb:set package 'spawner' build argument 'catkin_skip_building_tests' from command line to 'False'
[0.212s] DEBUG:colcon.colcon_core.verb:Building package 'spawner' with the following arguments: {'ament_cmake_args': None, 'build_base': '/home/charan-kasturi/turtlesim_project/build/spawner', 'catkin_cmake_args': None, 'catkin_skip_building_tests': False, 'cmake_args': None, 'cmake_clean_cache': False, 'cmake_clean_first': False, 'cmake_force_configure': False, 'cmake_target': None, 'cmake_target_skip_unavailable': False, 'install_base': '/home/charan-kasturi/turtlesim_project/install/spawner', 'merge_install': False, 'path': '/home/charan-kasturi/turtlesim_project/src/spawner', 'symlink_install': False, 'test_result_base': None}
[0.212s] INFO:colcon.colcon_core.executor:Executing jobs using 'parallel' executor
[0.212s] DEBUG:colcon.colcon_parallel_executor.executor.parallel:run_until_complete
[0.213s] INFO:colcon.colcon_ros.task.ament_python.build:Building ROS package in '/home/charan-kasturi/turtlesim_project/src/controller' with build type 'ament_python'
[0.213s] Level 1:colcon.colcon_core.shell:create_environment_hook('controller', 'ament_prefix_path')
[0.214s] INFO:colcon.colcon_core.plugin_system:Skipping extension 'colcon_core.shell.bat': Not used on non-Windows systems
[0.214s] INFO:colcon.colcon_core.shell:Creating environment hook '/home/charan-kasturi/turtlesim_project/install/controller/share/controller/hook/ament_prefix_path.ps1'
[0.215s] INFO:colcon.colcon_core.shell:Creating environment descriptor '/home/charan-kasturi/turtlesim_project/install/controller/share/controller/hook/ament_prefix_path.dsv'
[0.215s] INFO:colcon.colcon_core.shell:Creating environment hook '/home/charan-kasturi/turtlesim_project/install/controller/share/controller/hook/ament_prefix_path.sh'
[0.216s] INFO:colcon.colcon_core.shell:Skip shell extension 'powershell' for command environment: Not usable outside of PowerShell
[0.216s] DEBUG:colcon.colcon_core.shell:Skip shell extension 'dsv' for command environment
[0.219s] INFO:colcon.colcon_ros.task.ament_cmake.build:Building ROS package in '/home/charan-kasturi/turtlesim_project/src/custom_interfaces' with build type 'ament_cmake'
[0.219s] INFO:colcon.colcon_cmake.task.cmake.build:Building CMake package in '/home/charan-kasturi/turtlesim_project/src/custom_interfaces'
[0.219s] INFO:colcon.colcon_core.shell:Skip shell extension 'powershell' for command environment: Not usable outside of PowerShell
[0.219s] DEBUG:colcon.colcon_core.shell:Skip shell extension 'dsv' for command environment
[0.222s] INFO:colcon.colcon_ros.task.ament_python.build:Building ROS package in '/home/charan-kasturi/turtlesim_project/src/spawner' with build type 'ament_python'
[0.222s] Level 1:colcon.colcon_core.shell:create_environment_hook('spawner', 'ament_prefix_path')
[0.222s] INFO:colcon.colcon_core.shell:Creating environment hook '/home/charan-kasturi/turtlesim_project/install/spawner/share/spawner/hook/ament_prefix_path.ps1'
[0.222s] INFO:colcon.colcon_core.shell:Creating environment descriptor '/home/charan-kasturi/turtlesim_project/install/spawner/share/spawner/hook/ament_prefix_path.dsv'
[0.223s] INFO:colcon.colcon_core.shell:Creating environment hook '/home/charan-kasturi/turtlesim_project/install/spawner/share/spawner/hook/ament_prefix_path.sh'
[0.223s] INFO:colcon.colcon_core.shell:Skip shell extension 'powershell' for command environment: Not usable outside of PowerShell
[0.223s] DEBUG:colcon.colcon_core.shell:Skip shell extension 'dsv' for command environment
[0.400s] INFO:colcon.colcon_core.task.python.build:Building Python package in '/home/charan-kasturi/turtlesim_project/src/controller'
[0.400s] INFO:colcon.colcon_core.shell:Skip shell extension 'powershell' for command environment: Not usable outside of PowerShell
[0.400s] DEBUG:colcon.colcon_core.shell:Skip shell extension 'dsv' for command environment
[0.407s] DEBUG:colcon.colcon_core.event_handler.log_command:Invoking command in '/home/charan-kasturi/turtlesim_project/build/custom_interfaces': CMAKE_PREFIX_PATH=${CMAKE_PREFIX_PATH}:/home/charan-kasturi/turtlesim_project/install/spawner:/home/charan-kasturi/turtlesim_project/install/controller:/home/charan-kasturi/sub_and_pub/install/subscriber:/home/charan-kasturi/sub_and_pub/install/publisher:/home/charan-kasturi/custom_msg/install/led:/home/charan-kasturi/custom_msg/install/custom:/home/charan-kasturi/custom_msg/install/battery:/home/charan-kasturi/client_and_server/install/server:/home/charan-kasturi/client_and_server/install/client:/home/charan-kasturi/install/subscriber:/home/charan-kasturi/install/server:/home/charan-kasturi/install/py_pkg:/home/charan-kasturi/install/publisher:/home/charan-kasturi/install/client:/home/charan-kasturi/ros2_ws/install/py_pkg:/opt/ros/humble /usr/bin/cmake /home/charan-kasturi/turtlesim_project/src/custom_interfaces -DCMAKE_INSTALL_PREFIX=/home/charan-kasturi/turtlesim_project/install/custom_interfaces
[0.551s] INFO:colcon.colcon_core.task.python.build:Building Python package in '/home/charan-kasturi/turtlesim_project/src/spawner'
[0.552s] INFO:colcon.colcon_core.shell:Skip shell extension 'powershell' for command environment: Not usable outside of PowerShell
[0.552s] DEBUG:colcon.colcon_core.shell:Skip shell extension 'dsv' for command environment
[0.558s] DEBUG:colcon.colcon_core.event_handler.log_command:Invoked command in '/home/charan-kasturi/turtlesim_project/build/custom_interfaces' returned '1': CMAKE_PREFIX_PATH=${CMAKE_PREFIX_PATH}:/home/charan-kasturi/turtlesim_project/install/spawner:/home/charan-kasturi/turtlesim_project/install/controller:/home/charan-kasturi/sub_and_pub/install/subscriber:/home/charan-kasturi/sub_and_pub/install/publisher:/home/charan-kasturi/custom_msg/install/led:/home/charan-kasturi/custom_msg/install/custom:/home/charan-kasturi/custom_msg/install/battery:/home/charan-kasturi/client_and_server/install/server:/home/charan-kasturi/client_and_server/install/client:/home/charan-kasturi/install/subscriber:/home/charan-kasturi/install/server:/home/charan-kasturi/install/py_pkg:/home/charan-kasturi/install/publisher:/home/charan-kasturi/install/client:/home/charan-kasturi/ros2_ws/install/py_pkg:/opt/ros/humble /usr/bin/cmake /home/charan-kasturi/turtlesim_project/src/custom_interfaces -DCMAKE_INSTALL_PREFIX=/home/charan-kasturi/turtlesim_project/install/custom_interfaces
[0.562s] Level 1:colcon.colcon_core.environment:create_environment_scripts_only(custom_interfaces)
[0.565s] Level 1:colcon.colcon_core.environment:checking '/home/charan-kasturi/turtlesim_project/install/custom_interfaces' for CMake module files
[0.565s] Level 1:colcon.colcon_core.environment:checking '/home/charan-kasturi/turtlesim_project/install/custom_interfaces' for CMake config files
[0.566s] Level 1:colcon.colcon_core.environment:checking '/home/charan-kasturi/turtlesim_project/install/custom_interfaces/bin'
[0.566s] Level 1:colcon.colcon_core.environment:checking '/home/charan-kasturi/turtlesim_project/install/custom_interfaces/lib/pkgconfig/custom_interfaces.pc'
[0.566s] Level 1:colcon.colcon_core.environment:checking '/home/charan-kasturi/turtlesim_project/install/custom_interfaces/lib/python3.10/site-packages'
[0.566s] Level 1:colcon.colcon_core.environment:checking '/home/charan-kasturi/turtlesim_project/install/custom_interfaces/bin'
[0.566s] INFO:colcon.colcon_core.shell:Creating package script '/home/charan-kasturi/turtlesim_project/install/custom_interfaces/share/custom_interfaces/package.ps1'
[0.567s] INFO:colcon.colcon_core.shell:Creating package descriptor '/home/charan-kasturi/turtlesim_project/install/custom_interfaces/share/custom_interfaces/package.dsv'
[0.568s] INFO:colcon.colcon_core.shell:Creating package script '/home/charan-kasturi/turtlesim_project/install/custom_interfaces/share/custom_interfaces/package.sh'
[0.568s] INFO:colcon.colcon_core.shell:Creating package script '/home/charan-kasturi/turtlesim_project/install/custom_interfaces/share/custom_interfaces/package.bash'
[0.569s] INFO:colcon.colcon_core.shell:Creating package script '/home/charan-kasturi/turtlesim_project/install/custom_interfaces/share/custom_interfaces/package.zsh'
[0.570s] Level 1:colcon.colcon_core.environment:create_file_with_runtime_dependencies(/home/charan-kasturi/turtlesim_project/install/custom_interfaces/share/colcon-core/packages/custom_interfaces)
[0.786s] DEBUG:colcon.colcon_parallel_executor.executor.parallel:closing loop
[0.786s] DEBUG:colcon.colcon_parallel_executor.executor.parallel:loop closed
[0.786s] DEBUG:colcon.colcon_parallel_executor.executor.parallel:run_until_complete finished with '1'
[0.786s] DEBUG:colcon.colcon_core.event_reactor:joining thread
[0.792s] INFO:colcon.colcon_core.plugin_system:Skipping extension 'colcon_notification.desktop_notification.terminal_notifier': Not used on non-Darwin systems
[0.792s] INFO:colcon.colcon_core.plugin_system:Skipping extension 'colcon_notification.desktop_notification.win32': Not used on non-Windows systems
[0.792s] INFO:colcon.colcon_notification.desktop_notification:Sending desktop notification using 'notify2'
[0.802s] DEBUG:colcon.colcon_core.event_reactor:joined thread
[0.802s] INFO:colcon.colcon_core.shell:Creating prefix script '/home/charan-kasturi/turtlesim_project/install/local_setup.ps1'
[0.803s] INFO:colcon.colcon_core.shell:Creating prefix util module '/home/charan-kasturi/turtlesim_project/install/_local_setup_util_ps1.py'
[0.804s] INFO:colcon.colcon_core.shell:Creating prefix chain script '/home/charan-kasturi/turtlesim_project/install/setup.ps1'
[0.804s] INFO:colcon.colcon_core.shell:Creating prefix script '/home/charan-kasturi/turtlesim_project/install/local_setup.sh'
[0.805s] INFO:colcon.colcon_core.shell:Creating prefix util module '/home/charan-kasturi/turtlesim_project/install/_local_setup_util_sh.py'
[0.805s] INFO:colcon.colcon_core.shell:Creating prefix chain script '/home/charan-kasturi/turtlesim_project/install/setup.sh'
[0.806s] INFO:colcon.colcon_core.shell:Creating prefix script '/home/charan-kasturi/turtlesim_project/install/local_setup.bash'
[0.806s] INFO:colcon.colcon_core.shell:Creating prefix chain script '/home/charan-kasturi/turtlesim_project/install/setup.bash'
[0.807s] INFO:colcon.colcon_core.shell:Creating prefix script '/home/charan-kasturi/turtlesim_project/install/local_setup.zsh'
[0.807s] INFO:colcon.colcon_core.shell:Creating prefix chain script '/home/charan-kasturi/turtlesim_project/install/setup.zsh'
