[0.010s] Invoking command in '/home/charan-kasturi/turtlesim_project/build/custom_interfaces': CMAKE_PREFIX_PATH=${CMAKE_PREFIX_PATH}:/home/charan-kasturi/turtlesim_project/install/spawner:/home/charan-kasturi/turtlesim_project/install/controller:/home/charan-kasturi/sub_and_pub/install/subscriber:/home/charan-kasturi/sub_and_pub/install/publisher:/home/charan-kasturi/custom_msg/install/led:/home/charan-kasturi/custom_msg/install/custom:/home/charan-kasturi/custom_msg/install/battery:/home/charan-kasturi/client_and_server/install/server:/home/charan-kasturi/client_and_server/install/client:/home/charan-kasturi/install/subscriber:/home/charan-kasturi/install/server:/home/charan-kasturi/install/py_pkg:/home/charan-kasturi/install/publisher:/home/charan-kasturi/install/client:/home/charan-kasturi/ros2_ws/install/py_pkg:/opt/ros/humble /usr/bin/cmake /home/charan-kasturi/turtlesim_project/src/custom_interfaces -DCMAKE_INSTALL_PREFIX=/home/charan-kasturi/turtlesim_project/install/custom_interfaces
[0.098s] -- The C compiler identification is GNU 11.4.0
[0.163s] -- The CXX compiler identification is GNU 11.4.0
[0.172s] -- Detecting C compiler ABI info
[0.225s] -- Detecting C compiler ABI info - done
[0.232s] -- Check for working C compiler: /usr/bin/cc - skipped
[0.233s] -- Detecting C compile features
[0.234s] -- Detecting C compile features - done
[0.237s] -- Detecting CXX compiler ABI info
[0.300s] -- Detecting CXX compiler ABI info - done
[0.306s] -- Check for working CXX compiler: /usr/bin/c++ - skipped
[0.306s] -- Detecting CXX compile features
[0.306s] -- Detecting CXX compile features - done
[0.311s] -- Found ament_cmake: 1.3.10 (/opt/ros/humble/share/ament_cmake/cmake)
[0.444s] -- Found Python3: /usr/bin/python3 (found version "3.10.12") found components: Interpreter 
[0.528s] -- Found rosidl_default_generators: 1.2.0 (/opt/ros/humble/share/rosidl_default_generators/cmake)
[0.533s] -- Using all available rosidl_typesupport_c: rosidl_typesupport_fastrtps_c;rosidl_typesupport_introspection_c
[0.538s] -- Found rosidl_adapter: 3.1.5 (/opt/ros/humble/share/rosidl_adapter/cmake)
[0.571s] -- Using all available rosidl_typesupport_cpp: rosidl_typesupport_fastrtps_cpp;rosidl_typesupport_introspection_cpp
[0.768s] -- Found ament_cmake_ros: 0.10.0 (/opt/ros/humble/share/ament_cmake_ros/cmake)
[0.902s] -- Using all available rosidl_typesupport_c: rosidl_typesupport_fastrtps_c;rosidl_typesupport_introspection_c
[1.070s] -- Using all available rosidl_typesupport_cpp: rosidl_typesupport_fastrtps_cpp;rosidl_typesupport_introspection_cpp
[1.088s] -- Found PythonInterp: /usr/bin/python3 (found suitable version "3.10.12", minimum required is "3.6") 
[1.091s] -- Found python_cmake_module: 0.10.0 (/opt/ros/humble/share/python_cmake_module/cmake)
[1.111s] -- Found PythonLibs: /usr/lib/x86_64-linux-gnu/libpython3.10.so (found suitable version "3.10.12", minimum required is "3.5") 
[1.111s] -- Using PYTHON_EXECUTABLE: /usr/bin/python3
[1.111s] -- Using PYTHON_INCLUDE_DIRS: /usr/include/python3.10
[1.111s] -- Using PYTHON_LIBRARIES: /usr/lib/x86_64-linux-gnu/libpython3.10.so
[1.130s] -- Found PythonExtra: .so  
[1.160s] -- Configuring done
[1.174s] -- Generating done
[1.180s] -- Build files have been written to: /home/charan-kasturi/turtlesim_project/build/custom_interfaces
[1.186s] Invoked command in '/home/charan-kasturi/turtlesim_project/build/custom_interfaces' returned '0': CMAKE_PREFIX_PATH=${CMAKE_PREFIX_PATH}:/home/charan-kasturi/turtlesim_project/install/spawner:/home/charan-kasturi/turtlesim_project/install/controller:/home/charan-kasturi/sub_and_pub/install/subscriber:/home/charan-kasturi/sub_and_pub/install/publisher:/home/charan-kasturi/custom_msg/install/led:/home/charan-kasturi/custom_msg/install/custom:/home/charan-kasturi/custom_msg/install/battery:/home/charan-kasturi/client_and_server/install/server:/home/charan-kasturi/client_and_server/install/client:/home/charan-kasturi/install/subscriber:/home/charan-kasturi/install/server:/home/charan-kasturi/install/py_pkg:/home/charan-kasturi/install/publisher:/home/charan-kasturi/install/client:/home/charan-kasturi/ros2_ws/install/py_pkg:/opt/ros/humble /usr/bin/cmake /home/charan-kasturi/turtlesim_project/src/custom_interfaces -DCMAKE_INSTALL_PREFIX=/home/charan-kasturi/turtlesim_project/install/custom_interfaces
[1.186s] Invoking command in '/home/charan-kasturi/turtlesim_project/build/custom_interfaces': CMAKE_PREFIX_PATH=${CMAKE_PREFIX_PATH}:/home/charan-kasturi/turtlesim_project/install/spawner:/home/charan-kasturi/turtlesim_project/install/controller:/home/charan-kasturi/sub_and_pub/install/subscriber:/home/charan-kasturi/sub_and_pub/install/publisher:/home/charan-kasturi/custom_msg/install/led:/home/charan-kasturi/custom_msg/install/custom:/home/charan-kasturi/custom_msg/install/battery:/home/charan-kasturi/client_and_server/install/server:/home/charan-kasturi/client_and_server/install/client:/home/charan-kasturi/install/subscriber:/home/charan-kasturi/install/server:/home/charan-kasturi/install/py_pkg:/home/charan-kasturi/install/publisher:/home/charan-kasturi/install/client:/home/charan-kasturi/ros2_ws/install/py_pkg:/opt/ros/humble /usr/bin/cmake --build /home/charan-kasturi/turtlesim_project/build/custom_interfaces -- -j20 -l20
[1.210s] [  2%] [34m[1mGenerating C code for ROS interfaces[0m
[1.215s] [  5%] [34m[1mGenerating C++ code for ROS interfaces[0m
[1.226s] [  5%] Built target ament_cmake_python_copy_custom_interfaces
[1.454s] running egg_info
[1.454s] creating custom_interfaces.egg-info
[1.455s] writing custom_interfaces.egg-info/PKG-INFO
[1.455s] writing dependency_links to custom_interfaces.egg-info/dependency_links.txt
[1.455s] writing top-level names to custom_interfaces.egg-info/top_level.txt
[1.455s] writing manifest file 'custom_interfaces.egg-info/SOURCES.txt'
[1.457s] reading manifest file 'custom_interfaces.egg-info/SOURCES.txt'
[1.457s] writing manifest file 'custom_interfaces.egg-info/SOURCES.txt'
[1.475s] [  5%] Built target custom_interfaces__cpp
[1.480s] [  5%] Built target ament_cmake_python_build_custom_interfaces_egg
[1.483s] [  7%] [34m[1mGenerating C++ type support dispatch for ROS interfaces[0m
[1.484s] [ 10%] [34m[1mGenerating C++ introspection for ROS interfaces[0m
[1.485s] [ 12%] [34m[1mGenerating C++ type support for eProsima Fast-RTPS[0m
[1.490s] [ 15%] [32mBuilding C object CMakeFiles/custom_interfaces__rosidl_generator_c.dir/rosidl_generator_c/custom_interfaces/msg/detail/pose_list__functions.c.o[0m
[1.490s] [ 17%] [32mBuilding C object CMakeFiles/custom_interfaces__rosidl_generator_c.dir/rosidl_generator_c/custom_interfaces/msg/detail/new_turtle_pose__functions.c.o[0m
[1.507s] In file included from [01m[K/home/charan-kasturi/turtlesim_project/build/custom_interfaces/rosidl_generator_c/custom_interfaces/msg/detail/pose_list__functions.h:19[m[K,
[1.508s]                  from [01m[K/home/charan-kasturi/turtlesim_project/build/custom_interfaces/rosidl_generator_c/custom_interfaces/msg/detail/pose_list__functions.c:4[m[K:
[1.508s] [01m[K/home/charan-kasturi/turtlesim_project/build/custom_interfaces/rosidl_generator_c/custom_interfaces/msg/detail/pose_list__struct.h:22:10:[m[K [01;31m[Kfatal error: [m[Kcustom_interfaces/msg/detail/string_float_tuple__struct.h: No such file or directory
[1.508s]    22 | #include [01;31m[K"custom_interfaces/msg/detail/string_float_tuple__struct.h"[m[K
[1.508s]       |          [01;31m[K^~~~~~~~~~~~~~~~~~~~~~~~~~~~~~~~~~~~~~~~~~~~~~~~~~~~~~~~~~~[m[K
[1.508s] compilation terminated.
[1.508s] gmake[2]: *** [CMakeFiles/custom_interfaces__rosidl_generator_c.dir/build.make:135: CMakeFiles/custom_interfaces__rosidl_generator_c.dir/rosidl_generator_c/custom_interfaces/msg/detail/pose_list__functions.c.o] Error 1
[1.508s] gmake[2]: *** Waiting for unfinished jobs....
[1.536s] gmake[1]: *** [CMakeFiles/Makefile2:213: CMakeFiles/custom_interfaces__rosidl_generator_c.dir/all] Error 2
[1.536s] gmake[1]: *** Waiting for unfinished jobs....
[1.683s] [ 20%] [32mBuilding CXX object CMakeFiles/custom_interfaces__rosidl_typesupport_cpp.dir/rosidl_typesupport_cpp/custom_interfaces/msg/pose_list__type_support.cpp.o[0m
[1.683s] [ 23%] [32mBuilding CXX object CMakeFiles/custom_interfaces__rosidl_typesupport_cpp.dir/rosidl_typesupport_cpp/custom_interfaces/msg/new_turtle_pose__type_support.cpp.o[0m
[1.697s] [ 25%] [32mBuilding CXX object CMakeFiles/custom_interfaces__rosidl_typesupport_introspection_cpp.dir/rosidl_typesupport_introspection_cpp/custom_interfaces/msg/detail/new_turtle_pose__type_support.cpp.o[0m
[1.698s] [ 28%] [32mBuilding CXX object CMakeFiles/custom_interfaces__rosidl_typesupport_introspection_cpp.dir/rosidl_typesupport_introspection_cpp/custom_interfaces/msg/detail/pose_list__type_support.cpp.o[0m
[1.702s] [ 33%] [32mBuilding CXX object CMakeFiles/custom_interfaces__rosidl_typesupport_fastrtps_cpp.dir/rosidl_typesupport_fastrtps_cpp/custom_interfaces/msg/detail/dds_fastrtps/new_turtle_pose__type_support.cpp.o[0m
[1.702s] [ 33%] [32mBuilding CXX object CMakeFiles/custom_interfaces__rosidl_typesupport_fastrtps_cpp.dir/rosidl_typesupport_fastrtps_cpp/custom_interfaces/msg/detail/dds_fastrtps/pose_list__type_support.cpp.o[0m
[1.734s] In file included from [01m[K/home/charan-kasturi/turtlesim_project/build/custom_interfaces/rosidl_typesupport_cpp/custom_interfaces/msg/pose_list__type_support.cpp:7[m[K:
[1.734s] [01m[K/home/charan-kasturi/turtlesim_project/build/custom_interfaces/rosidl_generator_cpp/custom_interfaces/msg/detail/pose_list__struct.hpp:20:10:[m[K [01;31m[Kfatal error: [m[Kcustom_interfaces/msg/detail/string_float_tuple__struct.hpp: No such file or directory
[1.734s]    20 | #include [01;31m[K"custom_interfaces/msg/detail/string_float_tuple__struct.hpp"[m[K
[1.735s]       |          [01;31m[K^~~~~~~~~~~~~~~~~~~~~~~~~~~~~~~~~~~~~~~~~~~~~~~~~~~~~~~~~~~~~[m[K
[1.735s] compilation terminated.
[1.735s] gmake[2]: *** [CMakeFiles/custom_interfaces__rosidl_typesupport_cpp.dir/build.make:104: CMakeFiles/custom_interfaces__rosidl_typesupport_cpp.dir/rosidl_typesupport_cpp/custom_interfaces/msg/pose_list__type_support.cpp.o] Error 1
[1.735s] gmake[2]: *** Waiting for unfinished jobs....
[1.739s] In file included from [01m[K/home/charan-kasturi/turtlesim_project/build/custom_interfaces/rosidl_typesupport_fastrtps_cpp/custom_interfaces/msg/detail/pose_list__rosidl_typesupport_fastrtps_cpp.hpp:11[m[K,
[1.739s]                  from [01m[K/home/charan-kasturi/turtlesim_project/build/custom_interfaces/rosidl_typesupport_fastrtps_cpp/custom_interfaces/msg/detail/dds_fastrtps/pose_list__type_support.cpp:4[m[K:
[1.739s] [01m[K/home/charan-kasturi/turtlesim_project/build/custom_interfaces/rosidl_generator_cpp/custom_interfaces/msg/detail/pose_list__struct.hpp:20:10:[m[K [01;31m[Kfatal error: [m[Kcustom_interfaces/msg/detail/string_float_tuple__struct.hpp: No such file or directory
[1.739s]    20 | #include [01;31m[K"custom_interfaces/msg/detail/string_float_tuple__struct.hpp"[m[K
[1.739s]       |          [01;31m[K^~~~~~~~~~~~~~~~~~~~~~~~~~~~~~~~~~~~~~~~~~~~~~~~~~~~~~~~~~~~~[m[K
[1.739s] compilation terminated.
[1.740s] gmake[2]: *** [CMakeFiles/custom_interfaces__rosidl_typesupport_fastrtps_cpp.dir/build.make:112: CMakeFiles/custom_interfaces__rosidl_typesupport_fastrtps_cpp.dir/rosidl_typesupport_fastrtps_cpp/custom_interfaces/msg/detail/dds_fastrtps/pose_list__type_support.cpp.o] Error 1
[1.740s] gmake[2]: *** Waiting for unfinished jobs....
[1.748s] In file included from [01m[K/home/charan-kasturi/turtlesim_project/build/custom_interfaces/rosidl_typesupport_introspection_cpp/custom_interfaces/msg/detail/pose_list__type_support.cpp:12[m[K:
[1.748s] [01m[K/home/charan-kasturi/turtlesim_project/build/custom_interfaces/rosidl_generator_cpp/custom_interfaces/msg/detail/pose_list__struct.hpp:20:10:[m[K [01;31m[Kfatal error: [m[Kcustom_interfaces/msg/detail/string_float_tuple__struct.hpp: No such file or directory
[1.748s]    20 | #include [01;31m[K"custom_interfaces/msg/detail/string_float_tuple__struct.hpp"[m[K
[1.748s]       |          [01;31m[K^~~~~~~~~~~~~~~~~~~~~~~~~~~~~~~~~~~~~~~~~~~~~~~~~~~~~~~~~~~~~[m[K
[1.748s] compilation terminated.
[1.749s] gmake[2]: *** [CMakeFiles/custom_interfaces__rosidl_typesupport_introspection_cpp.dir/build.make:112: CMakeFiles/custom_interfaces__rosidl_typesupport_introspection_cpp.dir/rosidl_typesupport_introspection_cpp/custom_interfaces/msg/detail/pose_list__type_support.cpp.o] Error 1
[1.749s] gmake[2]: *** Waiting for unfinished jobs....
[1.870s] gmake[1]: *** [CMakeFiles/Makefile2:395: CMakeFiles/custom_interfaces__rosidl_typesupport_cpp.dir/all] Error 2
[1.944s] gmake[1]: *** [CMakeFiles/Makefile2:369: CMakeFiles/custom_interfaces__rosidl_typesupport_introspection_cpp.dir/all] Error 2
[1.951s] gmake[1]: *** [CMakeFiles/Makefile2:343: CMakeFiles/custom_interfaces__rosidl_typesupport_fastrtps_cpp.dir/all] Error 2
[1.951s] gmake: *** [Makefile:146: all] Error 2
[1.952s] Invoked command in '/home/charan-kasturi/turtlesim_project/build/custom_interfaces' returned '2': CMAKE_PREFIX_PATH=${CMAKE_PREFIX_PATH}:/home/charan-kasturi/turtlesim_project/install/spawner:/home/charan-kasturi/turtlesim_project/install/controller:/home/charan-kasturi/sub_and_pub/install/subscriber:/home/charan-kasturi/sub_and_pub/install/publisher:/home/charan-kasturi/custom_msg/install/led:/home/charan-kasturi/custom_msg/install/custom:/home/charan-kasturi/custom_msg/install/battery:/home/charan-kasturi/client_and_server/install/server:/home/charan-kasturi/client_and_server/install/client:/home/charan-kasturi/install/subscriber:/home/charan-kasturi/install/server:/home/charan-kasturi/install/py_pkg:/home/charan-kasturi/install/publisher:/home/charan-kasturi/install/client:/home/charan-kasturi/ros2_ws/install/py_pkg:/opt/ros/humble /usr/bin/cmake --build /home/charan-kasturi/turtlesim_project/build/custom_interfaces -- -j20 -l20
